INFO - 2020-11-03 12:28:33 --> Config Class Initialized
INFO - 2020-11-03 12:28:33 --> Hooks Class Initialized
INFO - 2020-11-03 12:28:33 --> Utf8 Class Initialized
INFO - 2020-11-03 12:28:33 --> URI Class Initialized
INFO - 2020-11-03 12:28:33 --> Router Class Initialized
INFO - 2020-11-03 12:28:33 --> Output Class Initialized
INFO - 2020-11-03 12:28:33 --> Security Class Initialized
INFO - 2020-11-03 12:28:33 --> Input Class Initialized
INFO - 2020-11-03 12:28:33 --> Language Class Initialized
INFO - 2020-11-03 12:28:33 --> Loader Class Initialized
INFO - 2020-11-03 12:28:33 --> Helper loaded: url_helper
INFO - 2020-11-03 12:28:33 --> Helper loaded: file_helper
INFO - 2020-11-03 12:28:33 --> Helper loaded: security_helper
INFO - 2020-11-03 12:28:33 --> Helper loaded: login_helper
INFO - 2020-11-03 12:28:33 --> Database Driver Class Initialized
INFO - 2020-11-03 12:28:33 --> Email Class Initialized
INFO - 2020-11-03 12:28:33 --> Session: Class initialized using 'files' driver.
INFO - 2020-11-03 12:28:33 --> Helper loaded: form_helper
INFO - 2020-11-03 12:28:33 --> Form Validation Class Initialized
INFO - 2020-11-03 12:28:33 --> Controller Class Initialized
INFO - 2020-11-03 12:28:33 --> Model "Alamat_model" initialized
INFO - 2020-11-03 12:28:33 --> Model "Menu_model" initialized
INFO - 2020-11-03 12:28:33 --> File loaded: C:\xampp\htdocs\sistem_login\application\views\templates/header.php
INFO - 2020-11-03 12:28:33 --> File loaded: C:\xampp\htdocs\sistem_login\application\views\templates/topbar.php
INFO - 2020-11-03 12:28:33 --> File loaded: C:\xampp\htdocs\sistem_login\application\views\user/resume.php
INFO - 2020-11-03 12:28:33 --> File loaded: C:\xampp\htdocs\sistem_login\application\views\templates/footer.php
INFO - 2020-11-03 12:28:33 --> Final output sent to browser
INFO - 2020-11-03 12:28:34 --> Config Class Initialized
INFO - 2020-11-03 12:28:34 --> Hooks Class Initialized
INFO - 2020-11-03 12:28:34 --> Utf8 Class Initialized
INFO - 2020-11-03 12:28:34 --> URI Class Initialized
INFO - 2020-11-03 12:28:34 --> Router Class Initialized
INFO - 2020-11-03 12:28:34 --> Output Class Initialized
INFO - 2020-11-03 12:28:34 --> Security Class Initialized
INFO - 2020-11-03 12:28:34 --> Input Class Initialized
INFO - 2020-11-03 12:28:35 --> Language Class Initialized
ERROR - 2020-11-03 12:28:35 --> 404 Page Not Found: Assets/free
INFO - 2020-11-03 12:28:36 --> Config Class Initialized
INFO - 2020-11-03 12:28:36 --> Config Class Initialized
INFO - 2020-11-03 12:28:36 --> Hooks Class Initialized
INFO - 2020-11-03 12:28:36 --> Hooks Class Initialized
INFO - 2020-11-03 12:28:36 --> Utf8 Class Initialized
INFO - 2020-11-03 12:28:36 --> URI Class Initialized
INFO - 2020-11-03 12:28:36 --> Router Class Initialized
INFO - 2020-11-03 12:28:36 --> Config Class Initialized
INFO - 2020-11-03 12:28:36 --> Utf8 Class Initialized
INFO - 2020-11-03 12:28:36 --> Output Class Initialized
INFO - 2020-11-03 12:28:36 --> Hooks Class Initialized
INFO - 2020-11-03 12:28:36 --> URI Class Initialized
INFO - 2020-11-03 12:28:36 --> Security Class Initialized
INFO - 2020-11-03 12:28:36 --> Router Class Initialized
INFO - 2020-11-03 12:28:36 --> Utf8 Class Initialized
INFO - 2020-11-03 12:28:36 --> Output Class Initialized
INFO - 2020-11-03 12:28:36 --> Input Class Initialized
INFO - 2020-11-03 12:28:36 --> Security Class Initialized
INFO - 2020-11-03 12:28:36 --> URI Class Initialized
INFO - 2020-11-03 12:28:36 --> Language Class Initialized
INFO - 2020-11-03 12:28:36 --> Router Class Initialized
INFO - 2020-11-03 12:28:36 --> Input Class Initialized
ERROR - 2020-11-03 12:28:36 --> 404 Page Not Found: Assets/free
INFO - 2020-11-03 12:28:36 --> Language Class Initialized
INFO - 2020-11-03 12:28:36 --> Output Class Initialized
ERROR - 2020-11-03 12:28:37 --> 404 Page Not Found: Assets/free
INFO - 2020-11-03 12:28:37 --> Security Class Initialized
INFO - 2020-11-03 12:28:37 --> Input Class Initialized
INFO - 2020-11-03 12:28:37 --> Language Class Initialized
ERROR - 2020-11-03 12:28:37 --> 404 Page Not Found: Assets/free
INFO - 2020-11-03 12:29:32 --> Config Class Initialized
INFO - 2020-11-03 12:29:32 --> Hooks Class Initialized
INFO - 2020-11-03 12:29:32 --> Utf8 Class Initialized
INFO - 2020-11-03 12:29:32 --> URI Class Initialized
INFO - 2020-11-03 12:29:32 --> Router Class Initialized
INFO - 2020-11-03 12:29:32 --> Output Class Initialized
INFO - 2020-11-03 12:29:32 --> Security Class Initialized
INFO - 2020-11-03 12:29:32 --> Input Class Initialized
INFO - 2020-11-03 12:29:32 --> Language Class Initialized
INFO - 2020-11-03 12:29:32 --> Loader Class Initialized
INFO - 2020-11-03 12:29:32 --> Helper loaded: url_helper
INFO - 2020-11-03 12:29:32 --> Helper loaded: file_helper
INFO - 2020-11-03 12:29:32 --> Helper loaded: security_helper
INFO - 2020-11-03 12:29:32 --> Helper loaded: login_helper
INFO - 2020-11-03 12:29:32 --> Database Driver Class Initialized
INFO - 2020-11-03 12:29:32 --> Email Class Initialized
INFO - 2020-11-03 12:29:32 --> Session: Class initialized using 'files' driver.
INFO - 2020-11-03 12:29:32 --> Helper loaded: form_helper
INFO - 2020-11-03 12:29:32 --> Form Validation Class Initialized
INFO - 2020-11-03 12:29:32 --> Controller Class Initialized
INFO - 2020-11-03 12:29:32 --> Model "Alamat_model" initialized
INFO - 2020-11-03 12:29:32 --> Model "Menu_model" initialized
ERROR - 2020-11-03 12:29:32 --> Severity: Notice --> Undefined index: user C:\xampp\htdocs\sistem_login\application\controllers\user.php 211
ERROR - 2020-11-03 12:29:32 --> Severity: Notice --> Trying to access array offset on value of type null C:\xampp\htdocs\sistem_login\application\controllers\user.php 211
INFO - 2020-11-03 12:29:32 -->  add alat 
INFO - 2020-11-03 12:29:33 --> Config Class Initialized
INFO - 2020-11-03 12:29:33 --> Hooks Class Initialized
INFO - 2020-11-03 12:29:33 --> Utf8 Class Initialized
INFO - 2020-11-03 12:29:33 --> URI Class Initialized
INFO - 2020-11-03 12:29:33 --> Router Class Initialized
INFO - 2020-11-03 12:29:33 --> Output Class Initialized
INFO - 2020-11-03 12:29:33 --> Security Class Initialized
INFO - 2020-11-03 12:29:33 --> Input Class Initialized
INFO - 2020-11-03 12:29:33 --> Language Class Initialized
INFO - 2020-11-03 12:29:33 --> Loader Class Initialized
INFO - 2020-11-03 12:29:33 --> Helper loaded: url_helper
INFO - 2020-11-03 12:29:33 --> Helper loaded: file_helper
INFO - 2020-11-03 12:29:33 --> Helper loaded: security_helper
INFO - 2020-11-03 12:29:33 --> Helper loaded: login_helper
INFO - 2020-11-03 12:29:33 --> Database Driver Class Initialized
INFO - 2020-11-03 12:29:33 --> Email Class Initialized
INFO - 2020-11-03 12:29:33 --> Session: Class initialized using 'files' driver.
INFO - 2020-11-03 12:29:33 --> Helper loaded: form_helper
INFO - 2020-11-03 12:29:33 --> Form Validation Class Initialized
INFO - 2020-11-03 12:29:33 --> Controller Class Initialized
INFO - 2020-11-03 12:29:33 --> Model "Alamat_model" initialized
INFO - 2020-11-03 12:29:33 --> Model "Menu_model" initialized
INFO - 2020-11-03 12:29:33 --> File loaded: C:\xampp\htdocs\sistem_login\application\views\templates/header.php
INFO - 2020-11-03 12:29:33 --> File loaded: C:\xampp\htdocs\sistem_login\application\views\templates/topbar.php
INFO - 2020-11-03 12:29:33 --> File loaded: C:\xampp\htdocs\sistem_login\application\views\user/resume.php
INFO - 2020-11-03 12:29:33 --> File loaded: C:\xampp\htdocs\sistem_login\application\views\templates/footer.php
INFO - 2020-11-03 12:29:33 --> Final output sent to browser
INFO - 2020-11-03 12:29:33 --> Config Class Initialized
INFO - 2020-11-03 12:29:33 --> Hooks Class Initialized
INFO - 2020-11-03 12:29:34 --> Utf8 Class Initialized
INFO - 2020-11-03 12:29:34 --> URI Class Initialized
INFO - 2020-11-03 12:29:34 --> Router Class Initialized
INFO - 2020-11-03 12:29:34 --> Output Class Initialized
INFO - 2020-11-03 12:29:34 --> Security Class Initialized
INFO - 2020-11-03 12:29:34 --> Input Class Initialized
INFO - 2020-11-03 12:29:34 --> Language Class Initialized
ERROR - 2020-11-03 12:29:34 --> 404 Page Not Found: Assets/free
INFO - 2020-11-03 12:29:34 --> Config Class Initialized
INFO - 2020-11-03 12:29:35 --> Hooks Class Initialized
INFO - 2020-11-03 12:29:35 --> Utf8 Class Initialized
INFO - 2020-11-03 12:29:35 --> URI Class Initialized
INFO - 2020-11-03 12:29:35 --> Config Class Initialized
INFO - 2020-11-03 12:29:35 --> Config Class Initialized
INFO - 2020-11-03 12:29:35 --> Router Class Initialized
INFO - 2020-11-03 12:29:35 --> Hooks Class Initialized
INFO - 2020-11-03 12:29:35 --> Hooks Class Initialized
INFO - 2020-11-03 12:29:35 --> Utf8 Class Initialized
INFO - 2020-11-03 12:29:35 --> Output Class Initialized
INFO - 2020-11-03 12:29:35 --> Utf8 Class Initialized
INFO - 2020-11-03 12:29:35 --> URI Class Initialized
INFO - 2020-11-03 12:29:35 --> URI Class Initialized
INFO - 2020-11-03 12:29:35 --> Security Class Initialized
INFO - 2020-11-03 12:29:35 --> Input Class Initialized
INFO - 2020-11-03 12:29:35 --> Language Class Initialized
ERROR - 2020-11-03 12:29:35 --> 404 Page Not Found: Assets/free
INFO - 2020-11-03 12:29:35 --> Router Class Initialized
INFO - 2020-11-03 12:29:35 --> Router Class Initialized
INFO - 2020-11-03 12:29:35 --> Output Class Initialized
INFO - 2020-11-03 12:29:36 --> Security Class Initialized
INFO - 2020-11-03 12:29:36 --> Input Class Initialized
INFO - 2020-11-03 12:29:36 --> Language Class Initialized
INFO - 2020-11-03 12:29:36 --> Output Class Initialized
INFO - 2020-11-03 12:29:36 --> Security Class Initialized
INFO - 2020-11-03 12:29:36 --> Input Class Initialized
INFO - 2020-11-03 12:29:36 --> Language Class Initialized
ERROR - 2020-11-03 12:29:36 --> 404 Page Not Found: Assets/free
ERROR - 2020-11-03 12:29:36 --> 404 Page Not Found: Assets/free
INFO - 2020-11-03 12:31:17 --> Config Class Initialized
INFO - 2020-11-03 12:31:17 --> Hooks Class Initialized
INFO - 2020-11-03 12:31:17 --> Utf8 Class Initialized
INFO - 2020-11-03 12:31:17 --> URI Class Initialized
INFO - 2020-11-03 12:31:17 --> Router Class Initialized
INFO - 2020-11-03 12:31:17 --> Output Class Initialized
INFO - 2020-11-03 12:31:17 --> Security Class Initialized
INFO - 2020-11-03 12:31:17 --> Input Class Initialized
INFO - 2020-11-03 12:31:17 --> Language Class Initialized
INFO - 2020-11-03 12:31:17 --> Loader Class Initialized
INFO - 2020-11-03 12:31:17 --> Helper loaded: url_helper
INFO - 2020-11-03 12:31:17 --> Helper loaded: file_helper
INFO - 2020-11-03 12:31:17 --> Helper loaded: security_helper
INFO - 2020-11-03 12:31:17 --> Helper loaded: login_helper
INFO - 2020-11-03 12:31:17 --> Database Driver Class Initialized
INFO - 2020-11-03 12:31:17 --> Email Class Initialized
INFO - 2020-11-03 12:31:17 --> Session: Class initialized using 'files' driver.
INFO - 2020-11-03 12:31:17 --> Helper loaded: form_helper
INFO - 2020-11-03 12:31:17 --> Form Validation Class Initialized
INFO - 2020-11-03 12:31:17 --> Controller Class Initialized
INFO - 2020-11-03 12:31:17 --> Model "Alamat_model" initialized
INFO - 2020-11-03 12:31:17 --> Model "Menu_model" initialized
INFO - 2020-11-03 12:31:17 --> Final output sent to browser
INFO - 2020-11-03 12:31:19 --> Config Class Initialized
INFO - 2020-11-03 12:31:20 --> Hooks Class Initialized
INFO - 2020-11-03 12:31:20 --> Utf8 Class Initialized
INFO - 2020-11-03 12:31:20 --> URI Class Initialized
INFO - 2020-11-03 12:31:20 --> Router Class Initialized
INFO - 2020-11-03 12:31:20 --> Output Class Initialized
INFO - 2020-11-03 12:31:20 --> Security Class Initialized
INFO - 2020-11-03 12:31:20 --> Input Class Initialized
INFO - 2020-11-03 12:31:20 --> Language Class Initialized
INFO - 2020-11-03 12:31:20 --> Loader Class Initialized
INFO - 2020-11-03 12:31:20 --> Helper loaded: url_helper
INFO - 2020-11-03 12:31:20 --> Helper loaded: file_helper
INFO - 2020-11-03 12:31:20 --> Helper loaded: security_helper
INFO - 2020-11-03 12:31:20 --> Helper loaded: login_helper
INFO - 2020-11-03 12:31:20 --> Database Driver Class Initialized
INFO - 2020-11-03 12:31:20 --> Email Class Initialized
INFO - 2020-11-03 12:31:20 --> Session: Class initialized using 'files' driver.
INFO - 2020-11-03 12:31:20 --> Helper loaded: form_helper
INFO - 2020-11-03 12:31:20 --> Form Validation Class Initialized
INFO - 2020-11-03 12:31:20 --> Controller Class Initialized
INFO - 2020-11-03 12:31:20 --> Model "Alamat_model" initialized
INFO - 2020-11-03 12:31:20 --> Model "Menu_model" initialized
INFO - 2020-11-03 12:31:20 --> Final output sent to browser
INFO - 2020-11-03 12:31:22 --> Config Class Initialized
INFO - 2020-11-03 12:31:22 --> Hooks Class Initialized
INFO - 2020-11-03 12:31:22 --> Utf8 Class Initialized
INFO - 2020-11-03 12:31:22 --> URI Class Initialized
INFO - 2020-11-03 12:31:22 --> Router Class Initialized
INFO - 2020-11-03 12:31:22 --> Output Class Initialized
INFO - 2020-11-03 12:31:22 --> Security Class Initialized
INFO - 2020-11-03 12:31:22 --> Input Class Initialized
INFO - 2020-11-03 12:31:22 --> Language Class Initialized
INFO - 2020-11-03 12:31:22 --> Loader Class Initialized
INFO - 2020-11-03 12:31:22 --> Helper loaded: url_helper
INFO - 2020-11-03 12:31:22 --> Helper loaded: file_helper
INFO - 2020-11-03 12:31:22 --> Helper loaded: security_helper
INFO - 2020-11-03 12:31:22 --> Helper loaded: login_helper
INFO - 2020-11-03 12:31:22 --> Database Driver Class Initialized
INFO - 2020-11-03 12:31:22 --> Email Class Initialized
INFO - 2020-11-03 12:31:22 --> Session: Class initialized using 'files' driver.
INFO - 2020-11-03 12:31:22 --> Helper loaded: form_helper
INFO - 2020-11-03 12:31:22 --> Form Validation Class Initialized
INFO - 2020-11-03 12:31:22 --> Controller Class Initialized
INFO - 2020-11-03 12:31:22 --> Model "Alamat_model" initialized
INFO - 2020-11-03 12:31:22 --> Model "Menu_model" initialized
INFO - 2020-11-03 12:31:23 --> Final output sent to browser
INFO - 2020-11-03 12:31:28 --> Config Class Initialized
INFO - 2020-11-03 12:31:28 --> Hooks Class Initialized
INFO - 2020-11-03 12:31:28 --> Utf8 Class Initialized
INFO - 2020-11-03 12:31:28 --> URI Class Initialized
INFO - 2020-11-03 12:31:28 --> Router Class Initialized
INFO - 2020-11-03 12:31:28 --> Output Class Initialized
INFO - 2020-11-03 12:31:28 --> Security Class Initialized
INFO - 2020-11-03 12:31:28 --> Input Class Initialized
INFO - 2020-11-03 12:31:28 --> Language Class Initialized
INFO - 2020-11-03 12:31:28 --> Loader Class Initialized
INFO - 2020-11-03 12:31:28 --> Helper loaded: url_helper
INFO - 2020-11-03 12:31:28 --> Helper loaded: file_helper
INFO - 2020-11-03 12:31:28 --> Helper loaded: security_helper
INFO - 2020-11-03 12:31:29 --> Helper loaded: login_helper
INFO - 2020-11-03 12:31:29 --> Database Driver Class Initialized
INFO - 2020-11-03 12:31:29 --> Email Class Initialized
INFO - 2020-11-03 12:31:29 --> Session: Class initialized using 'files' driver.
INFO - 2020-11-03 12:31:29 --> Helper loaded: form_helper
INFO - 2020-11-03 12:31:29 --> Form Validation Class Initialized
INFO - 2020-11-03 12:31:29 --> Controller Class Initialized
INFO - 2020-11-03 12:31:29 --> Model "Alamat_model" initialized
INFO - 2020-11-03 12:31:29 --> Model "Menu_model" initialized
INFO - 2020-11-03 12:31:29 --> Language file loaded: language/english/form_validation_lang.php
ERROR - 2020-11-03 12:31:29 --> Severity: Notice --> Undefined index: user C:\xampp\htdocs\sistem_login\application\controllers\user.php 59
ERROR - 2020-11-03 12:31:29 --> Severity: Notice --> Trying to access array offset on value of type null C:\xampp\htdocs\sistem_login\application\controllers\user.php 59
INFO - 2020-11-03 12:31:29 -->  update address 
INFO - 2020-11-03 12:31:29 --> Config Class Initialized
INFO - 2020-11-03 12:31:29 --> Hooks Class Initialized
INFO - 2020-11-03 12:31:29 --> Utf8 Class Initialized
INFO - 2020-11-03 12:31:29 --> URI Class Initialized
INFO - 2020-11-03 12:31:29 --> Router Class Initialized
INFO - 2020-11-03 12:31:29 --> Output Class Initialized
INFO - 2020-11-03 12:31:29 --> Security Class Initialized
INFO - 2020-11-03 12:31:29 --> Input Class Initialized
INFO - 2020-11-03 12:31:29 --> Language Class Initialized
INFO - 2020-11-03 12:31:29 --> Loader Class Initialized
INFO - 2020-11-03 12:31:29 --> Helper loaded: url_helper
INFO - 2020-11-03 12:31:29 --> Helper loaded: file_helper
INFO - 2020-11-03 12:31:29 --> Helper loaded: security_helper
INFO - 2020-11-03 12:31:29 --> Helper loaded: login_helper
INFO - 2020-11-03 12:31:29 --> Database Driver Class Initialized
INFO - 2020-11-03 12:31:29 --> Email Class Initialized
INFO - 2020-11-03 12:31:29 --> Session: Class initialized using 'files' driver.
INFO - 2020-11-03 12:31:29 --> Helper loaded: form_helper
INFO - 2020-11-03 12:31:29 --> Form Validation Class Initialized
INFO - 2020-11-03 12:31:29 --> Controller Class Initialized
INFO - 2020-11-03 12:31:29 --> Model "Alamat_model" initialized
INFO - 2020-11-03 12:31:29 --> Model "Menu_model" initialized
INFO - 2020-11-03 12:31:29 --> File loaded: C:\xampp\htdocs\sistem_login\application\views\templates/header.php
INFO - 2020-11-03 12:31:29 --> File loaded: C:\xampp\htdocs\sistem_login\application\views\templates/topbar.php
INFO - 2020-11-03 12:31:29 --> File loaded: C:\xampp\htdocs\sistem_login\application\views\user/resume.php
INFO - 2020-11-03 12:31:29 --> File loaded: C:\xampp\htdocs\sistem_login\application\views\templates/footer.php
INFO - 2020-11-03 12:31:29 --> Final output sent to browser
INFO - 2020-11-03 12:31:30 --> Config Class Initialized
INFO - 2020-11-03 12:31:30 --> Hooks Class Initialized
INFO - 2020-11-03 12:31:30 --> Utf8 Class Initialized
INFO - 2020-11-03 12:31:30 --> URI Class Initialized
INFO - 2020-11-03 12:31:30 --> Router Class Initialized
INFO - 2020-11-03 12:31:30 --> Output Class Initialized
INFO - 2020-11-03 12:31:30 --> Security Class Initialized
INFO - 2020-11-03 12:31:30 --> Input Class Initialized
INFO - 2020-11-03 12:31:31 --> Language Class Initialized
ERROR - 2020-11-03 12:31:31 --> 404 Page Not Found: Assets/free
INFO - 2020-11-03 12:31:32 --> Config Class Initialized
INFO - 2020-11-03 12:31:32 --> Hooks Class Initialized
INFO - 2020-11-03 12:31:32 --> Utf8 Class Initialized
INFO - 2020-11-03 12:31:32 --> URI Class Initialized
INFO - 2020-11-03 12:31:32 --> Router Class Initialized
INFO - 2020-11-03 12:31:32 --> Output Class Initialized
INFO - 2020-11-03 12:31:32 --> Security Class Initialized
INFO - 2020-11-03 12:31:32 --> Input Class Initialized
INFO - 2020-11-03 12:31:32 --> Language Class Initialized
INFO - 2020-11-03 12:31:32 --> Config Class Initialized
INFO - 2020-11-03 12:31:32 --> Hooks Class Initialized
INFO - 2020-11-03 12:31:32 --> Config Class Initialized
INFO - 2020-11-03 12:31:32 --> Hooks Class Initialized
INFO - 2020-11-03 12:31:32 --> Utf8 Class Initialized
ERROR - 2020-11-03 12:31:32 --> 404 Page Not Found: Assets/free
INFO - 2020-11-03 12:31:32 --> Utf8 Class Initialized
INFO - 2020-11-03 12:31:32 --> URI Class Initialized
INFO - 2020-11-03 12:31:32 --> Router Class Initialized
INFO - 2020-11-03 12:31:32 --> URI Class Initialized
INFO - 2020-11-03 12:31:32 --> Output Class Initialized
INFO - 2020-11-03 12:31:32 --> Router Class Initialized
INFO - 2020-11-03 12:31:32 --> Security Class Initialized
INFO - 2020-11-03 12:31:32 --> Output Class Initialized
INFO - 2020-11-03 12:31:32 --> Input Class Initialized
INFO - 2020-11-03 12:31:32 --> Language Class Initialized
ERROR - 2020-11-03 12:31:32 --> 404 Page Not Found: Assets/free
INFO - 2020-11-03 12:31:33 --> Security Class Initialized
INFO - 2020-11-03 12:31:33 --> Input Class Initialized
INFO - 2020-11-03 12:31:33 --> Language Class Initialized
ERROR - 2020-11-03 12:31:33 --> 404 Page Not Found: Assets/free
INFO - 2020-11-03 12:37:08 --> Config Class Initialized
INFO - 2020-11-03 12:37:08 --> Hooks Class Initialized
INFO - 2020-11-03 12:37:08 --> Utf8 Class Initialized
INFO - 2020-11-03 12:37:08 --> URI Class Initialized
INFO - 2020-11-03 12:37:08 --> Router Class Initialized
INFO - 2020-11-03 12:37:08 --> Output Class Initialized
INFO - 2020-11-03 12:37:08 --> Security Class Initialized
INFO - 2020-11-03 12:37:08 --> Input Class Initialized
INFO - 2020-11-03 12:37:08 --> Language Class Initialized
INFO - 2020-11-03 12:37:08 --> Loader Class Initialized
INFO - 2020-11-03 12:37:08 --> Helper loaded: url_helper
INFO - 2020-11-03 12:37:08 --> Helper loaded: file_helper
INFO - 2020-11-03 12:37:08 --> Helper loaded: security_helper
INFO - 2020-11-03 12:37:08 --> Helper loaded: login_helper
INFO - 2020-11-03 12:37:08 --> Database Driver Class Initialized
INFO - 2020-11-03 12:37:08 --> Email Class Initialized
INFO - 2020-11-03 12:37:08 --> Session: Class initialized using 'files' driver.
INFO - 2020-11-03 12:37:08 --> Helper loaded: form_helper
INFO - 2020-11-03 12:37:08 --> Form Validation Class Initialized
INFO - 2020-11-03 12:37:08 --> Controller Class Initialized
INFO - 2020-11-03 12:37:08 --> Model "Alamat_model" initialized
INFO - 2020-11-03 12:37:08 --> Model "Menu_model" initialized
INFO - 2020-11-03 12:37:08 --> Alhiqni Rusydaka add pengalaman 
INFO - 2020-11-03 12:37:09 --> Config Class Initialized
INFO - 2020-11-03 12:37:09 --> Hooks Class Initialized
INFO - 2020-11-03 12:37:09 --> Utf8 Class Initialized
INFO - 2020-11-03 12:37:09 --> URI Class Initialized
INFO - 2020-11-03 12:37:09 --> Router Class Initialized
INFO - 2020-11-03 12:37:09 --> Output Class Initialized
INFO - 2020-11-03 12:37:09 --> Security Class Initialized
INFO - 2020-11-03 12:37:09 --> Input Class Initialized
INFO - 2020-11-03 12:37:09 --> Language Class Initialized
INFO - 2020-11-03 12:37:09 --> Loader Class Initialized
INFO - 2020-11-03 12:37:09 --> Helper loaded: url_helper
INFO - 2020-11-03 12:37:09 --> Helper loaded: file_helper
INFO - 2020-11-03 12:37:09 --> Helper loaded: security_helper
INFO - 2020-11-03 12:37:09 --> Helper loaded: login_helper
INFO - 2020-11-03 12:37:09 --> Database Driver Class Initialized
INFO - 2020-11-03 12:37:09 --> Email Class Initialized
INFO - 2020-11-03 12:37:09 --> Session: Class initialized using 'files' driver.
INFO - 2020-11-03 12:37:09 --> Helper loaded: form_helper
INFO - 2020-11-03 12:37:09 --> Form Validation Class Initialized
INFO - 2020-11-03 12:37:09 --> Controller Class Initialized
INFO - 2020-11-03 12:37:09 --> Model "Alamat_model" initialized
INFO - 2020-11-03 12:37:09 --> Model "Menu_model" initialized
INFO - 2020-11-03 12:37:09 --> File loaded: C:\xampp\htdocs\sistem_login\application\views\templates/header.php
INFO - 2020-11-03 12:37:09 --> File loaded: C:\xampp\htdocs\sistem_login\application\views\templates/topbar.php
INFO - 2020-11-03 12:37:09 --> File loaded: C:\xampp\htdocs\sistem_login\application\views\user/resume.php
INFO - 2020-11-03 12:37:09 --> File loaded: C:\xampp\htdocs\sistem_login\application\views\templates/footer.php
INFO - 2020-11-03 12:37:09 --> Final output sent to browser
INFO - 2020-11-03 12:37:10 --> Config Class Initialized
INFO - 2020-11-03 12:37:10 --> Hooks Class Initialized
INFO - 2020-11-03 12:37:10 --> Utf8 Class Initialized
INFO - 2020-11-03 12:37:10 --> URI Class Initialized
INFO - 2020-11-03 12:37:10 --> Router Class Initialized
INFO - 2020-11-03 12:37:10 --> Output Class Initialized
INFO - 2020-11-03 12:37:10 --> Security Class Initialized
INFO - 2020-11-03 12:37:10 --> Input Class Initialized
INFO - 2020-11-03 12:37:10 --> Language Class Initialized
ERROR - 2020-11-03 12:37:10 --> 404 Page Not Found: Assets/free
INFO - 2020-11-03 12:37:11 --> Config Class Initialized
INFO - 2020-11-03 12:37:11 --> Hooks Class Initialized
INFO - 2020-11-03 12:37:11 --> Utf8 Class Initialized
INFO - 2020-11-03 12:37:11 --> URI Class Initialized
INFO - 2020-11-03 12:37:11 --> Config Class Initialized
INFO - 2020-11-03 12:37:11 --> Config Class Initialized
INFO - 2020-11-03 12:37:11 --> Router Class Initialized
INFO - 2020-11-03 12:37:11 --> Hooks Class Initialized
INFO - 2020-11-03 12:37:11 --> Utf8 Class Initialized
INFO - 2020-11-03 12:37:11 --> Hooks Class Initialized
INFO - 2020-11-03 12:37:11 --> Utf8 Class Initialized
INFO - 2020-11-03 12:37:12 --> URI Class Initialized
INFO - 2020-11-03 12:37:12 --> Router Class Initialized
INFO - 2020-11-03 12:37:12 --> Output Class Initialized
INFO - 2020-11-03 12:37:12 --> Security Class Initialized
INFO - 2020-11-03 12:37:12 --> Output Class Initialized
INFO - 2020-11-03 12:37:12 --> URI Class Initialized
INFO - 2020-11-03 12:37:12 --> Input Class Initialized
INFO - 2020-11-03 12:37:12 --> Security Class Initialized
INFO - 2020-11-03 12:37:12 --> Router Class Initialized
INFO - 2020-11-03 12:37:12 --> Input Class Initialized
INFO - 2020-11-03 12:37:12 --> Language Class Initialized
INFO - 2020-11-03 12:37:12 --> Language Class Initialized
ERROR - 2020-11-03 12:37:12 --> 404 Page Not Found: Assets/free
ERROR - 2020-11-03 12:37:12 --> 404 Page Not Found: Assets/free
INFO - 2020-11-03 12:37:12 --> Output Class Initialized
INFO - 2020-11-03 12:37:12 --> Security Class Initialized
INFO - 2020-11-03 12:37:12 --> Input Class Initialized
INFO - 2020-11-03 12:37:12 --> Language Class Initialized
ERROR - 2020-11-03 12:37:12 --> 404 Page Not Found: Assets/free
INFO - 2020-11-03 13:02:33 --> Config Class Initialized
INFO - 2020-11-03 13:02:33 --> Hooks Class Initialized
INFO - 2020-11-03 13:02:33 --> Utf8 Class Initialized
INFO - 2020-11-03 13:02:33 --> URI Class Initialized
INFO - 2020-11-03 13:02:33 --> Router Class Initialized
INFO - 2020-11-03 13:02:33 --> Output Class Initialized
INFO - 2020-11-03 13:02:33 --> Security Class Initialized
INFO - 2020-11-03 13:02:33 --> Input Class Initialized
INFO - 2020-11-03 13:02:33 --> Language Class Initialized
INFO - 2020-11-03 13:02:33 --> Loader Class Initialized
INFO - 2020-11-03 13:02:33 --> Helper loaded: url_helper
INFO - 2020-11-03 13:02:33 --> Helper loaded: file_helper
INFO - 2020-11-03 13:02:33 --> Helper loaded: security_helper
INFO - 2020-11-03 13:02:33 --> Helper loaded: login_helper
INFO - 2020-11-03 13:02:33 --> Database Driver Class Initialized
INFO - 2020-11-03 13:02:33 --> Email Class Initialized
INFO - 2020-11-03 13:02:33 --> Session: Class initialized using 'files' driver.
INFO - 2020-11-03 13:02:33 --> Helper loaded: form_helper
INFO - 2020-11-03 13:02:33 --> Form Validation Class Initialized
INFO - 2020-11-03 13:02:33 --> Controller Class Initialized
INFO - 2020-11-03 13:02:33 --> Model "Menu_model" initialized
INFO - 2020-11-03 13:02:33 --> Alhiqni Rusydaka logout
INFO - 2020-11-03 13:02:34 --> Config Class Initialized
INFO - 2020-11-03 13:02:34 --> Hooks Class Initialized
INFO - 2020-11-03 13:02:34 --> Utf8 Class Initialized
INFO - 2020-11-03 13:02:34 --> URI Class Initialized
INFO - 2020-11-03 13:02:34 --> Router Class Initialized
INFO - 2020-11-03 13:02:34 --> Output Class Initialized
INFO - 2020-11-03 13:02:34 --> Security Class Initialized
INFO - 2020-11-03 13:02:34 --> Input Class Initialized
INFO - 2020-11-03 13:02:34 --> Language Class Initialized
INFO - 2020-11-03 13:02:34 --> Loader Class Initialized
INFO - 2020-11-03 13:02:34 --> Helper loaded: url_helper
INFO - 2020-11-03 13:02:34 --> Helper loaded: file_helper
INFO - 2020-11-03 13:02:34 --> Helper loaded: security_helper
INFO - 2020-11-03 13:02:34 --> Helper loaded: login_helper
INFO - 2020-11-03 13:02:34 --> Database Driver Class Initialized
INFO - 2020-11-03 13:02:34 --> Email Class Initialized
INFO - 2020-11-03 13:02:34 --> Session: Class initialized using 'files' driver.
INFO - 2020-11-03 13:02:34 --> Helper loaded: form_helper
INFO - 2020-11-03 13:02:34 --> Form Validation Class Initialized
INFO - 2020-11-03 13:02:34 --> Controller Class Initialized
INFO - 2020-11-03 13:02:34 --> Model "Menu_model" initialized
INFO - 2020-11-03 13:02:34 --> File loaded: C:\xampp\htdocs\sistem_login\application\views\templates/auth_header.php
INFO - 2020-11-03 13:02:34 --> File loaded: C:\xampp\htdocs\sistem_login\application\views\auth/login.php
INFO - 2020-11-03 13:02:34 --> File loaded: C:\xampp\htdocs\sistem_login\application\views\templates/auth_header.php
INFO - 2020-11-03 13:02:34 --> Final output sent to browser
