INFO - 2020-11-16 02:33:42 --> Config Class Initialized
INFO - 2020-11-16 02:33:42 --> Hooks Class Initialized
INFO - 2020-11-16 02:33:42 --> Utf8 Class Initialized
INFO - 2020-11-16 02:33:42 --> URI Class Initialized
INFO - 2020-11-16 02:33:42 --> Router Class Initialized
INFO - 2020-11-16 02:33:42 --> Output Class Initialized
INFO - 2020-11-16 02:33:42 --> Security Class Initialized
INFO - 2020-11-16 02:33:42 --> Input Class Initialized
INFO - 2020-11-16 02:33:42 --> Language Class Initialized
INFO - 2020-11-16 02:33:42 --> Loader Class Initialized
INFO - 2020-11-16 02:33:42 --> Helper loaded: url_helper
INFO - 2020-11-16 02:33:42 --> Helper loaded: file_helper
INFO - 2020-11-16 02:33:42 --> Helper loaded: security_helper
INFO - 2020-11-16 02:33:42 --> Helper loaded: login_helper
INFO - 2020-11-16 02:33:42 --> Database Driver Class Initialized
INFO - 2020-11-16 02:33:42 --> Email Class Initialized
INFO - 2020-11-16 02:33:42 --> Session: Class initialized using 'files' driver.
INFO - 2020-11-16 02:33:42 --> Helper loaded: form_helper
INFO - 2020-11-16 02:33:42 --> Form Validation Class Initialized
INFO - 2020-11-16 02:33:42 --> Controller Class Initialized
INFO - 2020-11-16 02:33:42 --> Model "Menu_model" initialized
INFO - 2020-11-16 02:33:42 --> Model "Alamat_model" initialized
INFO - 2020-11-16 02:33:42 --> File loaded: /home/u463870951/domains/freshcreativebook.com/public_html/application/views/welcome/index.php
INFO - 2020-11-16 02:33:42 --> Final output sent to browser
INFO - 2020-11-16 04:55:48 --> Config Class Initialized
INFO - 2020-11-16 04:55:48 --> Hooks Class Initialized
INFO - 2020-11-16 04:55:48 --> Utf8 Class Initialized
INFO - 2020-11-16 04:55:48 --> URI Class Initialized
INFO - 2020-11-16 04:55:48 --> Router Class Initialized
INFO - 2020-11-16 04:55:48 --> Output Class Initialized
INFO - 2020-11-16 04:55:48 --> Security Class Initialized
INFO - 2020-11-16 04:55:48 --> Input Class Initialized
INFO - 2020-11-16 04:55:48 --> Language Class Initialized
INFO - 2020-11-16 04:55:48 --> Loader Class Initialized
INFO - 2020-11-16 04:55:48 --> Helper loaded: url_helper
INFO - 2020-11-16 04:55:48 --> Helper loaded: file_helper
INFO - 2020-11-16 04:55:48 --> Helper loaded: security_helper
INFO - 2020-11-16 04:55:48 --> Helper loaded: login_helper
INFO - 2020-11-16 04:55:48 --> Database Driver Class Initialized
INFO - 2020-11-16 04:55:48 --> Email Class Initialized
INFO - 2020-11-16 04:55:48 --> Session: Class initialized using 'files' driver.
INFO - 2020-11-16 04:55:48 --> Helper loaded: form_helper
INFO - 2020-11-16 04:55:48 --> Form Validation Class Initialized
INFO - 2020-11-16 04:55:48 --> Controller Class Initialized
INFO - 2020-11-16 04:55:48 --> Model "Menu_model" initialized
INFO - 2020-11-16 04:55:48 --> Model "Alamat_model" initialized
INFO - 2020-11-16 04:55:48 --> File loaded: /home/u463870951/domains/freshcreativebook.com/public_html/application/views/welcome/index.php
INFO - 2020-11-16 04:55:48 --> Final output sent to browser
INFO - 2020-11-16 05:08:23 --> Config Class Initialized
INFO - 2020-11-16 05:08:23 --> Hooks Class Initialized
INFO - 2020-11-16 05:08:23 --> Utf8 Class Initialized
INFO - 2020-11-16 05:08:23 --> URI Class Initialized
INFO - 2020-11-16 05:08:23 --> Router Class Initialized
INFO - 2020-11-16 05:08:23 --> Output Class Initialized
INFO - 2020-11-16 05:08:23 --> Security Class Initialized
INFO - 2020-11-16 05:08:23 --> Input Class Initialized
INFO - 2020-11-16 05:08:23 --> Language Class Initialized
ERROR - 2020-11-16 05:08:23 --> 404 Page Not Found: Robotstxt/index
INFO - 2020-11-16 05:08:25 --> Config Class Initialized
INFO - 2020-11-16 05:08:25 --> Hooks Class Initialized
INFO - 2020-11-16 05:08:25 --> Utf8 Class Initialized
INFO - 2020-11-16 05:08:25 --> URI Class Initialized
INFO - 2020-11-16 05:08:25 --> Router Class Initialized
INFO - 2020-11-16 05:08:25 --> Output Class Initialized
INFO - 2020-11-16 05:08:25 --> Security Class Initialized
INFO - 2020-11-16 05:08:25 --> Input Class Initialized
INFO - 2020-11-16 05:08:25 --> Language Class Initialized
INFO - 2020-11-16 05:08:25 --> Loader Class Initialized
INFO - 2020-11-16 05:08:25 --> Helper loaded: url_helper
INFO - 2020-11-16 05:08:25 --> Helper loaded: file_helper
INFO - 2020-11-16 05:08:25 --> Helper loaded: security_helper
INFO - 2020-11-16 05:08:25 --> Helper loaded: login_helper
INFO - 2020-11-16 05:08:25 --> Database Driver Class Initialized
INFO - 2020-11-16 05:08:25 --> Email Class Initialized
INFO - 2020-11-16 05:08:25 --> Session: Class initialized using 'files' driver.
INFO - 2020-11-16 05:08:25 --> Helper loaded: form_helper
INFO - 2020-11-16 05:08:25 --> Form Validation Class Initialized
INFO - 2020-11-16 05:08:25 --> Controller Class Initialized
INFO - 2020-11-16 05:08:25 --> Model "Menu_model" initialized
INFO - 2020-11-16 05:08:25 --> Model "Alamat_model" initialized
INFO - 2020-11-16 05:08:25 --> File loaded: /home/u463870951/domains/freshcreativebook.com/public_html/application/views/welcome/index.php
INFO - 2020-11-16 05:08:25 --> Final output sent to browser
INFO - 2020-11-16 09:45:50 --> Config Class Initialized
INFO - 2020-11-16 09:45:50 --> Hooks Class Initialized
INFO - 2020-11-16 09:45:50 --> Utf8 Class Initialized
INFO - 2020-11-16 09:45:50 --> URI Class Initialized
INFO - 2020-11-16 09:45:50 --> Router Class Initialized
INFO - 2020-11-16 09:45:50 --> Output Class Initialized
INFO - 2020-11-16 09:45:50 --> Security Class Initialized
INFO - 2020-11-16 09:45:50 --> Input Class Initialized
INFO - 2020-11-16 09:45:50 --> Language Class Initialized
INFO - 2020-11-16 09:45:50 --> Loader Class Initialized
INFO - 2020-11-16 09:45:50 --> Helper loaded: url_helper
INFO - 2020-11-16 09:45:50 --> Helper loaded: file_helper
INFO - 2020-11-16 09:45:50 --> Helper loaded: security_helper
INFO - 2020-11-16 09:45:50 --> Helper loaded: login_helper
INFO - 2020-11-16 09:45:50 --> Database Driver Class Initialized
INFO - 2020-11-16 09:45:50 --> Email Class Initialized
INFO - 2020-11-16 09:45:50 --> Session: Class initialized using 'files' driver.
INFO - 2020-11-16 09:45:50 --> Helper loaded: form_helper
INFO - 2020-11-16 09:45:50 --> Form Validation Class Initialized
INFO - 2020-11-16 09:45:50 --> Controller Class Initialized
INFO - 2020-11-16 09:45:50 --> Model "Menu_model" initialized
INFO - 2020-11-16 09:45:50 --> Model "Alamat_model" initialized
INFO - 2020-11-16 09:45:50 --> File loaded: /home/u463870951/domains/freshcreativebook.com/public_html/application/views/welcome/index.php
INFO - 2020-11-16 09:45:50 --> Final output sent to browser
INFO - 2020-11-16 09:57:55 --> Config Class Initialized
INFO - 2020-11-16 09:57:55 --> Hooks Class Initialized
INFO - 2020-11-16 09:57:55 --> Utf8 Class Initialized
INFO - 2020-11-16 09:57:55 --> URI Class Initialized
INFO - 2020-11-16 09:57:55 --> Router Class Initialized
INFO - 2020-11-16 09:57:55 --> Output Class Initialized
INFO - 2020-11-16 09:57:55 --> Security Class Initialized
INFO - 2020-11-16 09:57:55 --> Input Class Initialized
INFO - 2020-11-16 09:57:55 --> Language Class Initialized
INFO - 2020-11-16 09:57:56 --> Loader Class Initialized
INFO - 2020-11-16 09:57:56 --> Helper loaded: url_helper
INFO - 2020-11-16 09:57:56 --> Helper loaded: file_helper
INFO - 2020-11-16 09:57:56 --> Helper loaded: security_helper
INFO - 2020-11-16 09:57:56 --> Helper loaded: login_helper
INFO - 2020-11-16 09:57:56 --> Database Driver Class Initialized
INFO - 2020-11-16 09:57:56 --> Email Class Initialized
INFO - 2020-11-16 09:57:56 --> Session: Class initialized using 'files' driver.
INFO - 2020-11-16 09:57:56 --> Helper loaded: form_helper
INFO - 2020-11-16 09:57:56 --> Form Validation Class Initialized
INFO - 2020-11-16 09:57:56 --> Controller Class Initialized
INFO - 2020-11-16 09:57:56 --> Model "Menu_model" initialized
INFO - 2020-11-16 09:57:56 --> Model "Alamat_model" initialized
INFO - 2020-11-16 09:57:56 --> File loaded: /home/u463870951/domains/freshcreativebook.com/public_html/application/views/welcome/index.php
INFO - 2020-11-16 09:57:56 --> Final output sent to browser
INFO - 2020-11-16 11:24:10 --> Config Class Initialized
INFO - 2020-11-16 11:24:10 --> Hooks Class Initialized
INFO - 2020-11-16 11:24:10 --> Utf8 Class Initialized
INFO - 2020-11-16 11:24:10 --> URI Class Initialized
INFO - 2020-11-16 11:24:10 --> Router Class Initialized
INFO - 2020-11-16 11:24:10 --> Output Class Initialized
INFO - 2020-11-16 11:24:10 --> Security Class Initialized
INFO - 2020-11-16 11:24:10 --> Input Class Initialized
INFO - 2020-11-16 11:24:10 --> Language Class Initialized
INFO - 2020-11-16 11:24:10 --> Loader Class Initialized
INFO - 2020-11-16 11:24:10 --> Helper loaded: url_helper
INFO - 2020-11-16 11:24:10 --> Helper loaded: file_helper
INFO - 2020-11-16 11:24:10 --> Helper loaded: security_helper
INFO - 2020-11-16 11:24:10 --> Helper loaded: login_helper
INFO - 2020-11-16 11:24:10 --> Database Driver Class Initialized
INFO - 2020-11-16 11:24:10 --> Email Class Initialized
INFO - 2020-11-16 11:24:10 --> Session: Class initialized using 'files' driver.
INFO - 2020-11-16 11:24:10 --> Helper loaded: form_helper
INFO - 2020-11-16 11:24:10 --> Form Validation Class Initialized
INFO - 2020-11-16 11:24:10 --> Controller Class Initialized
INFO - 2020-11-16 11:24:10 --> Model "Menu_model" initialized
INFO - 2020-11-16 11:24:10 --> Model "Alamat_model" initialized
INFO - 2020-11-16 11:24:10 --> File loaded: /home/u463870951/domains/freshcreativebook.com/public_html/application/views/welcome/index.php
INFO - 2020-11-16 11:24:10 --> Final output sent to browser
INFO - 2020-11-16 11:44:27 --> Config Class Initialized
INFO - 2020-11-16 11:44:27 --> Hooks Class Initialized
INFO - 2020-11-16 11:44:27 --> Utf8 Class Initialized
INFO - 2020-11-16 11:44:27 --> URI Class Initialized
INFO - 2020-11-16 11:44:27 --> Router Class Initialized
INFO - 2020-11-16 11:44:27 --> Output Class Initialized
INFO - 2020-11-16 11:44:27 --> Security Class Initialized
INFO - 2020-11-16 11:44:27 --> Input Class Initialized
INFO - 2020-11-16 11:44:27 --> Language Class Initialized
ERROR - 2020-11-16 11:44:27 --> 404 Page Not Found: Assets/favicon
INFO - 2020-11-16 11:44:28 --> Config Class Initialized
INFO - 2020-11-16 11:44:28 --> Hooks Class Initialized
INFO - 2020-11-16 11:44:28 --> Utf8 Class Initialized
INFO - 2020-11-16 11:44:28 --> URI Class Initialized
INFO - 2020-11-16 11:44:28 --> Router Class Initialized
INFO - 2020-11-16 11:44:28 --> Output Class Initialized
INFO - 2020-11-16 11:44:28 --> Security Class Initialized
INFO - 2020-11-16 11:44:28 --> Input Class Initialized
INFO - 2020-11-16 11:44:28 --> Language Class Initialized
ERROR - 2020-11-16 11:44:28 --> 404 Page Not Found: Assets/favicon
INFO - 2020-11-16 13:15:47 --> Config Class Initialized
INFO - 2020-11-16 13:15:47 --> Hooks Class Initialized
INFO - 2020-11-16 13:15:47 --> Utf8 Class Initialized
INFO - 2020-11-16 13:15:47 --> URI Class Initialized
INFO - 2020-11-16 13:15:47 --> Router Class Initialized
INFO - 2020-11-16 13:15:47 --> Output Class Initialized
INFO - 2020-11-16 13:15:47 --> Security Class Initialized
INFO - 2020-11-16 13:15:47 --> Input Class Initialized
INFO - 2020-11-16 13:15:47 --> Language Class Initialized
ERROR - 2020-11-16 13:15:47 --> 404 Page Not Found: Assets/favicon
INFO - 2020-11-16 13:15:48 --> Config Class Initialized
INFO - 2020-11-16 13:15:48 --> Hooks Class Initialized
INFO - 2020-11-16 13:15:48 --> Utf8 Class Initialized
INFO - 2020-11-16 13:15:48 --> URI Class Initialized
INFO - 2020-11-16 13:15:48 --> Router Class Initialized
INFO - 2020-11-16 13:15:48 --> Output Class Initialized
INFO - 2020-11-16 13:15:48 --> Security Class Initialized
INFO - 2020-11-16 13:15:48 --> Input Class Initialized
INFO - 2020-11-16 13:15:48 --> Language Class Initialized
ERROR - 2020-11-16 13:15:48 --> 404 Page Not Found: Assets/favicon
INFO - 2020-11-16 15:44:41 --> Config Class Initialized
INFO - 2020-11-16 15:44:41 --> Hooks Class Initialized
INFO - 2020-11-16 15:44:41 --> Utf8 Class Initialized
INFO - 2020-11-16 15:44:41 --> URI Class Initialized
INFO - 2020-11-16 15:44:41 --> Router Class Initialized
INFO - 2020-11-16 15:44:41 --> Output Class Initialized
INFO - 2020-11-16 15:44:41 --> Security Class Initialized
INFO - 2020-11-16 15:44:41 --> Input Class Initialized
INFO - 2020-11-16 15:44:41 --> Language Class Initialized
INFO - 2020-11-16 15:44:41 --> Loader Class Initialized
INFO - 2020-11-16 15:44:41 --> Helper loaded: url_helper
INFO - 2020-11-16 15:44:41 --> Helper loaded: file_helper
INFO - 2020-11-16 15:44:41 --> Helper loaded: security_helper
INFO - 2020-11-16 15:44:41 --> Helper loaded: login_helper
INFO - 2020-11-16 15:44:41 --> Database Driver Class Initialized
INFO - 2020-11-16 15:44:41 --> Email Class Initialized
INFO - 2020-11-16 15:44:41 --> Session: Class initialized using 'files' driver.
INFO - 2020-11-16 15:44:41 --> Helper loaded: form_helper
INFO - 2020-11-16 15:44:41 --> Form Validation Class Initialized
INFO - 2020-11-16 15:44:41 --> Controller Class Initialized
INFO - 2020-11-16 15:44:41 --> Model "Menu_model" initialized
INFO - 2020-11-16 15:44:41 --> Model "Alamat_model" initialized
INFO - 2020-11-16 15:44:41 --> File loaded: /home/u463870951/domains/freshcreativebook.com/public_html/application/views/welcome/index.php
INFO - 2020-11-16 15:44:41 --> Final output sent to browser
INFO - 2020-11-16 17:27:51 --> Config Class Initialized
INFO - 2020-11-16 17:27:51 --> Hooks Class Initialized
INFO - 2020-11-16 17:27:51 --> Utf8 Class Initialized
INFO - 2020-11-16 17:27:51 --> URI Class Initialized
INFO - 2020-11-16 17:27:51 --> Router Class Initialized
INFO - 2020-11-16 17:27:51 --> Output Class Initialized
INFO - 2020-11-16 17:27:51 --> Security Class Initialized
INFO - 2020-11-16 17:27:51 --> Input Class Initialized
INFO - 2020-11-16 17:27:51 --> Language Class Initialized
INFO - 2020-11-16 17:27:51 --> Loader Class Initialized
INFO - 2020-11-16 17:27:51 --> Helper loaded: url_helper
INFO - 2020-11-16 17:27:51 --> Helper loaded: file_helper
INFO - 2020-11-16 17:27:51 --> Helper loaded: security_helper
INFO - 2020-11-16 17:27:51 --> Helper loaded: login_helper
INFO - 2020-11-16 17:27:51 --> Database Driver Class Initialized
INFO - 2020-11-16 17:27:51 --> Email Class Initialized
INFO - 2020-11-16 17:27:51 --> Session: Class initialized using 'files' driver.
INFO - 2020-11-16 17:27:51 --> Helper loaded: form_helper
INFO - 2020-11-16 17:27:51 --> Form Validation Class Initialized
INFO - 2020-11-16 17:27:51 --> Controller Class Initialized
INFO - 2020-11-16 17:27:51 --> Model "Menu_model" initialized
INFO - 2020-11-16 17:27:51 --> Model "Alamat_model" initialized
INFO - 2020-11-16 17:27:51 --> File loaded: /home/u463870951/domains/freshcreativebook.com/public_html/application/views/welcome/index.php
INFO - 2020-11-16 17:27:51 --> Final output sent to browser
INFO - 2020-11-16 18:55:44 --> Config Class Initialized
INFO - 2020-11-16 18:55:44 --> Hooks Class Initialized
INFO - 2020-11-16 18:55:44 --> Utf8 Class Initialized
INFO - 2020-11-16 18:55:44 --> URI Class Initialized
INFO - 2020-11-16 18:55:44 --> Router Class Initialized
INFO - 2020-11-16 18:55:44 --> Output Class Initialized
INFO - 2020-11-16 18:55:44 --> Security Class Initialized
INFO - 2020-11-16 18:55:44 --> Input Class Initialized
INFO - 2020-11-16 18:55:44 --> Language Class Initialized
ERROR - 2020-11-16 18:55:44 --> 404 Page Not Found: Robotstxt/index
INFO - 2020-11-16 23:34:58 --> Config Class Initialized
INFO - 2020-11-16 23:34:58 --> Hooks Class Initialized
INFO - 2020-11-16 23:34:58 --> Utf8 Class Initialized
INFO - 2020-11-16 23:34:58 --> URI Class Initialized
INFO - 2020-11-16 23:34:58 --> Router Class Initialized
INFO - 2020-11-16 23:34:58 --> Output Class Initialized
INFO - 2020-11-16 23:34:58 --> Security Class Initialized
INFO - 2020-11-16 23:34:58 --> Input Class Initialized
INFO - 2020-11-16 23:34:58 --> Language Class Initialized
INFO - 2020-11-16 23:34:58 --> Loader Class Initialized
INFO - 2020-11-16 23:34:58 --> Helper loaded: url_helper
INFO - 2020-11-16 23:34:58 --> Helper loaded: file_helper
INFO - 2020-11-16 23:34:58 --> Helper loaded: security_helper
INFO - 2020-11-16 23:34:58 --> Helper loaded: login_helper
INFO - 2020-11-16 23:34:58 --> Database Driver Class Initialized
INFO - 2020-11-16 23:34:58 --> Email Class Initialized
INFO - 2020-11-16 23:34:58 --> Session: Class initialized using 'files' driver.
INFO - 2020-11-16 23:34:58 --> Helper loaded: form_helper
INFO - 2020-11-16 23:34:58 --> Form Validation Class Initialized
INFO - 2020-11-16 23:34:58 --> Controller Class Initialized
INFO - 2020-11-16 23:34:58 --> Model "Menu_model" initialized
INFO - 2020-11-16 23:34:58 --> Model "Alamat_model" initialized
INFO - 2020-11-16 23:34:58 --> File loaded: /home/u463870951/domains/freshcreativebook.com/public_html/application/views/welcome/index.php
INFO - 2020-11-16 23:34:58 --> Final output sent to browser
