INFO - 2020-11-13 00:29:58 --> Config Class Initialized
INFO - 2020-11-13 00:29:58 --> Hooks Class Initialized
INFO - 2020-11-13 00:29:58 --> Utf8 Class Initialized
INFO - 2020-11-13 00:29:58 --> URI Class Initialized
INFO - 2020-11-13 00:29:58 --> Router Class Initialized
INFO - 2020-11-13 00:29:58 --> Output Class Initialized
INFO - 2020-11-13 00:29:58 --> Security Class Initialized
INFO - 2020-11-13 00:29:58 --> Input Class Initialized
INFO - 2020-11-13 00:29:58 --> Language Class Initialized
ERROR - 2020-11-13 00:29:58 --> 404 Page Not Found: Assets/favicon
INFO - 2020-11-13 00:29:59 --> Config Class Initialized
INFO - 2020-11-13 00:29:59 --> Hooks Class Initialized
INFO - 2020-11-13 00:29:59 --> Utf8 Class Initialized
INFO - 2020-11-13 00:29:59 --> URI Class Initialized
INFO - 2020-11-13 00:29:59 --> Router Class Initialized
INFO - 2020-11-13 00:29:59 --> Output Class Initialized
INFO - 2020-11-13 00:29:59 --> Security Class Initialized
INFO - 2020-11-13 00:29:59 --> Input Class Initialized
INFO - 2020-11-13 00:29:59 --> Language Class Initialized
ERROR - 2020-11-13 00:29:59 --> 404 Page Not Found: Assets/favicon
INFO - 2020-11-13 01:30:50 --> Config Class Initialized
INFO - 2020-11-13 01:30:50 --> Hooks Class Initialized
INFO - 2020-11-13 01:30:50 --> Utf8 Class Initialized
INFO - 2020-11-13 01:30:50 --> URI Class Initialized
INFO - 2020-11-13 01:30:50 --> Router Class Initialized
INFO - 2020-11-13 01:30:50 --> Output Class Initialized
INFO - 2020-11-13 01:30:50 --> Security Class Initialized
INFO - 2020-11-13 01:30:50 --> Input Class Initialized
INFO - 2020-11-13 01:30:50 --> Language Class Initialized
INFO - 2020-11-13 01:30:50 --> Loader Class Initialized
INFO - 2020-11-13 01:30:50 --> Helper loaded: url_helper
INFO - 2020-11-13 01:30:50 --> Helper loaded: file_helper
INFO - 2020-11-13 01:30:50 --> Helper loaded: security_helper
INFO - 2020-11-13 01:30:50 --> Helper loaded: login_helper
INFO - 2020-11-13 01:30:50 --> Database Driver Class Initialized
INFO - 2020-11-13 01:30:50 --> Email Class Initialized
INFO - 2020-11-13 01:30:50 --> Session: Class initialized using 'files' driver.
INFO - 2020-11-13 01:30:50 --> Helper loaded: form_helper
INFO - 2020-11-13 01:30:50 --> Form Validation Class Initialized
INFO - 2020-11-13 01:30:50 --> Controller Class Initialized
INFO - 2020-11-13 01:30:50 --> Model "Menu_model" initialized
INFO - 2020-11-13 01:30:50 --> Model "Alamat_model" initialized
INFO - 2020-11-13 01:30:50 --> File loaded: /home/u463870951/domains/freshcreativebook.com/public_html/application/views/welcome/index.php
INFO - 2020-11-13 01:30:50 --> Final output sent to browser
INFO - 2020-11-13 01:31:28 --> Config Class Initialized
INFO - 2020-11-13 01:31:28 --> Hooks Class Initialized
INFO - 2020-11-13 01:31:28 --> Utf8 Class Initialized
INFO - 2020-11-13 01:31:28 --> URI Class Initialized
INFO - 2020-11-13 01:31:28 --> Router Class Initialized
INFO - 2020-11-13 01:31:28 --> Output Class Initialized
INFO - 2020-11-13 01:31:28 --> Security Class Initialized
INFO - 2020-11-13 01:31:28 --> Input Class Initialized
INFO - 2020-11-13 01:31:28 --> Language Class Initialized
ERROR - 2020-11-13 01:31:28 --> 404 Page Not Found: Robotstxt/index
INFO - 2020-11-13 02:08:14 --> Config Class Initialized
INFO - 2020-11-13 02:08:14 --> Hooks Class Initialized
INFO - 2020-11-13 02:08:14 --> Utf8 Class Initialized
INFO - 2020-11-13 02:08:14 --> URI Class Initialized
INFO - 2020-11-13 02:08:14 --> Router Class Initialized
INFO - 2020-11-13 02:08:14 --> Output Class Initialized
INFO - 2020-11-13 02:08:14 --> Security Class Initialized
INFO - 2020-11-13 02:08:14 --> Input Class Initialized
INFO - 2020-11-13 02:08:14 --> Language Class Initialized
INFO - 2020-11-13 02:08:14 --> Loader Class Initialized
INFO - 2020-11-13 02:08:14 --> Helper loaded: url_helper
INFO - 2020-11-13 02:08:14 --> Helper loaded: file_helper
INFO - 2020-11-13 02:08:14 --> Helper loaded: security_helper
INFO - 2020-11-13 02:08:14 --> Helper loaded: login_helper
INFO - 2020-11-13 02:08:14 --> Database Driver Class Initialized
INFO - 2020-11-13 02:08:14 --> Email Class Initialized
INFO - 2020-11-13 02:08:14 --> Session: Class initialized using 'files' driver.
INFO - 2020-11-13 02:08:14 --> Helper loaded: form_helper
INFO - 2020-11-13 02:08:14 --> Form Validation Class Initialized
INFO - 2020-11-13 02:08:14 --> Controller Class Initialized
INFO - 2020-11-13 02:08:14 --> Model "Menu_model" initialized
INFO - 2020-11-13 02:08:14 --> Model "Alamat_model" initialized
INFO - 2020-11-13 02:08:14 --> File loaded: /home/u463870951/domains/freshcreativebook.com/public_html/application/views/welcome/index.php
INFO - 2020-11-13 02:08:14 --> Final output sent to browser
INFO - 2020-11-13 05:20:48 --> Config Class Initialized
INFO - 2020-11-13 05:20:48 --> Hooks Class Initialized
INFO - 2020-11-13 05:20:48 --> Utf8 Class Initialized
INFO - 2020-11-13 05:20:48 --> URI Class Initialized
INFO - 2020-11-13 05:20:48 --> Router Class Initialized
INFO - 2020-11-13 05:20:48 --> Output Class Initialized
INFO - 2020-11-13 05:20:48 --> Security Class Initialized
INFO - 2020-11-13 05:20:48 --> Input Class Initialized
INFO - 2020-11-13 05:20:48 --> Language Class Initialized
INFO - 2020-11-13 05:20:48 --> Loader Class Initialized
INFO - 2020-11-13 05:20:48 --> Helper loaded: url_helper
INFO - 2020-11-13 05:20:48 --> Helper loaded: file_helper
INFO - 2020-11-13 05:20:48 --> Helper loaded: security_helper
INFO - 2020-11-13 05:20:48 --> Helper loaded: login_helper
INFO - 2020-11-13 05:20:48 --> Database Driver Class Initialized
INFO - 2020-11-13 05:20:48 --> Email Class Initialized
INFO - 2020-11-13 05:20:48 --> Session: Class initialized using 'files' driver.
INFO - 2020-11-13 05:20:48 --> Helper loaded: form_helper
INFO - 2020-11-13 05:20:48 --> Form Validation Class Initialized
INFO - 2020-11-13 05:20:48 --> Controller Class Initialized
INFO - 2020-11-13 05:20:48 --> Model "Menu_model" initialized
INFO - 2020-11-13 05:20:48 --> Model "Alamat_model" initialized
INFO - 2020-11-13 05:20:48 --> File loaded: /home/u463870951/domains/freshcreativebook.com/public_html/application/views/welcome/index.php
INFO - 2020-11-13 05:20:48 --> Final output sent to browser
INFO - 2020-11-13 08:20:24 --> Config Class Initialized
INFO - 2020-11-13 08:20:24 --> Hooks Class Initialized
INFO - 2020-11-13 08:20:24 --> Utf8 Class Initialized
INFO - 2020-11-13 08:20:24 --> URI Class Initialized
INFO - 2020-11-13 08:20:24 --> Router Class Initialized
INFO - 2020-11-13 08:20:24 --> Output Class Initialized
INFO - 2020-11-13 08:20:24 --> Security Class Initialized
INFO - 2020-11-13 08:20:24 --> Input Class Initialized
INFO - 2020-11-13 08:20:24 --> Language Class Initialized
INFO - 2020-11-13 08:20:24 --> Loader Class Initialized
INFO - 2020-11-13 08:20:24 --> Helper loaded: url_helper
INFO - 2020-11-13 08:20:24 --> Helper loaded: file_helper
INFO - 2020-11-13 08:20:24 --> Helper loaded: security_helper
INFO - 2020-11-13 08:20:24 --> Helper loaded: login_helper
INFO - 2020-11-13 08:20:24 --> Database Driver Class Initialized
INFO - 2020-11-13 08:20:24 --> Email Class Initialized
INFO - 2020-11-13 08:20:24 --> Session: Class initialized using 'files' driver.
INFO - 2020-11-13 08:20:24 --> Helper loaded: form_helper
INFO - 2020-11-13 08:20:24 --> Form Validation Class Initialized
INFO - 2020-11-13 08:20:24 --> Controller Class Initialized
INFO - 2020-11-13 08:20:24 --> Model "Menu_model" initialized
INFO - 2020-11-13 08:20:24 --> Model "Alamat_model" initialized
INFO - 2020-11-13 08:20:24 --> File loaded: /home/u463870951/domains/freshcreativebook.com/public_html/application/views/welcome/index.php
INFO - 2020-11-13 08:20:24 --> Final output sent to browser
INFO - 2020-11-13 08:20:26 --> Config Class Initialized
INFO - 2020-11-13 08:20:26 --> Hooks Class Initialized
INFO - 2020-11-13 08:20:26 --> Utf8 Class Initialized
INFO - 2020-11-13 08:20:26 --> URI Class Initialized
INFO - 2020-11-13 08:20:26 --> Router Class Initialized
INFO - 2020-11-13 08:20:26 --> Output Class Initialized
INFO - 2020-11-13 08:20:26 --> Security Class Initialized
INFO - 2020-11-13 08:20:26 --> Input Class Initialized
INFO - 2020-11-13 08:20:26 --> Language Class Initialized
INFO - 2020-11-13 08:20:26 --> Loader Class Initialized
INFO - 2020-11-13 08:20:26 --> Helper loaded: url_helper
INFO - 2020-11-13 08:20:26 --> Helper loaded: file_helper
INFO - 2020-11-13 08:20:26 --> Helper loaded: security_helper
INFO - 2020-11-13 08:20:26 --> Helper loaded: login_helper
INFO - 2020-11-13 08:20:26 --> Database Driver Class Initialized
INFO - 2020-11-13 08:20:26 --> Email Class Initialized
INFO - 2020-11-13 08:20:26 --> Session: Class initialized using 'files' driver.
INFO - 2020-11-13 08:20:26 --> Helper loaded: form_helper
INFO - 2020-11-13 08:20:26 --> Form Validation Class Initialized
INFO - 2020-11-13 08:20:26 --> Controller Class Initialized
INFO - 2020-11-13 08:20:26 --> Model "Menu_model" initialized
INFO - 2020-11-13 08:20:26 --> Model "Alamat_model" initialized
INFO - 2020-11-13 08:20:26 --> File loaded: /home/u463870951/domains/freshcreativebook.com/public_html/application/views/welcome/index.php
INFO - 2020-11-13 08:20:26 --> Final output sent to browser
INFO - 2020-11-13 08:20:29 --> Config Class Initialized
INFO - 2020-11-13 08:20:29 --> Hooks Class Initialized
INFO - 2020-11-13 08:20:29 --> Utf8 Class Initialized
INFO - 2020-11-13 08:20:29 --> URI Class Initialized
INFO - 2020-11-13 08:20:29 --> Router Class Initialized
INFO - 2020-11-13 08:20:29 --> Output Class Initialized
INFO - 2020-11-13 08:20:29 --> Security Class Initialized
INFO - 2020-11-13 08:20:29 --> Input Class Initialized
INFO - 2020-11-13 08:20:29 --> Language Class Initialized
ERROR - 2020-11-13 08:20:29 --> 404 Page Not Found: Robotstxt/index
INFO - 2020-11-13 08:20:30 --> Config Class Initialized
INFO - 2020-11-13 08:20:30 --> Hooks Class Initialized
INFO - 2020-11-13 08:20:30 --> Utf8 Class Initialized
INFO - 2020-11-13 08:20:30 --> URI Class Initialized
INFO - 2020-11-13 08:20:30 --> Router Class Initialized
INFO - 2020-11-13 08:20:30 --> Output Class Initialized
INFO - 2020-11-13 08:20:30 --> Security Class Initialized
INFO - 2020-11-13 08:20:30 --> Input Class Initialized
INFO - 2020-11-13 08:20:30 --> Language Class Initialized
INFO - 2020-11-13 08:20:30 --> Loader Class Initialized
INFO - 2020-11-13 08:20:30 --> Helper loaded: url_helper
INFO - 2020-11-13 08:20:30 --> Helper loaded: file_helper
INFO - 2020-11-13 08:20:30 --> Helper loaded: security_helper
INFO - 2020-11-13 08:20:30 --> Helper loaded: login_helper
INFO - 2020-11-13 08:20:30 --> Database Driver Class Initialized
INFO - 2020-11-13 08:20:30 --> Email Class Initialized
INFO - 2020-11-13 08:20:30 --> Session: Class initialized using 'files' driver.
INFO - 2020-11-13 08:20:30 --> Helper loaded: form_helper
INFO - 2020-11-13 08:20:30 --> Form Validation Class Initialized
INFO - 2020-11-13 08:20:30 --> Controller Class Initialized
INFO - 2020-11-13 08:20:30 --> Model "Menu_model" initialized
INFO - 2020-11-13 08:20:30 --> Model "Alamat_model" initialized
INFO - 2020-11-13 08:20:30 --> File loaded: /home/u463870951/domains/freshcreativebook.com/public_html/application/views/welcome/career.php
INFO - 2020-11-13 08:20:30 --> Final output sent to browser
INFO - 2020-11-13 08:20:32 --> Config Class Initialized
INFO - 2020-11-13 08:20:32 --> Hooks Class Initialized
INFO - 2020-11-13 08:20:32 --> Utf8 Class Initialized
INFO - 2020-11-13 08:20:32 --> URI Class Initialized
INFO - 2020-11-13 08:20:32 --> Router Class Initialized
INFO - 2020-11-13 08:20:32 --> Output Class Initialized
INFO - 2020-11-13 08:20:32 --> Security Class Initialized
INFO - 2020-11-13 08:20:32 --> Input Class Initialized
INFO - 2020-11-13 08:20:32 --> Language Class Initialized
INFO - 2020-11-13 08:20:32 --> Loader Class Initialized
INFO - 2020-11-13 08:20:32 --> Helper loaded: url_helper
INFO - 2020-11-13 08:20:32 --> Helper loaded: file_helper
INFO - 2020-11-13 08:20:32 --> Helper loaded: security_helper
INFO - 2020-11-13 08:20:32 --> Helper loaded: login_helper
INFO - 2020-11-13 08:20:32 --> Database Driver Class Initialized
INFO - 2020-11-13 08:20:32 --> Email Class Initialized
INFO - 2020-11-13 08:20:32 --> Session: Class initialized using 'files' driver.
INFO - 2020-11-13 08:20:32 --> Helper loaded: form_helper
INFO - 2020-11-13 08:20:32 --> Form Validation Class Initialized
INFO - 2020-11-13 08:20:32 --> Controller Class Initialized
INFO - 2020-11-13 08:20:32 --> Model "Menu_model" initialized
INFO - 2020-11-13 08:20:32 --> File loaded: /home/u463870951/domains/freshcreativebook.com/public_html/application/views/templates/auth_header.php
INFO - 2020-11-13 08:20:32 --> File loaded: /home/u463870951/domains/freshcreativebook.com/public_html/application/views/auth/login.php
INFO - 2020-11-13 08:20:32 --> File loaded: /home/u463870951/domains/freshcreativebook.com/public_html/application/views/templates/auth_header.php
INFO - 2020-11-13 08:20:32 --> Final output sent to browser
INFO - 2020-11-13 08:24:37 --> Config Class Initialized
INFO - 2020-11-13 08:24:37 --> Hooks Class Initialized
INFO - 2020-11-13 08:24:37 --> Utf8 Class Initialized
INFO - 2020-11-13 08:24:37 --> URI Class Initialized
INFO - 2020-11-13 08:24:37 --> Router Class Initialized
INFO - 2020-11-13 08:24:37 --> Output Class Initialized
INFO - 2020-11-13 08:24:37 --> Security Class Initialized
INFO - 2020-11-13 08:24:37 --> Input Class Initialized
INFO - 2020-11-13 08:24:37 --> Language Class Initialized
INFO - 2020-11-13 08:24:37 --> Loader Class Initialized
INFO - 2020-11-13 08:24:37 --> Helper loaded: url_helper
INFO - 2020-11-13 08:24:37 --> Helper loaded: file_helper
INFO - 2020-11-13 08:24:37 --> Helper loaded: security_helper
INFO - 2020-11-13 08:24:37 --> Helper loaded: login_helper
INFO - 2020-11-13 08:24:37 --> Database Driver Class Initialized
INFO - 2020-11-13 08:24:37 --> Email Class Initialized
INFO - 2020-11-13 08:24:37 --> Session: Class initialized using 'files' driver.
INFO - 2020-11-13 08:24:37 --> Helper loaded: form_helper
INFO - 2020-11-13 08:24:37 --> Form Validation Class Initialized
INFO - 2020-11-13 08:24:37 --> Controller Class Initialized
INFO - 2020-11-13 08:24:37 --> Model "Menu_model" initialized
INFO - 2020-11-13 08:24:37 --> Model "Alamat_model" initialized
INFO - 2020-11-13 08:24:37 --> File loaded: /home/u463870951/domains/freshcreativebook.com/public_html/application/views/welcome/index.php
INFO - 2020-11-13 08:24:37 --> Final output sent to browser
INFO - 2020-11-13 08:24:51 --> Config Class Initialized
INFO - 2020-11-13 08:24:51 --> Hooks Class Initialized
INFO - 2020-11-13 08:24:51 --> Utf8 Class Initialized
INFO - 2020-11-13 08:24:51 --> URI Class Initialized
INFO - 2020-11-13 08:24:51 --> Router Class Initialized
INFO - 2020-11-13 08:24:51 --> Output Class Initialized
INFO - 2020-11-13 08:24:51 --> Security Class Initialized
INFO - 2020-11-13 08:24:51 --> Input Class Initialized
INFO - 2020-11-13 08:24:51 --> Language Class Initialized
ERROR - 2020-11-13 08:24:51 --> 404 Page Not Found: Robotstxt/index
INFO - 2020-11-13 08:24:52 --> Config Class Initialized
INFO - 2020-11-13 08:24:52 --> Hooks Class Initialized
INFO - 2020-11-13 08:24:52 --> Utf8 Class Initialized
INFO - 2020-11-13 08:24:52 --> URI Class Initialized
INFO - 2020-11-13 08:24:52 --> Router Class Initialized
INFO - 2020-11-13 08:24:52 --> Output Class Initialized
INFO - 2020-11-13 08:24:52 --> Security Class Initialized
INFO - 2020-11-13 08:24:52 --> Input Class Initialized
INFO - 2020-11-13 08:24:52 --> Language Class Initialized
ERROR - 2020-11-13 08:24:52 --> 404 Page Not Found: Asset-manifestjson/index
INFO - 2020-11-13 08:24:56 --> Config Class Initialized
INFO - 2020-11-13 08:24:56 --> Hooks Class Initialized
INFO - 2020-11-13 08:24:56 --> Utf8 Class Initialized
INFO - 2020-11-13 08:24:56 --> URI Class Initialized
INFO - 2020-11-13 08:24:56 --> Router Class Initialized
INFO - 2020-11-13 08:24:56 --> Output Class Initialized
INFO - 2020-11-13 08:24:56 --> Security Class Initialized
INFO - 2020-11-13 08:24:56 --> Input Class Initialized
INFO - 2020-11-13 08:24:56 --> Language Class Initialized
INFO - 2020-11-13 08:24:56 --> Loader Class Initialized
INFO - 2020-11-13 08:24:56 --> Helper loaded: url_helper
INFO - 2020-11-13 08:24:56 --> Helper loaded: file_helper
INFO - 2020-11-13 08:24:56 --> Helper loaded: security_helper
INFO - 2020-11-13 08:24:56 --> Helper loaded: login_helper
INFO - 2020-11-13 08:24:56 --> Database Driver Class Initialized
INFO - 2020-11-13 08:24:56 --> Email Class Initialized
INFO - 2020-11-13 08:24:56 --> Session: Class initialized using 'files' driver.
INFO - 2020-11-13 08:24:56 --> Helper loaded: form_helper
INFO - 2020-11-13 08:24:56 --> Form Validation Class Initialized
INFO - 2020-11-13 08:24:56 --> Controller Class Initialized
INFO - 2020-11-13 08:24:56 --> Model "Menu_model" initialized
INFO - 2020-11-13 08:24:56 --> Model "Alamat_model" initialized
INFO - 2020-11-13 08:24:56 --> File loaded: /home/u463870951/domains/freshcreativebook.com/public_html/application/views/welcome/index.php
INFO - 2020-11-13 08:24:56 --> Final output sent to browser
INFO - 2020-11-13 08:45:38 --> Config Class Initialized
INFO - 2020-11-13 08:45:38 --> Hooks Class Initialized
INFO - 2020-11-13 08:45:38 --> Utf8 Class Initialized
INFO - 2020-11-13 08:45:38 --> URI Class Initialized
INFO - 2020-11-13 08:45:38 --> Router Class Initialized
INFO - 2020-11-13 08:45:38 --> Output Class Initialized
INFO - 2020-11-13 08:45:38 --> Security Class Initialized
INFO - 2020-11-13 08:45:38 --> Input Class Initialized
INFO - 2020-11-13 08:45:38 --> Language Class Initialized
INFO - 2020-11-13 08:45:38 --> Loader Class Initialized
INFO - 2020-11-13 08:45:38 --> Helper loaded: url_helper
INFO - 2020-11-13 08:45:38 --> Helper loaded: file_helper
INFO - 2020-11-13 08:45:38 --> Helper loaded: security_helper
INFO - 2020-11-13 08:45:38 --> Helper loaded: login_helper
INFO - 2020-11-13 08:45:38 --> Database Driver Class Initialized
INFO - 2020-11-13 08:45:38 --> Email Class Initialized
INFO - 2020-11-13 08:45:38 --> Session: Class initialized using 'files' driver.
INFO - 2020-11-13 08:45:38 --> Helper loaded: form_helper
INFO - 2020-11-13 08:45:38 --> Form Validation Class Initialized
INFO - 2020-11-13 08:45:38 --> Controller Class Initialized
INFO - 2020-11-13 08:45:38 --> Model "Menu_model" initialized
INFO - 2020-11-13 08:45:38 --> Model "Alamat_model" initialized
INFO - 2020-11-13 08:45:38 --> File loaded: /home/u463870951/domains/freshcreativebook.com/public_html/application/views/welcome/index.php
INFO - 2020-11-13 08:45:38 --> Final output sent to browser
INFO - 2020-11-13 08:45:45 --> Config Class Initialized
INFO - 2020-11-13 08:45:45 --> Hooks Class Initialized
INFO - 2020-11-13 08:45:45 --> Utf8 Class Initialized
INFO - 2020-11-13 08:45:45 --> URI Class Initialized
INFO - 2020-11-13 08:45:45 --> Router Class Initialized
INFO - 2020-11-13 08:45:45 --> Output Class Initialized
INFO - 2020-11-13 08:45:45 --> Security Class Initialized
INFO - 2020-11-13 08:45:45 --> Input Class Initialized
INFO - 2020-11-13 08:45:45 --> Language Class Initialized
INFO - 2020-11-13 08:45:45 --> Loader Class Initialized
INFO - 2020-11-13 08:45:45 --> Helper loaded: url_helper
INFO - 2020-11-13 08:45:45 --> Helper loaded: file_helper
INFO - 2020-11-13 08:45:45 --> Helper loaded: security_helper
INFO - 2020-11-13 08:45:45 --> Helper loaded: login_helper
INFO - 2020-11-13 08:45:45 --> Database Driver Class Initialized
INFO - 2020-11-13 08:45:45 --> Email Class Initialized
INFO - 2020-11-13 08:45:45 --> Session: Class initialized using 'files' driver.
INFO - 2020-11-13 08:45:45 --> Helper loaded: form_helper
INFO - 2020-11-13 08:45:45 --> Form Validation Class Initialized
INFO - 2020-11-13 08:45:45 --> Controller Class Initialized
INFO - 2020-11-13 08:45:45 --> Model "Menu_model" initialized
INFO - 2020-11-13 08:45:45 --> Model "Alamat_model" initialized
INFO - 2020-11-13 08:45:45 --> File loaded: /home/u463870951/domains/freshcreativebook.com/public_html/application/views/welcome/index.php
INFO - 2020-11-13 08:45:45 --> Final output sent to browser
INFO - 2020-11-13 11:04:34 --> Config Class Initialized
INFO - 2020-11-13 11:04:34 --> Hooks Class Initialized
INFO - 2020-11-13 11:04:34 --> Utf8 Class Initialized
INFO - 2020-11-13 11:04:34 --> URI Class Initialized
INFO - 2020-11-13 11:04:34 --> Router Class Initialized
INFO - 2020-11-13 11:04:34 --> Output Class Initialized
INFO - 2020-11-13 11:04:34 --> Security Class Initialized
INFO - 2020-11-13 11:04:34 --> Input Class Initialized
INFO - 2020-11-13 11:04:34 --> Language Class Initialized
INFO - 2020-11-13 11:04:34 --> Loader Class Initialized
INFO - 2020-11-13 11:04:34 --> Helper loaded: url_helper
INFO - 2020-11-13 11:04:34 --> Helper loaded: file_helper
INFO - 2020-11-13 11:04:34 --> Helper loaded: security_helper
INFO - 2020-11-13 11:04:34 --> Helper loaded: login_helper
INFO - 2020-11-13 11:04:34 --> Database Driver Class Initialized
INFO - 2020-11-13 11:04:34 --> Email Class Initialized
INFO - 2020-11-13 11:04:34 --> Session: Class initialized using 'files' driver.
INFO - 2020-11-13 11:04:34 --> Helper loaded: form_helper
INFO - 2020-11-13 11:04:34 --> Form Validation Class Initialized
INFO - 2020-11-13 11:04:34 --> Controller Class Initialized
INFO - 2020-11-13 11:04:34 --> Model "Menu_model" initialized
INFO - 2020-11-13 11:04:34 --> Model "Alamat_model" initialized
INFO - 2020-11-13 11:04:34 --> File loaded: /home/u463870951/domains/freshcreativebook.com/public_html/application/views/welcome/index.php
INFO - 2020-11-13 11:04:34 --> Final output sent to browser
INFO - 2020-11-13 12:01:58 --> Config Class Initialized
INFO - 2020-11-13 12:01:58 --> Hooks Class Initialized
INFO - 2020-11-13 12:01:58 --> Utf8 Class Initialized
INFO - 2020-11-13 12:01:58 --> URI Class Initialized
INFO - 2020-11-13 12:01:58 --> Router Class Initialized
INFO - 2020-11-13 12:01:58 --> Output Class Initialized
INFO - 2020-11-13 12:01:58 --> Security Class Initialized
INFO - 2020-11-13 12:01:58 --> Input Class Initialized
INFO - 2020-11-13 12:01:58 --> Language Class Initialized
INFO - 2020-11-13 12:01:58 --> Loader Class Initialized
INFO - 2020-11-13 12:01:58 --> Helper loaded: url_helper
INFO - 2020-11-13 12:01:58 --> Helper loaded: file_helper
INFO - 2020-11-13 12:01:58 --> Helper loaded: security_helper
INFO - 2020-11-13 12:01:58 --> Helper loaded: login_helper
INFO - 2020-11-13 12:01:58 --> Database Driver Class Initialized
INFO - 2020-11-13 12:01:58 --> Email Class Initialized
INFO - 2020-11-13 12:01:58 --> Session: Class initialized using 'files' driver.
INFO - 2020-11-13 12:01:58 --> Helper loaded: form_helper
INFO - 2020-11-13 12:01:58 --> Form Validation Class Initialized
INFO - 2020-11-13 12:01:58 --> Controller Class Initialized
INFO - 2020-11-13 12:01:58 --> Model "Alamat_model" initialized
INFO - 2020-11-13 12:01:58 --> Model "Menu_model" initialized
INFO - 2020-11-13 12:01:58 --> Config Class Initialized
INFO - 2020-11-13 12:01:58 --> Hooks Class Initialized
INFO - 2020-11-13 12:01:58 --> Utf8 Class Initialized
INFO - 2020-11-13 12:01:58 --> URI Class Initialized
INFO - 2020-11-13 12:01:58 --> Router Class Initialized
INFO - 2020-11-13 12:01:58 --> Output Class Initialized
INFO - 2020-11-13 12:01:58 --> Security Class Initialized
INFO - 2020-11-13 12:01:58 --> Input Class Initialized
INFO - 2020-11-13 12:01:58 --> Language Class Initialized
INFO - 2020-11-13 12:01:58 --> Loader Class Initialized
INFO - 2020-11-13 12:01:58 --> Helper loaded: url_helper
INFO - 2020-11-13 12:01:58 --> Helper loaded: file_helper
INFO - 2020-11-13 12:01:58 --> Helper loaded: security_helper
INFO - 2020-11-13 12:01:58 --> Helper loaded: login_helper
INFO - 2020-11-13 12:01:58 --> Database Driver Class Initialized
INFO - 2020-11-13 12:01:58 --> Email Class Initialized
INFO - 2020-11-13 12:01:58 --> Session: Class initialized using 'files' driver.
INFO - 2020-11-13 12:01:58 --> Helper loaded: form_helper
INFO - 2020-11-13 12:01:58 --> Form Validation Class Initialized
INFO - 2020-11-13 12:01:58 --> Controller Class Initialized
INFO - 2020-11-13 12:01:58 --> Model "Menu_model" initialized
INFO - 2020-11-13 12:01:58 --> File loaded: /home/u463870951/domains/freshcreativebook.com/public_html/application/views/templates/auth_header.php
INFO - 2020-11-13 12:01:58 --> File loaded: /home/u463870951/domains/freshcreativebook.com/public_html/application/views/auth/login.php
INFO - 2020-11-13 12:01:58 --> File loaded: /home/u463870951/domains/freshcreativebook.com/public_html/application/views/templates/auth_header.php
INFO - 2020-11-13 12:01:58 --> Final output sent to browser
INFO - 2020-11-13 12:02:00 --> Config Class Initialized
INFO - 2020-11-13 12:02:00 --> Hooks Class Initialized
INFO - 2020-11-13 12:02:00 --> Utf8 Class Initialized
INFO - 2020-11-13 12:02:00 --> URI Class Initialized
INFO - 2020-11-13 12:02:00 --> Router Class Initialized
INFO - 2020-11-13 12:02:00 --> Output Class Initialized
INFO - 2020-11-13 12:02:00 --> Security Class Initialized
INFO - 2020-11-13 12:02:00 --> Input Class Initialized
INFO - 2020-11-13 12:02:00 --> Language Class Initialized
ERROR - 2020-11-13 12:02:00 --> 404 Page Not Found: Assets/favicon
INFO - 2020-11-13 12:44:07 --> Config Class Initialized
INFO - 2020-11-13 12:44:07 --> Hooks Class Initialized
INFO - 2020-11-13 12:44:07 --> Utf8 Class Initialized
INFO - 2020-11-13 12:44:07 --> URI Class Initialized
INFO - 2020-11-13 12:44:07 --> Router Class Initialized
INFO - 2020-11-13 12:44:07 --> Output Class Initialized
INFO - 2020-11-13 12:44:07 --> Security Class Initialized
INFO - 2020-11-13 12:44:07 --> Input Class Initialized
INFO - 2020-11-13 12:44:07 --> Language Class Initialized
ERROR - 2020-11-13 12:44:07 --> 404 Page Not Found: Assets/favicon
INFO - 2020-11-13 12:44:08 --> Config Class Initialized
INFO - 2020-11-13 12:44:08 --> Hooks Class Initialized
INFO - 2020-11-13 12:44:08 --> Utf8 Class Initialized
INFO - 2020-11-13 12:44:08 --> URI Class Initialized
INFO - 2020-11-13 12:44:08 --> Router Class Initialized
INFO - 2020-11-13 12:44:08 --> Output Class Initialized
INFO - 2020-11-13 12:44:08 --> Security Class Initialized
INFO - 2020-11-13 12:44:08 --> Input Class Initialized
INFO - 2020-11-13 12:44:08 --> Language Class Initialized
ERROR - 2020-11-13 12:44:08 --> 404 Page Not Found: Assets/favicon
INFO - 2020-11-13 19:55:17 --> Config Class Initialized
INFO - 2020-11-13 19:55:17 --> Hooks Class Initialized
INFO - 2020-11-13 19:55:17 --> Utf8 Class Initialized
INFO - 2020-11-13 19:55:17 --> URI Class Initialized
INFO - 2020-11-13 19:55:17 --> Router Class Initialized
INFO - 2020-11-13 19:55:17 --> Output Class Initialized
INFO - 2020-11-13 19:55:17 --> Security Class Initialized
INFO - 2020-11-13 19:55:17 --> Input Class Initialized
INFO - 2020-11-13 19:55:17 --> Language Class Initialized
INFO - 2020-11-13 19:55:17 --> Loader Class Initialized
INFO - 2020-11-13 19:55:17 --> Helper loaded: url_helper
INFO - 2020-11-13 19:55:17 --> Helper loaded: file_helper
INFO - 2020-11-13 19:55:17 --> Helper loaded: security_helper
INFO - 2020-11-13 19:55:17 --> Helper loaded: login_helper
INFO - 2020-11-13 19:55:17 --> Database Driver Class Initialized
INFO - 2020-11-13 19:55:17 --> Email Class Initialized
INFO - 2020-11-13 19:55:17 --> Session: Class initialized using 'files' driver.
INFO - 2020-11-13 19:55:17 --> Helper loaded: form_helper
INFO - 2020-11-13 19:55:17 --> Form Validation Class Initialized
INFO - 2020-11-13 19:55:17 --> Controller Class Initialized
INFO - 2020-11-13 19:55:17 --> Model "Menu_model" initialized
INFO - 2020-11-13 19:55:17 --> Model "Alamat_model" initialized
INFO - 2020-11-13 19:55:17 --> File loaded: /home/u463870951/domains/freshcreativebook.com/public_html/application/views/welcome/index.php
INFO - 2020-11-13 19:55:17 --> Final output sent to browser
INFO - 2020-11-13 19:58:08 --> Config Class Initialized
INFO - 2020-11-13 19:58:08 --> Hooks Class Initialized
INFO - 2020-11-13 19:58:08 --> Utf8 Class Initialized
INFO - 2020-11-13 19:58:08 --> URI Class Initialized
INFO - 2020-11-13 19:58:08 --> Router Class Initialized
INFO - 2020-11-13 19:58:08 --> Output Class Initialized
INFO - 2020-11-13 19:58:08 --> Security Class Initialized
INFO - 2020-11-13 19:58:08 --> Input Class Initialized
INFO - 2020-11-13 19:58:08 --> Language Class Initialized
INFO - 2020-11-13 19:58:08 --> Loader Class Initialized
INFO - 2020-11-13 19:58:08 --> Helper loaded: url_helper
INFO - 2020-11-13 19:58:08 --> Helper loaded: file_helper
INFO - 2020-11-13 19:58:08 --> Helper loaded: security_helper
INFO - 2020-11-13 19:58:08 --> Helper loaded: login_helper
INFO - 2020-11-13 19:58:08 --> Database Driver Class Initialized
INFO - 2020-11-13 19:58:08 --> Email Class Initialized
INFO - 2020-11-13 19:58:08 --> Session: Class initialized using 'files' driver.
INFO - 2020-11-13 19:58:08 --> Helper loaded: form_helper
INFO - 2020-11-13 19:58:08 --> Form Validation Class Initialized
INFO - 2020-11-13 19:58:08 --> Controller Class Initialized
INFO - 2020-11-13 19:58:08 --> Model "Menu_model" initialized
INFO - 2020-11-13 19:58:08 --> Model "Alamat_model" initialized
INFO - 2020-11-13 19:58:08 --> File loaded: /home/u463870951/domains/freshcreativebook.com/public_html/application/views/welcome/index.php
INFO - 2020-11-13 19:58:08 --> Final output sent to browser
INFO - 2020-11-13 23:49:12 --> Config Class Initialized
INFO - 2020-11-13 23:49:12 --> Hooks Class Initialized
INFO - 2020-11-13 23:49:12 --> Utf8 Class Initialized
INFO - 2020-11-13 23:49:12 --> URI Class Initialized
INFO - 2020-11-13 23:49:12 --> Router Class Initialized
INFO - 2020-11-13 23:49:12 --> Output Class Initialized
INFO - 2020-11-13 23:49:12 --> Security Class Initialized
INFO - 2020-11-13 23:49:12 --> Input Class Initialized
INFO - 2020-11-13 23:49:12 --> Language Class Initialized
INFO - 2020-11-13 23:49:12 --> Loader Class Initialized
INFO - 2020-11-13 23:49:12 --> Helper loaded: url_helper
INFO - 2020-11-13 23:49:12 --> Helper loaded: file_helper
INFO - 2020-11-13 23:49:12 --> Helper loaded: security_helper
INFO - 2020-11-13 23:49:12 --> Helper loaded: login_helper
INFO - 2020-11-13 23:49:12 --> Database Driver Class Initialized
INFO - 2020-11-13 23:49:12 --> Email Class Initialized
INFO - 2020-11-13 23:49:12 --> Session: Class initialized using 'files' driver.
INFO - 2020-11-13 23:49:12 --> Helper loaded: form_helper
INFO - 2020-11-13 23:49:12 --> Form Validation Class Initialized
INFO - 2020-11-13 23:49:12 --> Controller Class Initialized
INFO - 2020-11-13 23:49:12 --> Model "Menu_model" initialized
INFO - 2020-11-13 23:49:12 --> Model "Alamat_model" initialized
INFO - 2020-11-13 23:49:12 --> File loaded: /home/u463870951/domains/freshcreativebook.com/public_html/application/views/welcome/index.php
INFO - 2020-11-13 23:49:12 --> Final output sent to browser
