INFO - 2020-11-15 02:10:28 --> Config Class Initialized
INFO - 2020-11-15 02:10:28 --> Hooks Class Initialized
INFO - 2020-11-15 02:10:28 --> Utf8 Class Initialized
INFO - 2020-11-15 02:10:28 --> URI Class Initialized
INFO - 2020-11-15 02:10:28 --> Router Class Initialized
INFO - 2020-11-15 02:10:28 --> Output Class Initialized
INFO - 2020-11-15 02:10:28 --> Security Class Initialized
INFO - 2020-11-15 02:10:28 --> Input Class Initialized
INFO - 2020-11-15 02:10:28 --> Language Class Initialized
INFO - 2020-11-15 02:10:28 --> Loader Class Initialized
INFO - 2020-11-15 02:10:28 --> Helper loaded: url_helper
INFO - 2020-11-15 02:10:28 --> Helper loaded: file_helper
INFO - 2020-11-15 02:10:28 --> Helper loaded: security_helper
INFO - 2020-11-15 02:10:28 --> Helper loaded: login_helper
INFO - 2020-11-15 02:10:28 --> Database Driver Class Initialized
INFO - 2020-11-15 02:10:28 --> Email Class Initialized
INFO - 2020-11-15 02:10:28 --> Session: Class initialized using 'files' driver.
INFO - 2020-11-15 02:10:28 --> Helper loaded: form_helper
INFO - 2020-11-15 02:10:28 --> Form Validation Class Initialized
INFO - 2020-11-15 02:10:28 --> Controller Class Initialized
INFO - 2020-11-15 02:10:28 --> Model "Menu_model" initialized
INFO - 2020-11-15 02:10:28 --> Model "Alamat_model" initialized
INFO - 2020-11-15 02:10:28 --> File loaded: /home/u463870951/domains/freshcreativebook.com/public_html/application/views/welcome/index.php
INFO - 2020-11-15 02:10:28 --> Final output sent to browser
INFO - 2020-11-15 02:49:54 --> Config Class Initialized
INFO - 2020-11-15 02:49:54 --> Hooks Class Initialized
INFO - 2020-11-15 02:49:54 --> Utf8 Class Initialized
INFO - 2020-11-15 02:49:54 --> URI Class Initialized
INFO - 2020-11-15 02:49:54 --> Router Class Initialized
INFO - 2020-11-15 02:49:54 --> Output Class Initialized
INFO - 2020-11-15 02:49:54 --> Security Class Initialized
INFO - 2020-11-15 02:49:54 --> Input Class Initialized
INFO - 2020-11-15 02:49:54 --> Language Class Initialized
INFO - 2020-11-15 02:49:54 --> Loader Class Initialized
INFO - 2020-11-15 02:49:54 --> Helper loaded: url_helper
INFO - 2020-11-15 02:49:54 --> Helper loaded: file_helper
INFO - 2020-11-15 02:49:54 --> Helper loaded: security_helper
INFO - 2020-11-15 02:49:54 --> Helper loaded: login_helper
INFO - 2020-11-15 02:49:54 --> Database Driver Class Initialized
INFO - 2020-11-15 02:49:54 --> Email Class Initialized
INFO - 2020-11-15 02:49:54 --> Session: Class initialized using 'files' driver.
INFO - 2020-11-15 02:49:54 --> Helper loaded: form_helper
INFO - 2020-11-15 02:49:54 --> Form Validation Class Initialized
INFO - 2020-11-15 02:49:54 --> Controller Class Initialized
INFO - 2020-11-15 02:49:54 --> Model "Menu_model" initialized
INFO - 2020-11-15 02:49:54 --> Model "Alamat_model" initialized
INFO - 2020-11-15 02:49:54 --> File loaded: /home/u463870951/domains/freshcreativebook.com/public_html/application/views/welcome/index.php
INFO - 2020-11-15 02:49:54 --> Final output sent to browser
INFO - 2020-11-15 03:21:40 --> Config Class Initialized
INFO - 2020-11-15 03:21:40 --> Hooks Class Initialized
INFO - 2020-11-15 03:21:40 --> Utf8 Class Initialized
INFO - 2020-11-15 03:21:40 --> URI Class Initialized
INFO - 2020-11-15 03:21:40 --> Router Class Initialized
INFO - 2020-11-15 03:21:40 --> Output Class Initialized
INFO - 2020-11-15 03:21:40 --> Security Class Initialized
INFO - 2020-11-15 03:21:40 --> Input Class Initialized
INFO - 2020-11-15 03:21:40 --> Language Class Initialized
INFO - 2020-11-15 03:21:40 --> Loader Class Initialized
INFO - 2020-11-15 03:21:40 --> Helper loaded: url_helper
INFO - 2020-11-15 03:21:40 --> Helper loaded: file_helper
INFO - 2020-11-15 03:21:40 --> Helper loaded: security_helper
INFO - 2020-11-15 03:21:40 --> Helper loaded: login_helper
INFO - 2020-11-15 03:21:40 --> Database Driver Class Initialized
INFO - 2020-11-15 03:21:40 --> Email Class Initialized
INFO - 2020-11-15 03:21:40 --> Session: Class initialized using 'files' driver.
INFO - 2020-11-15 03:21:40 --> Helper loaded: form_helper
INFO - 2020-11-15 03:21:40 --> Form Validation Class Initialized
INFO - 2020-11-15 03:21:40 --> Controller Class Initialized
INFO - 2020-11-15 03:21:40 --> Model "Menu_model" initialized
INFO - 2020-11-15 03:21:40 --> Model "Alamat_model" initialized
INFO - 2020-11-15 03:21:40 --> File loaded: /home/u463870951/domains/freshcreativebook.com/public_html/application/views/welcome/index.php
INFO - 2020-11-15 03:21:40 --> Final output sent to browser
INFO - 2020-11-15 03:35:22 --> Config Class Initialized
INFO - 2020-11-15 03:35:22 --> Hooks Class Initialized
INFO - 2020-11-15 03:35:22 --> Utf8 Class Initialized
INFO - 2020-11-15 03:35:22 --> URI Class Initialized
INFO - 2020-11-15 03:35:22 --> Router Class Initialized
INFO - 2020-11-15 03:35:22 --> Output Class Initialized
INFO - 2020-11-15 03:35:22 --> Security Class Initialized
INFO - 2020-11-15 03:35:22 --> Input Class Initialized
INFO - 2020-11-15 03:35:22 --> Language Class Initialized
INFO - 2020-11-15 03:35:22 --> Loader Class Initialized
INFO - 2020-11-15 03:35:22 --> Helper loaded: url_helper
INFO - 2020-11-15 03:35:22 --> Helper loaded: file_helper
INFO - 2020-11-15 03:35:22 --> Helper loaded: security_helper
INFO - 2020-11-15 03:35:22 --> Helper loaded: login_helper
INFO - 2020-11-15 03:35:22 --> Database Driver Class Initialized
INFO - 2020-11-15 03:35:22 --> Email Class Initialized
INFO - 2020-11-15 03:35:22 --> Session: Class initialized using 'files' driver.
INFO - 2020-11-15 03:35:22 --> Helper loaded: form_helper
INFO - 2020-11-15 03:35:22 --> Form Validation Class Initialized
INFO - 2020-11-15 03:35:22 --> Controller Class Initialized
INFO - 2020-11-15 03:35:22 --> Model "Menu_model" initialized
INFO - 2020-11-15 03:35:22 --> Model "Alamat_model" initialized
INFO - 2020-11-15 03:35:22 --> File loaded: /home/u463870951/domains/freshcreativebook.com/public_html/application/views/welcome/index.php
INFO - 2020-11-15 03:35:22 --> Final output sent to browser
INFO - 2020-11-15 03:39:52 --> Config Class Initialized
INFO - 2020-11-15 03:39:52 --> Hooks Class Initialized
INFO - 2020-11-15 03:39:52 --> Utf8 Class Initialized
INFO - 2020-11-15 03:39:52 --> URI Class Initialized
INFO - 2020-11-15 03:39:52 --> Router Class Initialized
INFO - 2020-11-15 03:39:52 --> Output Class Initialized
INFO - 2020-11-15 03:39:52 --> Security Class Initialized
INFO - 2020-11-15 03:39:52 --> Input Class Initialized
INFO - 2020-11-15 03:39:52 --> Language Class Initialized
INFO - 2020-11-15 03:39:52 --> Loader Class Initialized
INFO - 2020-11-15 03:39:52 --> Helper loaded: url_helper
INFO - 2020-11-15 03:39:52 --> Helper loaded: file_helper
INFO - 2020-11-15 03:39:52 --> Helper loaded: security_helper
INFO - 2020-11-15 03:39:52 --> Helper loaded: login_helper
INFO - 2020-11-15 03:39:52 --> Database Driver Class Initialized
INFO - 2020-11-15 03:39:52 --> Email Class Initialized
INFO - 2020-11-15 03:39:52 --> Session: Class initialized using 'files' driver.
INFO - 2020-11-15 03:39:52 --> Helper loaded: form_helper
INFO - 2020-11-15 03:39:52 --> Form Validation Class Initialized
INFO - 2020-11-15 03:39:52 --> Controller Class Initialized
INFO - 2020-11-15 03:39:52 --> Model "Menu_model" initialized
INFO - 2020-11-15 03:39:52 --> Model "Alamat_model" initialized
INFO - 2020-11-15 03:39:52 --> File loaded: /home/u463870951/domains/freshcreativebook.com/public_html/application/views/welcome/index.php
INFO - 2020-11-15 03:39:52 --> Final output sent to browser
INFO - 2020-11-15 06:09:56 --> Config Class Initialized
INFO - 2020-11-15 06:09:56 --> Hooks Class Initialized
INFO - 2020-11-15 06:09:56 --> Utf8 Class Initialized
INFO - 2020-11-15 06:09:56 --> URI Class Initialized
INFO - 2020-11-15 06:09:56 --> Router Class Initialized
INFO - 2020-11-15 06:09:56 --> Output Class Initialized
INFO - 2020-11-15 06:09:56 --> Security Class Initialized
INFO - 2020-11-15 06:09:56 --> Input Class Initialized
INFO - 2020-11-15 06:09:56 --> Language Class Initialized
INFO - 2020-11-15 06:09:56 --> Loader Class Initialized
INFO - 2020-11-15 06:09:56 --> Helper loaded: url_helper
INFO - 2020-11-15 06:09:56 --> Helper loaded: file_helper
INFO - 2020-11-15 06:09:56 --> Helper loaded: security_helper
INFO - 2020-11-15 06:09:56 --> Helper loaded: login_helper
INFO - 2020-11-15 06:09:56 --> Database Driver Class Initialized
INFO - 2020-11-15 06:09:56 --> Email Class Initialized
INFO - 2020-11-15 06:09:56 --> Session: Class initialized using 'files' driver.
INFO - 2020-11-15 06:09:56 --> Helper loaded: form_helper
INFO - 2020-11-15 06:09:56 --> Form Validation Class Initialized
INFO - 2020-11-15 06:09:56 --> Controller Class Initialized
INFO - 2020-11-15 06:09:56 --> Model "Menu_model" initialized
INFO - 2020-11-15 06:09:56 --> Model "Alamat_model" initialized
INFO - 2020-11-15 06:09:56 --> File loaded: /home/u463870951/domains/freshcreativebook.com/public_html/application/views/welcome/index.php
INFO - 2020-11-15 06:09:56 --> Final output sent to browser
INFO - 2020-11-15 07:23:05 --> Config Class Initialized
INFO - 2020-11-15 07:23:05 --> Hooks Class Initialized
INFO - 2020-11-15 07:23:05 --> Utf8 Class Initialized
INFO - 2020-11-15 07:23:05 --> URI Class Initialized
INFO - 2020-11-15 07:23:05 --> Router Class Initialized
INFO - 2020-11-15 07:23:05 --> Output Class Initialized
INFO - 2020-11-15 07:23:05 --> Security Class Initialized
INFO - 2020-11-15 07:23:05 --> Input Class Initialized
INFO - 2020-11-15 07:23:05 --> Language Class Initialized
INFO - 2020-11-15 07:23:05 --> Loader Class Initialized
INFO - 2020-11-15 07:23:05 --> Helper loaded: url_helper
INFO - 2020-11-15 07:23:05 --> Helper loaded: file_helper
INFO - 2020-11-15 07:23:05 --> Helper loaded: security_helper
INFO - 2020-11-15 07:23:05 --> Helper loaded: login_helper
INFO - 2020-11-15 07:23:05 --> Database Driver Class Initialized
INFO - 2020-11-15 07:23:05 --> Email Class Initialized
INFO - 2020-11-15 07:23:05 --> Session: Class initialized using 'files' driver.
INFO - 2020-11-15 07:23:05 --> Helper loaded: form_helper
INFO - 2020-11-15 07:23:05 --> Form Validation Class Initialized
INFO - 2020-11-15 07:23:05 --> Controller Class Initialized
INFO - 2020-11-15 07:23:05 --> Model "Menu_model" initialized
INFO - 2020-11-15 07:23:05 --> Model "Alamat_model" initialized
INFO - 2020-11-15 07:23:05 --> File loaded: /home/u463870951/domains/freshcreativebook.com/public_html/application/views/welcome/index.php
INFO - 2020-11-15 07:23:05 --> Final output sent to browser
INFO - 2020-11-15 08:04:22 --> Config Class Initialized
INFO - 2020-11-15 08:04:22 --> Hooks Class Initialized
INFO - 2020-11-15 08:04:22 --> Utf8 Class Initialized
INFO - 2020-11-15 08:04:22 --> URI Class Initialized
INFO - 2020-11-15 08:04:22 --> Router Class Initialized
INFO - 2020-11-15 08:04:22 --> Output Class Initialized
INFO - 2020-11-15 08:04:22 --> Security Class Initialized
INFO - 2020-11-15 08:04:22 --> Input Class Initialized
INFO - 2020-11-15 08:04:22 --> Language Class Initialized
INFO - 2020-11-15 08:04:22 --> Loader Class Initialized
INFO - 2020-11-15 08:04:22 --> Helper loaded: url_helper
INFO - 2020-11-15 08:04:22 --> Helper loaded: file_helper
INFO - 2020-11-15 08:04:22 --> Helper loaded: security_helper
INFO - 2020-11-15 08:04:22 --> Helper loaded: login_helper
INFO - 2020-11-15 08:04:22 --> Database Driver Class Initialized
INFO - 2020-11-15 08:04:22 --> Email Class Initialized
INFO - 2020-11-15 08:04:22 --> Session: Class initialized using 'files' driver.
INFO - 2020-11-15 08:04:22 --> Helper loaded: form_helper
INFO - 2020-11-15 08:04:22 --> Form Validation Class Initialized
INFO - 2020-11-15 08:04:22 --> Controller Class Initialized
INFO - 2020-11-15 08:04:22 --> Model "Menu_model" initialized
INFO - 2020-11-15 08:04:22 --> Model "Alamat_model" initialized
INFO - 2020-11-15 08:04:22 --> File loaded: /home/u463870951/domains/freshcreativebook.com/public_html/application/views/welcome/index.php
INFO - 2020-11-15 08:04:22 --> Final output sent to browser
INFO - 2020-11-15 08:36:35 --> Config Class Initialized
INFO - 2020-11-15 08:36:35 --> Hooks Class Initialized
INFO - 2020-11-15 08:36:35 --> Utf8 Class Initialized
INFO - 2020-11-15 08:36:35 --> URI Class Initialized
INFO - 2020-11-15 08:36:35 --> Router Class Initialized
INFO - 2020-11-15 08:36:35 --> Output Class Initialized
INFO - 2020-11-15 08:36:35 --> Security Class Initialized
INFO - 2020-11-15 08:36:35 --> Input Class Initialized
INFO - 2020-11-15 08:36:35 --> Language Class Initialized
INFO - 2020-11-15 08:36:35 --> Loader Class Initialized
INFO - 2020-11-15 08:36:35 --> Helper loaded: url_helper
INFO - 2020-11-15 08:36:35 --> Helper loaded: file_helper
INFO - 2020-11-15 08:36:35 --> Helper loaded: security_helper
INFO - 2020-11-15 08:36:35 --> Helper loaded: login_helper
INFO - 2020-11-15 08:36:35 --> Database Driver Class Initialized
INFO - 2020-11-15 08:36:35 --> Email Class Initialized
INFO - 2020-11-15 08:36:35 --> Session: Class initialized using 'files' driver.
INFO - 2020-11-15 08:36:35 --> Helper loaded: form_helper
INFO - 2020-11-15 08:36:35 --> Form Validation Class Initialized
INFO - 2020-11-15 08:36:35 --> Controller Class Initialized
INFO - 2020-11-15 08:36:35 --> Model "Menu_model" initialized
INFO - 2020-11-15 08:36:35 --> Model "Alamat_model" initialized
INFO - 2020-11-15 08:36:35 --> File loaded: /home/u463870951/domains/freshcreativebook.com/public_html/application/views/welcome/index.php
INFO - 2020-11-15 08:36:35 --> Final output sent to browser
INFO - 2020-11-15 10:53:39 --> Config Class Initialized
INFO - 2020-11-15 10:53:39 --> Hooks Class Initialized
INFO - 2020-11-15 10:53:39 --> Utf8 Class Initialized
INFO - 2020-11-15 10:53:39 --> URI Class Initialized
INFO - 2020-11-15 10:53:39 --> Router Class Initialized
INFO - 2020-11-15 10:53:39 --> Output Class Initialized
INFO - 2020-11-15 10:53:39 --> Security Class Initialized
INFO - 2020-11-15 10:53:39 --> Input Class Initialized
INFO - 2020-11-15 10:53:39 --> Language Class Initialized
ERROR - 2020-11-15 10:53:39 --> 404 Page Not Found: Wp-loginphp/index
INFO - 2020-11-15 13:50:46 --> Config Class Initialized
INFO - 2020-11-15 13:50:46 --> Hooks Class Initialized
INFO - 2020-11-15 13:50:46 --> Utf8 Class Initialized
INFO - 2020-11-15 13:50:46 --> URI Class Initialized
INFO - 2020-11-15 13:50:46 --> Router Class Initialized
INFO - 2020-11-15 13:50:46 --> Output Class Initialized
INFO - 2020-11-15 13:50:46 --> Security Class Initialized
INFO - 2020-11-15 13:50:46 --> Input Class Initialized
INFO - 2020-11-15 13:50:46 --> Language Class Initialized
INFO - 2020-11-15 13:50:46 --> Loader Class Initialized
INFO - 2020-11-15 13:50:46 --> Helper loaded: url_helper
INFO - 2020-11-15 13:50:46 --> Helper loaded: file_helper
INFO - 2020-11-15 13:50:46 --> Helper loaded: security_helper
INFO - 2020-11-15 13:50:46 --> Helper loaded: login_helper
INFO - 2020-11-15 13:50:46 --> Database Driver Class Initialized
INFO - 2020-11-15 13:50:46 --> Email Class Initialized
INFO - 2020-11-15 13:50:46 --> Session: Class initialized using 'files' driver.
INFO - 2020-11-15 13:50:47 --> Helper loaded: form_helper
INFO - 2020-11-15 13:50:47 --> Form Validation Class Initialized
INFO - 2020-11-15 13:50:47 --> Controller Class Initialized
INFO - 2020-11-15 13:50:47 --> Model "Menu_model" initialized
INFO - 2020-11-15 13:50:47 --> Model "Alamat_model" initialized
INFO - 2020-11-15 13:50:47 --> File loaded: /home/u463870951/domains/freshcreativebook.com/public_html/application/views/welcome/index.php
INFO - 2020-11-15 13:50:47 --> Final output sent to browser
INFO - 2020-11-15 13:50:54 --> Config Class Initialized
INFO - 2020-11-15 13:50:54 --> Hooks Class Initialized
INFO - 2020-11-15 13:50:54 --> Utf8 Class Initialized
INFO - 2020-11-15 13:50:54 --> URI Class Initialized
INFO - 2020-11-15 13:50:54 --> Router Class Initialized
INFO - 2020-11-15 13:50:54 --> Output Class Initialized
INFO - 2020-11-15 13:50:54 --> Security Class Initialized
INFO - 2020-11-15 13:50:54 --> Input Class Initialized
INFO - 2020-11-15 13:50:54 --> Language Class Initialized
ERROR - 2020-11-15 13:50:54 --> 404 Page Not Found: Assets/favicon
INFO - 2020-11-15 17:22:47 --> Config Class Initialized
INFO - 2020-11-15 17:22:47 --> Hooks Class Initialized
INFO - 2020-11-15 17:22:47 --> Utf8 Class Initialized
INFO - 2020-11-15 17:22:47 --> URI Class Initialized
INFO - 2020-11-15 17:22:47 --> Router Class Initialized
INFO - 2020-11-15 17:22:47 --> Output Class Initialized
INFO - 2020-11-15 17:22:47 --> Security Class Initialized
INFO - 2020-11-15 17:22:47 --> Input Class Initialized
INFO - 2020-11-15 17:22:47 --> Language Class Initialized
INFO - 2020-11-15 17:22:47 --> Loader Class Initialized
INFO - 2020-11-15 17:22:47 --> Helper loaded: url_helper
INFO - 2020-11-15 17:22:47 --> Helper loaded: file_helper
INFO - 2020-11-15 17:22:47 --> Helper loaded: security_helper
INFO - 2020-11-15 17:22:47 --> Helper loaded: login_helper
INFO - 2020-11-15 17:22:47 --> Database Driver Class Initialized
INFO - 2020-11-15 17:22:47 --> Email Class Initialized
INFO - 2020-11-15 17:22:47 --> Session: Class initialized using 'files' driver.
INFO - 2020-11-15 17:22:47 --> Helper loaded: form_helper
INFO - 2020-11-15 17:22:47 --> Form Validation Class Initialized
INFO - 2020-11-15 17:22:47 --> Controller Class Initialized
INFO - 2020-11-15 17:22:47 --> Model "Menu_model" initialized
INFO - 2020-11-15 17:22:47 --> Model "Alamat_model" initialized
INFO - 2020-11-15 17:22:47 --> File loaded: /home/u463870951/domains/freshcreativebook.com/public_html/application/views/welcome/index.php
INFO - 2020-11-15 17:22:47 --> Final output sent to browser
INFO - 2020-11-15 21:22:41 --> Config Class Initialized
INFO - 2020-11-15 21:22:41 --> Hooks Class Initialized
INFO - 2020-11-15 21:22:41 --> Utf8 Class Initialized
INFO - 2020-11-15 21:22:41 --> URI Class Initialized
INFO - 2020-11-15 21:22:41 --> Router Class Initialized
INFO - 2020-11-15 21:22:41 --> Output Class Initialized
INFO - 2020-11-15 21:22:41 --> Security Class Initialized
INFO - 2020-11-15 21:22:41 --> Input Class Initialized
INFO - 2020-11-15 21:22:41 --> Language Class Initialized
INFO - 2020-11-15 21:22:41 --> Loader Class Initialized
INFO - 2020-11-15 21:22:41 --> Helper loaded: url_helper
INFO - 2020-11-15 21:22:41 --> Helper loaded: file_helper
INFO - 2020-11-15 21:22:41 --> Helper loaded: security_helper
INFO - 2020-11-15 21:22:41 --> Helper loaded: login_helper
INFO - 2020-11-15 21:22:41 --> Database Driver Class Initialized
INFO - 2020-11-15 21:22:41 --> Email Class Initialized
INFO - 2020-11-15 21:22:41 --> Session: Class initialized using 'files' driver.
INFO - 2020-11-15 21:22:41 --> Helper loaded: form_helper
INFO - 2020-11-15 21:22:41 --> Form Validation Class Initialized
INFO - 2020-11-15 21:22:41 --> Controller Class Initialized
INFO - 2020-11-15 21:22:41 --> Model "Menu_model" initialized
INFO - 2020-11-15 21:22:41 --> Model "Alamat_model" initialized
INFO - 2020-11-15 21:22:41 --> File loaded: /home/u463870951/domains/freshcreativebook.com/public_html/application/views/welcome/index.php
INFO - 2020-11-15 21:22:41 --> Final output sent to browser
