INFO - 2020-11-20 01:55:46 --> Config Class Initialized
INFO - 2020-11-20 01:55:46 --> Hooks Class Initialized
INFO - 2020-11-20 01:55:46 --> Utf8 Class Initialized
INFO - 2020-11-20 01:55:46 --> URI Class Initialized
INFO - 2020-11-20 01:55:46 --> Router Class Initialized
INFO - 2020-11-20 01:55:46 --> Output Class Initialized
INFO - 2020-11-20 01:55:46 --> Security Class Initialized
INFO - 2020-11-20 01:55:46 --> Input Class Initialized
INFO - 2020-11-20 01:55:46 --> Language Class Initialized
INFO - 2020-11-20 01:55:46 --> Loader Class Initialized
INFO - 2020-11-20 01:55:46 --> Helper loaded: url_helper
INFO - 2020-11-20 01:55:46 --> Helper loaded: file_helper
INFO - 2020-11-20 01:55:46 --> Helper loaded: security_helper
INFO - 2020-11-20 01:55:46 --> Helper loaded: login_helper
INFO - 2020-11-20 01:55:46 --> Database Driver Class Initialized
INFO - 2020-11-20 01:55:46 --> Email Class Initialized
INFO - 2020-11-20 01:55:46 --> Session: Class initialized using 'files' driver.
INFO - 2020-11-20 01:55:46 --> Helper loaded: form_helper
INFO - 2020-11-20 01:55:46 --> Form Validation Class Initialized
INFO - 2020-11-20 01:55:46 --> Controller Class Initialized
INFO - 2020-11-20 01:55:46 --> Model "Menu_model" initialized
INFO - 2020-11-20 01:55:46 --> Model "Alamat_model" initialized
INFO - 2020-11-20 01:55:46 --> File loaded: /home/u463870951/domains/freshcreativebook.com/public_html/application/views/welcome/index.php
INFO - 2020-11-20 01:55:46 --> Final output sent to browser
INFO - 2020-11-20 02:05:19 --> Config Class Initialized
INFO - 2020-11-20 02:05:19 --> Hooks Class Initialized
INFO - 2020-11-20 02:05:19 --> Utf8 Class Initialized
INFO - 2020-11-20 02:05:19 --> URI Class Initialized
INFO - 2020-11-20 02:05:19 --> Router Class Initialized
INFO - 2020-11-20 02:05:19 --> Output Class Initialized
INFO - 2020-11-20 02:05:19 --> Security Class Initialized
INFO - 2020-11-20 02:05:19 --> Input Class Initialized
INFO - 2020-11-20 02:05:19 --> Language Class Initialized
INFO - 2020-11-20 02:05:19 --> Loader Class Initialized
INFO - 2020-11-20 02:05:19 --> Helper loaded: url_helper
INFO - 2020-11-20 02:05:19 --> Helper loaded: file_helper
INFO - 2020-11-20 02:05:19 --> Helper loaded: security_helper
INFO - 2020-11-20 02:05:19 --> Helper loaded: login_helper
INFO - 2020-11-20 02:05:19 --> Database Driver Class Initialized
INFO - 2020-11-20 02:05:19 --> Email Class Initialized
INFO - 2020-11-20 02:05:19 --> Session: Class initialized using 'files' driver.
INFO - 2020-11-20 02:05:19 --> Helper loaded: form_helper
INFO - 2020-11-20 02:05:19 --> Form Validation Class Initialized
INFO - 2020-11-20 02:05:19 --> Controller Class Initialized
INFO - 2020-11-20 02:05:19 --> Model "Menu_model" initialized
INFO - 2020-11-20 02:05:19 --> Model "Alamat_model" initialized
INFO - 2020-11-20 02:05:19 --> File loaded: /home/u463870951/domains/freshcreativebook.com/public_html/application/views/welcome/career.php
INFO - 2020-11-20 02:05:19 --> Final output sent to browser
INFO - 2020-11-20 02:05:20 --> Config Class Initialized
INFO - 2020-11-20 02:05:20 --> Hooks Class Initialized
INFO - 2020-11-20 02:05:20 --> Utf8 Class Initialized
INFO - 2020-11-20 02:05:20 --> URI Class Initialized
INFO - 2020-11-20 02:05:20 --> Router Class Initialized
INFO - 2020-11-20 02:05:20 --> Output Class Initialized
INFO - 2020-11-20 02:05:20 --> Security Class Initialized
INFO - 2020-11-20 02:05:20 --> Input Class Initialized
INFO - 2020-11-20 02:05:20 --> Language Class Initialized
ERROR - 2020-11-20 02:05:20 --> 404 Page Not Found: Assets/free
INFO - 2020-11-20 02:05:21 --> Config Class Initialized
INFO - 2020-11-20 02:05:21 --> Hooks Class Initialized
INFO - 2020-11-20 02:05:21 --> Utf8 Class Initialized
INFO - 2020-11-20 02:05:21 --> URI Class Initialized
INFO - 2020-11-20 02:05:21 --> Router Class Initialized
INFO - 2020-11-20 02:05:21 --> Output Class Initialized
INFO - 2020-11-20 02:05:21 --> Security Class Initialized
INFO - 2020-11-20 02:05:21 --> Input Class Initialized
INFO - 2020-11-20 02:05:21 --> Language Class Initialized
ERROR - 2020-11-20 02:05:21 --> 404 Page Not Found: Assets/favicon
INFO - 2020-11-20 03:23:37 --> Config Class Initialized
INFO - 2020-11-20 03:23:37 --> Hooks Class Initialized
INFO - 2020-11-20 03:23:37 --> Utf8 Class Initialized
INFO - 2020-11-20 03:23:37 --> URI Class Initialized
INFO - 2020-11-20 03:23:37 --> Router Class Initialized
INFO - 2020-11-20 03:23:37 --> Output Class Initialized
INFO - 2020-11-20 03:23:37 --> Security Class Initialized
INFO - 2020-11-20 03:23:37 --> Input Class Initialized
INFO - 2020-11-20 03:23:37 --> Language Class Initialized
INFO - 2020-11-20 03:23:37 --> Loader Class Initialized
INFO - 2020-11-20 03:23:37 --> Helper loaded: url_helper
INFO - 2020-11-20 03:23:37 --> Helper loaded: file_helper
INFO - 2020-11-20 03:23:37 --> Helper loaded: security_helper
INFO - 2020-11-20 03:23:37 --> Helper loaded: login_helper
INFO - 2020-11-20 03:23:37 --> Database Driver Class Initialized
INFO - 2020-11-20 03:23:37 --> Email Class Initialized
INFO - 2020-11-20 03:23:37 --> Session: Class initialized using 'files' driver.
INFO - 2020-11-20 03:23:37 --> Helper loaded: form_helper
INFO - 2020-11-20 03:23:37 --> Form Validation Class Initialized
INFO - 2020-11-20 03:23:37 --> Controller Class Initialized
INFO - 2020-11-20 03:23:37 --> Model "Menu_model" initialized
INFO - 2020-11-20 03:23:37 --> Model "Alamat_model" initialized
INFO - 2020-11-20 03:23:37 --> File loaded: /home/u463870951/domains/freshcreativebook.com/public_html/application/views/welcome/index.php
INFO - 2020-11-20 03:23:37 --> Final output sent to browser
INFO - 2020-11-20 03:23:38 --> Config Class Initialized
INFO - 2020-11-20 03:23:38 --> Hooks Class Initialized
INFO - 2020-11-20 03:23:38 --> Utf8 Class Initialized
INFO - 2020-11-20 03:23:38 --> URI Class Initialized
INFO - 2020-11-20 03:23:38 --> Router Class Initialized
INFO - 2020-11-20 03:23:38 --> Output Class Initialized
INFO - 2020-11-20 03:23:38 --> Security Class Initialized
INFO - 2020-11-20 03:23:38 --> Input Class Initialized
INFO - 2020-11-20 03:23:38 --> Language Class Initialized
ERROR - 2020-11-20 03:23:38 --> 404 Page Not Found: Robotstxt/index
INFO - 2020-11-20 03:23:39 --> Config Class Initialized
INFO - 2020-11-20 03:23:39 --> Hooks Class Initialized
INFO - 2020-11-20 03:23:39 --> Utf8 Class Initialized
INFO - 2020-11-20 03:23:39 --> URI Class Initialized
INFO - 2020-11-20 03:23:39 --> Router Class Initialized
INFO - 2020-11-20 03:23:39 --> Output Class Initialized
INFO - 2020-11-20 03:23:39 --> Security Class Initialized
INFO - 2020-11-20 03:23:39 --> Input Class Initialized
INFO - 2020-11-20 03:23:39 --> Language Class Initialized
INFO - 2020-11-20 03:23:39 --> Loader Class Initialized
INFO - 2020-11-20 03:23:39 --> Helper loaded: url_helper
INFO - 2020-11-20 03:23:39 --> Helper loaded: file_helper
INFO - 2020-11-20 03:23:39 --> Helper loaded: security_helper
INFO - 2020-11-20 03:23:39 --> Helper loaded: login_helper
INFO - 2020-11-20 03:23:39 --> Database Driver Class Initialized
INFO - 2020-11-20 03:23:39 --> Email Class Initialized
INFO - 2020-11-20 03:23:39 --> Session: Class initialized using 'files' driver.
INFO - 2020-11-20 03:23:39 --> Helper loaded: form_helper
INFO - 2020-11-20 03:23:39 --> Form Validation Class Initialized
INFO - 2020-11-20 03:23:39 --> Controller Class Initialized
INFO - 2020-11-20 03:23:39 --> Model "Menu_model" initialized
INFO - 2020-11-20 03:23:39 --> Model "Alamat_model" initialized
INFO - 2020-11-20 03:23:39 --> File loaded: /home/u463870951/domains/freshcreativebook.com/public_html/application/views/welcome/index.php
INFO - 2020-11-20 03:23:39 --> Final output sent to browser
INFO - 2020-11-20 06:22:16 --> Config Class Initialized
INFO - 2020-11-20 06:22:16 --> Hooks Class Initialized
INFO - 2020-11-20 06:22:16 --> Utf8 Class Initialized
INFO - 2020-11-20 06:22:16 --> URI Class Initialized
INFO - 2020-11-20 06:22:16 --> Router Class Initialized
INFO - 2020-11-20 06:22:16 --> Output Class Initialized
INFO - 2020-11-20 06:22:16 --> Security Class Initialized
INFO - 2020-11-20 06:22:16 --> Input Class Initialized
INFO - 2020-11-20 06:22:16 --> Language Class Initialized
INFO - 2020-11-20 06:22:16 --> Loader Class Initialized
INFO - 2020-11-20 06:22:16 --> Helper loaded: url_helper
INFO - 2020-11-20 06:22:16 --> Helper loaded: file_helper
INFO - 2020-11-20 06:22:16 --> Helper loaded: security_helper
INFO - 2020-11-20 06:22:16 --> Helper loaded: login_helper
INFO - 2020-11-20 06:22:16 --> Database Driver Class Initialized
INFO - 2020-11-20 06:22:16 --> Email Class Initialized
INFO - 2020-11-20 06:22:16 --> Session: Class initialized using 'files' driver.
INFO - 2020-11-20 06:22:16 --> Helper loaded: form_helper
INFO - 2020-11-20 06:22:16 --> Form Validation Class Initialized
INFO - 2020-11-20 06:22:16 --> Controller Class Initialized
INFO - 2020-11-20 06:22:16 --> Model "Menu_model" initialized
INFO - 2020-11-20 06:22:16 --> Model "Alamat_model" initialized
INFO - 2020-11-20 06:22:16 --> File loaded: /home/u463870951/domains/freshcreativebook.com/public_html/application/views/welcome/index.php
INFO - 2020-11-20 06:22:16 --> Final output sent to browser
INFO - 2020-11-20 06:53:13 --> Config Class Initialized
INFO - 2020-11-20 06:53:13 --> Hooks Class Initialized
INFO - 2020-11-20 06:53:13 --> Utf8 Class Initialized
INFO - 2020-11-20 06:53:13 --> URI Class Initialized
INFO - 2020-11-20 06:53:13 --> Router Class Initialized
INFO - 2020-11-20 06:53:13 --> Output Class Initialized
INFO - 2020-11-20 06:53:13 --> Security Class Initialized
INFO - 2020-11-20 06:53:13 --> Input Class Initialized
INFO - 2020-11-20 06:53:13 --> Language Class Initialized
ERROR - 2020-11-20 06:53:13 --> 404 Page Not Found: Robotstxt/index
INFO - 2020-11-20 06:53:13 --> Config Class Initialized
INFO - 2020-11-20 06:53:13 --> Hooks Class Initialized
INFO - 2020-11-20 06:53:13 --> Utf8 Class Initialized
INFO - 2020-11-20 06:53:13 --> URI Class Initialized
INFO - 2020-11-20 06:53:13 --> Router Class Initialized
INFO - 2020-11-20 06:53:13 --> Output Class Initialized
INFO - 2020-11-20 06:53:13 --> Security Class Initialized
INFO - 2020-11-20 06:53:13 --> Input Class Initialized
INFO - 2020-11-20 06:53:13 --> Language Class Initialized
INFO - 2020-11-20 06:53:13 --> Loader Class Initialized
INFO - 2020-11-20 06:53:13 --> Helper loaded: url_helper
INFO - 2020-11-20 06:53:13 --> Helper loaded: file_helper
INFO - 2020-11-20 06:53:13 --> Helper loaded: security_helper
INFO - 2020-11-20 06:53:13 --> Helper loaded: login_helper
INFO - 2020-11-20 06:53:13 --> Database Driver Class Initialized
INFO - 2020-11-20 06:53:13 --> Email Class Initialized
INFO - 2020-11-20 06:53:13 --> Session: Class initialized using 'files' driver.
INFO - 2020-11-20 06:53:13 --> Helper loaded: form_helper
INFO - 2020-11-20 06:53:13 --> Form Validation Class Initialized
INFO - 2020-11-20 06:53:13 --> Controller Class Initialized
INFO - 2020-11-20 06:53:13 --> Model "Menu_model" initialized
INFO - 2020-11-20 06:53:13 --> Model "Alamat_model" initialized
INFO - 2020-11-20 06:53:13 --> File loaded: /home/u463870951/domains/freshcreativebook.com/public_html/application/views/welcome/index.php
INFO - 2020-11-20 06:53:13 --> Final output sent to browser
INFO - 2020-11-20 06:54:24 --> Config Class Initialized
INFO - 2020-11-20 06:54:24 --> Hooks Class Initialized
INFO - 2020-11-20 06:54:24 --> Utf8 Class Initialized
INFO - 2020-11-20 06:54:24 --> URI Class Initialized
INFO - 2020-11-20 06:54:24 --> Router Class Initialized
INFO - 2020-11-20 06:54:24 --> Output Class Initialized
INFO - 2020-11-20 06:54:24 --> Security Class Initialized
INFO - 2020-11-20 06:54:24 --> Input Class Initialized
INFO - 2020-11-20 06:54:24 --> Language Class Initialized
INFO - 2020-11-20 06:54:25 --> Loader Class Initialized
INFO - 2020-11-20 06:54:25 --> Helper loaded: url_helper
INFO - 2020-11-20 06:54:25 --> Helper loaded: file_helper
INFO - 2020-11-20 06:54:25 --> Helper loaded: security_helper
INFO - 2020-11-20 06:54:25 --> Helper loaded: login_helper
INFO - 2020-11-20 06:54:25 --> Database Driver Class Initialized
INFO - 2020-11-20 06:54:25 --> Email Class Initialized
INFO - 2020-11-20 06:54:25 --> Session: Class initialized using 'files' driver.
INFO - 2020-11-20 06:54:25 --> Helper loaded: form_helper
INFO - 2020-11-20 06:54:25 --> Form Validation Class Initialized
INFO - 2020-11-20 06:54:25 --> Controller Class Initialized
INFO - 2020-11-20 06:54:25 --> Model "Menu_model" initialized
INFO - 2020-11-20 06:54:25 --> Model "Alamat_model" initialized
INFO - 2020-11-20 06:54:25 --> File loaded: /home/u463870951/domains/freshcreativebook.com/public_html/application/views/welcome/index.php
INFO - 2020-11-20 06:54:25 --> Final output sent to browser
INFO - 2020-11-20 06:54:42 --> Config Class Initialized
INFO - 2020-11-20 06:54:42 --> Hooks Class Initialized
INFO - 2020-11-20 06:54:42 --> Utf8 Class Initialized
INFO - 2020-11-20 06:54:42 --> URI Class Initialized
INFO - 2020-11-20 06:54:42 --> Router Class Initialized
INFO - 2020-11-20 06:54:42 --> Output Class Initialized
INFO - 2020-11-20 06:54:42 --> Security Class Initialized
INFO - 2020-11-20 06:54:42 --> Input Class Initialized
INFO - 2020-11-20 06:54:42 --> Language Class Initialized
ERROR - 2020-11-20 06:54:42 --> 404 Page Not Found: Robotstxt/index
INFO - 2020-11-20 07:29:24 --> Config Class Initialized
INFO - 2020-11-20 07:29:24 --> Hooks Class Initialized
INFO - 2020-11-20 07:29:24 --> Utf8 Class Initialized
INFO - 2020-11-20 07:29:24 --> URI Class Initialized
INFO - 2020-11-20 07:29:24 --> Router Class Initialized
INFO - 2020-11-20 07:29:24 --> Output Class Initialized
INFO - 2020-11-20 07:29:24 --> Security Class Initialized
INFO - 2020-11-20 07:29:24 --> Input Class Initialized
INFO - 2020-11-20 07:29:24 --> Language Class Initialized
INFO - 2020-11-20 07:29:24 --> Loader Class Initialized
INFO - 2020-11-20 07:29:24 --> Helper loaded: url_helper
INFO - 2020-11-20 07:29:24 --> Helper loaded: file_helper
INFO - 2020-11-20 07:29:24 --> Helper loaded: security_helper
INFO - 2020-11-20 07:29:24 --> Helper loaded: login_helper
INFO - 2020-11-20 07:29:24 --> Database Driver Class Initialized
INFO - 2020-11-20 07:29:24 --> Email Class Initialized
INFO - 2020-11-20 07:29:24 --> Session: Class initialized using 'files' driver.
INFO - 2020-11-20 07:29:24 --> Helper loaded: form_helper
INFO - 2020-11-20 07:29:24 --> Form Validation Class Initialized
INFO - 2020-11-20 07:29:24 --> Controller Class Initialized
INFO - 2020-11-20 07:29:24 --> Model "Menu_model" initialized
INFO - 2020-11-20 07:29:24 --> Model "Alamat_model" initialized
INFO - 2020-11-20 07:29:24 --> File loaded: /home/u463870951/domains/freshcreativebook.com/public_html/application/views/welcome/index.php
INFO - 2020-11-20 07:29:24 --> Final output sent to browser
INFO - 2020-11-20 07:29:25 --> Config Class Initialized
INFO - 2020-11-20 07:29:25 --> Hooks Class Initialized
INFO - 2020-11-20 07:29:25 --> Utf8 Class Initialized
INFO - 2020-11-20 07:29:25 --> URI Class Initialized
INFO - 2020-11-20 07:29:25 --> Router Class Initialized
INFO - 2020-11-20 07:29:25 --> Output Class Initialized
INFO - 2020-11-20 07:29:25 --> Security Class Initialized
INFO - 2020-11-20 07:29:25 --> Input Class Initialized
INFO - 2020-11-20 07:29:25 --> Language Class Initialized
INFO - 2020-11-20 07:29:25 --> Loader Class Initialized
INFO - 2020-11-20 07:29:25 --> Helper loaded: url_helper
INFO - 2020-11-20 07:29:25 --> Helper loaded: file_helper
INFO - 2020-11-20 07:29:25 --> Helper loaded: security_helper
INFO - 2020-11-20 07:29:25 --> Helper loaded: login_helper
INFO - 2020-11-20 07:29:25 --> Database Driver Class Initialized
INFO - 2020-11-20 07:29:25 --> Email Class Initialized
INFO - 2020-11-20 07:29:25 --> Session: Class initialized using 'files' driver.
INFO - 2020-11-20 07:29:25 --> Helper loaded: form_helper
INFO - 2020-11-20 07:29:25 --> Form Validation Class Initialized
INFO - 2020-11-20 07:29:25 --> Controller Class Initialized
INFO - 2020-11-20 07:29:25 --> Model "Menu_model" initialized
INFO - 2020-11-20 07:29:25 --> Model "Alamat_model" initialized
INFO - 2020-11-20 07:29:25 --> File loaded: /home/u463870951/domains/freshcreativebook.com/public_html/application/views/welcome/index.php
INFO - 2020-11-20 07:29:25 --> Final output sent to browser
INFO - 2020-11-20 07:41:57 --> Config Class Initialized
INFO - 2020-11-20 07:41:57 --> Hooks Class Initialized
INFO - 2020-11-20 07:41:57 --> Utf8 Class Initialized
INFO - 2020-11-20 07:41:57 --> URI Class Initialized
INFO - 2020-11-20 07:41:57 --> Router Class Initialized
INFO - 2020-11-20 07:41:57 --> Output Class Initialized
INFO - 2020-11-20 07:41:57 --> Security Class Initialized
INFO - 2020-11-20 07:41:57 --> Input Class Initialized
INFO - 2020-11-20 07:41:57 --> Language Class Initialized
INFO - 2020-11-20 07:41:57 --> Loader Class Initialized
INFO - 2020-11-20 07:41:57 --> Helper loaded: url_helper
INFO - 2020-11-20 07:41:57 --> Helper loaded: file_helper
INFO - 2020-11-20 07:41:57 --> Helper loaded: security_helper
INFO - 2020-11-20 07:41:57 --> Helper loaded: login_helper
INFO - 2020-11-20 07:41:57 --> Database Driver Class Initialized
INFO - 2020-11-20 07:41:57 --> Email Class Initialized
INFO - 2020-11-20 07:41:57 --> Session: Class initialized using 'files' driver.
INFO - 2020-11-20 07:41:57 --> Helper loaded: form_helper
INFO - 2020-11-20 07:41:57 --> Form Validation Class Initialized
INFO - 2020-11-20 07:41:57 --> Controller Class Initialized
INFO - 2020-11-20 07:41:57 --> Model "Menu_model" initialized
INFO - 2020-11-20 07:41:57 --> Model "Alamat_model" initialized
INFO - 2020-11-20 07:41:57 --> File loaded: /home/u463870951/domains/freshcreativebook.com/public_html/application/views/welcome/career.php
INFO - 2020-11-20 07:41:57 --> Final output sent to browser
INFO - 2020-11-20 07:41:59 --> Config Class Initialized
INFO - 2020-11-20 07:41:59 --> Hooks Class Initialized
INFO - 2020-11-20 07:41:59 --> Utf8 Class Initialized
INFO - 2020-11-20 07:41:59 --> URI Class Initialized
INFO - 2020-11-20 07:41:59 --> Router Class Initialized
INFO - 2020-11-20 07:41:59 --> Output Class Initialized
INFO - 2020-11-20 07:41:59 --> Security Class Initialized
INFO - 2020-11-20 07:41:59 --> Input Class Initialized
INFO - 2020-11-20 07:41:59 --> Language Class Initialized
INFO - 2020-11-20 07:41:59 --> Loader Class Initialized
INFO - 2020-11-20 07:41:59 --> Helper loaded: url_helper
INFO - 2020-11-20 07:41:59 --> Helper loaded: file_helper
INFO - 2020-11-20 07:41:59 --> Helper loaded: security_helper
INFO - 2020-11-20 07:41:59 --> Helper loaded: login_helper
INFO - 2020-11-20 07:41:59 --> Database Driver Class Initialized
INFO - 2020-11-20 07:41:59 --> Email Class Initialized
INFO - 2020-11-20 07:41:59 --> Session: Class initialized using 'files' driver.
INFO - 2020-11-20 07:41:59 --> Helper loaded: form_helper
INFO - 2020-11-20 07:41:59 --> Form Validation Class Initialized
INFO - 2020-11-20 07:41:59 --> Controller Class Initialized
INFO - 2020-11-20 07:41:59 --> Model "Menu_model" initialized
INFO - 2020-11-20 07:41:59 --> Model "Alamat_model" initialized
INFO - 2020-11-20 07:41:59 --> File loaded: /home/u463870951/domains/freshcreativebook.com/public_html/application/views/welcome/career.php
INFO - 2020-11-20 07:41:59 --> Final output sent to browser
INFO - 2020-11-20 07:42:11 --> Config Class Initialized
INFO - 2020-11-20 07:42:11 --> Hooks Class Initialized
INFO - 2020-11-20 07:42:11 --> Utf8 Class Initialized
INFO - 2020-11-20 07:42:11 --> URI Class Initialized
INFO - 2020-11-20 07:42:11 --> Router Class Initialized
INFO - 2020-11-20 07:42:11 --> Output Class Initialized
INFO - 2020-11-20 07:42:11 --> Security Class Initialized
INFO - 2020-11-20 07:42:11 --> Input Class Initialized
INFO - 2020-11-20 07:42:11 --> Language Class Initialized
ERROR - 2020-11-20 07:42:11 --> 404 Page Not Found: Assets/free
INFO - 2020-11-20 07:47:27 --> Config Class Initialized
INFO - 2020-11-20 07:47:27 --> Hooks Class Initialized
INFO - 2020-11-20 07:47:27 --> Utf8 Class Initialized
INFO - 2020-11-20 07:47:27 --> URI Class Initialized
INFO - 2020-11-20 07:47:27 --> Router Class Initialized
INFO - 2020-11-20 07:47:27 --> Output Class Initialized
INFO - 2020-11-20 07:47:27 --> Security Class Initialized
INFO - 2020-11-20 07:47:27 --> Input Class Initialized
INFO - 2020-11-20 07:47:27 --> Language Class Initialized
INFO - 2020-11-20 07:47:27 --> Loader Class Initialized
INFO - 2020-11-20 07:47:27 --> Helper loaded: url_helper
INFO - 2020-11-20 07:47:27 --> Helper loaded: file_helper
INFO - 2020-11-20 07:47:27 --> Helper loaded: security_helper
INFO - 2020-11-20 07:47:27 --> Helper loaded: login_helper
INFO - 2020-11-20 07:47:27 --> Database Driver Class Initialized
INFO - 2020-11-20 07:47:27 --> Email Class Initialized
INFO - 2020-11-20 07:47:27 --> Session: Class initialized using 'files' driver.
INFO - 2020-11-20 07:47:27 --> Helper loaded: form_helper
INFO - 2020-11-20 07:47:27 --> Form Validation Class Initialized
INFO - 2020-11-20 07:47:27 --> Controller Class Initialized
INFO - 2020-11-20 07:47:27 --> Model "Menu_model" initialized
INFO - 2020-11-20 07:47:27 --> Model "Alamat_model" initialized
INFO - 2020-11-20 07:47:27 --> File loaded: /home/u463870951/domains/freshcreativebook.com/public_html/application/views/welcome/index.php
INFO - 2020-11-20 07:47:27 --> Final output sent to browser
INFO - 2020-11-20 09:04:24 --> Config Class Initialized
INFO - 2020-11-20 09:04:24 --> Hooks Class Initialized
INFO - 2020-11-20 09:04:24 --> Utf8 Class Initialized
INFO - 2020-11-20 09:04:24 --> URI Class Initialized
INFO - 2020-11-20 09:04:24 --> Router Class Initialized
INFO - 2020-11-20 09:04:24 --> Output Class Initialized
INFO - 2020-11-20 09:04:24 --> Security Class Initialized
INFO - 2020-11-20 09:04:24 --> Input Class Initialized
INFO - 2020-11-20 09:04:24 --> Language Class Initialized
INFO - 2020-11-20 09:04:24 --> Loader Class Initialized
INFO - 2020-11-20 09:04:24 --> Helper loaded: url_helper
INFO - 2020-11-20 09:04:24 --> Helper loaded: file_helper
INFO - 2020-11-20 09:04:24 --> Helper loaded: security_helper
INFO - 2020-11-20 09:04:24 --> Helper loaded: login_helper
INFO - 2020-11-20 09:04:24 --> Database Driver Class Initialized
INFO - 2020-11-20 09:04:24 --> Email Class Initialized
INFO - 2020-11-20 09:04:24 --> Session: Class initialized using 'files' driver.
INFO - 2020-11-20 09:04:24 --> Helper loaded: form_helper
INFO - 2020-11-20 09:04:24 --> Form Validation Class Initialized
INFO - 2020-11-20 09:04:24 --> Controller Class Initialized
INFO - 2020-11-20 09:04:24 --> Model "Menu_model" initialized
INFO - 2020-11-20 09:04:24 --> Model "Alamat_model" initialized
INFO - 2020-11-20 09:04:24 --> File loaded: /home/u463870951/domains/freshcreativebook.com/public_html/application/views/welcome/index.php
INFO - 2020-11-20 09:04:24 --> Final output sent to browser
INFO - 2020-11-20 09:04:36 --> Config Class Initialized
INFO - 2020-11-20 09:04:36 --> Hooks Class Initialized
INFO - 2020-11-20 09:04:36 --> Utf8 Class Initialized
INFO - 2020-11-20 09:04:36 --> URI Class Initialized
INFO - 2020-11-20 09:04:36 --> Router Class Initialized
INFO - 2020-11-20 09:04:36 --> Output Class Initialized
INFO - 2020-11-20 09:04:36 --> Security Class Initialized
INFO - 2020-11-20 09:04:36 --> Input Class Initialized
INFO - 2020-11-20 09:04:36 --> Language Class Initialized
ERROR - 2020-11-20 09:04:36 --> 404 Page Not Found: Assets/favicon
INFO - 2020-11-20 09:10:13 --> Config Class Initialized
INFO - 2020-11-20 09:10:13 --> Hooks Class Initialized
INFO - 2020-11-20 09:10:13 --> Utf8 Class Initialized
INFO - 2020-11-20 09:10:13 --> URI Class Initialized
INFO - 2020-11-20 09:10:13 --> Router Class Initialized
INFO - 2020-11-20 09:10:13 --> Output Class Initialized
INFO - 2020-11-20 09:10:13 --> Security Class Initialized
INFO - 2020-11-20 09:10:13 --> Input Class Initialized
INFO - 2020-11-20 09:10:13 --> Language Class Initialized
INFO - 2020-11-20 09:10:13 --> Loader Class Initialized
INFO - 2020-11-20 09:10:13 --> Helper loaded: url_helper
INFO - 2020-11-20 09:10:13 --> Helper loaded: file_helper
INFO - 2020-11-20 09:10:13 --> Helper loaded: security_helper
INFO - 2020-11-20 09:10:13 --> Helper loaded: login_helper
INFO - 2020-11-20 09:10:13 --> Database Driver Class Initialized
INFO - 2020-11-20 09:10:13 --> Email Class Initialized
INFO - 2020-11-20 09:10:13 --> Session: Class initialized using 'files' driver.
INFO - 2020-11-20 09:10:13 --> Helper loaded: form_helper
INFO - 2020-11-20 09:10:13 --> Form Validation Class Initialized
INFO - 2020-11-20 09:10:13 --> Controller Class Initialized
INFO - 2020-11-20 09:10:13 --> Model "Menu_model" initialized
INFO - 2020-11-20 09:10:13 --> Model "Alamat_model" initialized
INFO - 2020-11-20 09:10:13 --> File loaded: /home/u463870951/domains/freshcreativebook.com/public_html/application/views/welcome/index.php
INFO - 2020-11-20 09:10:13 --> Final output sent to browser
INFO - 2020-11-20 09:29:11 --> Config Class Initialized
INFO - 2020-11-20 09:29:11 --> Hooks Class Initialized
INFO - 2020-11-20 09:29:11 --> Utf8 Class Initialized
INFO - 2020-11-20 09:29:11 --> URI Class Initialized
INFO - 2020-11-20 09:29:11 --> Router Class Initialized
INFO - 2020-11-20 09:29:11 --> Output Class Initialized
INFO - 2020-11-20 09:29:11 --> Security Class Initialized
INFO - 2020-11-20 09:29:11 --> Input Class Initialized
INFO - 2020-11-20 09:29:11 --> Language Class Initialized
INFO - 2020-11-20 09:29:11 --> Loader Class Initialized
INFO - 2020-11-20 09:29:11 --> Helper loaded: url_helper
INFO - 2020-11-20 09:29:11 --> Helper loaded: file_helper
INFO - 2020-11-20 09:29:11 --> Helper loaded: security_helper
INFO - 2020-11-20 09:29:11 --> Helper loaded: login_helper
INFO - 2020-11-20 09:29:11 --> Database Driver Class Initialized
INFO - 2020-11-20 09:29:11 --> Email Class Initialized
INFO - 2020-11-20 09:29:11 --> Session: Class initialized using 'files' driver.
INFO - 2020-11-20 09:29:11 --> Helper loaded: form_helper
INFO - 2020-11-20 09:29:11 --> Form Validation Class Initialized
INFO - 2020-11-20 09:29:11 --> Controller Class Initialized
INFO - 2020-11-20 09:29:11 --> Model "Alamat_model" initialized
INFO - 2020-11-20 09:29:11 --> Config Class Initialized
INFO - 2020-11-20 09:29:11 --> Hooks Class Initialized
INFO - 2020-11-20 09:29:11 --> Utf8 Class Initialized
INFO - 2020-11-20 09:29:11 --> URI Class Initialized
INFO - 2020-11-20 09:29:11 --> Router Class Initialized
INFO - 2020-11-20 09:29:11 --> Output Class Initialized
INFO - 2020-11-20 09:29:11 --> Security Class Initialized
INFO - 2020-11-20 09:29:11 --> Input Class Initialized
INFO - 2020-11-20 09:29:11 --> Language Class Initialized
INFO - 2020-11-20 09:29:11 --> Loader Class Initialized
INFO - 2020-11-20 09:29:11 --> Helper loaded: url_helper
INFO - 2020-11-20 09:29:11 --> Helper loaded: file_helper
INFO - 2020-11-20 09:29:11 --> Helper loaded: security_helper
INFO - 2020-11-20 09:29:11 --> Helper loaded: login_helper
INFO - 2020-11-20 09:29:11 --> Database Driver Class Initialized
INFO - 2020-11-20 09:29:11 --> Email Class Initialized
INFO - 2020-11-20 09:29:11 --> Session: Class initialized using 'files' driver.
INFO - 2020-11-20 09:29:11 --> Helper loaded: form_helper
INFO - 2020-11-20 09:29:11 --> Form Validation Class Initialized
INFO - 2020-11-20 09:29:11 --> Controller Class Initialized
INFO - 2020-11-20 09:29:11 --> Model "Menu_model" initialized
INFO - 2020-11-20 09:29:11 --> File loaded: /home/u463870951/domains/freshcreativebook.com/public_html/application/views/templates/auth_header.php
INFO - 2020-11-20 09:29:11 --> File loaded: /home/u463870951/domains/freshcreativebook.com/public_html/application/views/auth/login.php
INFO - 2020-11-20 09:29:11 --> File loaded: /home/u463870951/domains/freshcreativebook.com/public_html/application/views/templates/auth_header.php
INFO - 2020-11-20 09:29:11 --> Final output sent to browser
INFO - 2020-11-20 09:29:16 --> Config Class Initialized
INFO - 2020-11-20 09:29:16 --> Hooks Class Initialized
INFO - 2020-11-20 09:29:16 --> Utf8 Class Initialized
INFO - 2020-11-20 09:29:16 --> URI Class Initialized
INFO - 2020-11-20 09:29:16 --> Router Class Initialized
INFO - 2020-11-20 09:29:16 --> Output Class Initialized
INFO - 2020-11-20 09:29:16 --> Security Class Initialized
INFO - 2020-11-20 09:29:16 --> Input Class Initialized
INFO - 2020-11-20 09:29:16 --> Language Class Initialized
ERROR - 2020-11-20 09:29:16 --> 404 Page Not Found: Assets/favicon
INFO - 2020-11-20 09:54:05 --> Config Class Initialized
INFO - 2020-11-20 09:54:05 --> Hooks Class Initialized
INFO - 2020-11-20 09:54:05 --> Utf8 Class Initialized
INFO - 2020-11-20 09:54:05 --> URI Class Initialized
INFO - 2020-11-20 09:54:05 --> Router Class Initialized
INFO - 2020-11-20 09:54:05 --> Output Class Initialized
INFO - 2020-11-20 09:54:05 --> Security Class Initialized
INFO - 2020-11-20 09:54:05 --> Input Class Initialized
INFO - 2020-11-20 09:54:05 --> Language Class Initialized
INFO - 2020-11-20 09:54:05 --> Loader Class Initialized
INFO - 2020-11-20 09:54:05 --> Helper loaded: url_helper
INFO - 2020-11-20 09:54:05 --> Helper loaded: file_helper
INFO - 2020-11-20 09:54:05 --> Helper loaded: security_helper
INFO - 2020-11-20 09:54:05 --> Helper loaded: login_helper
INFO - 2020-11-20 09:54:05 --> Database Driver Class Initialized
INFO - 2020-11-20 09:54:05 --> Email Class Initialized
INFO - 2020-11-20 09:54:05 --> Session: Class initialized using 'files' driver.
INFO - 2020-11-20 09:54:05 --> Helper loaded: form_helper
INFO - 2020-11-20 09:54:05 --> Form Validation Class Initialized
INFO - 2020-11-20 09:54:05 --> Controller Class Initialized
INFO - 2020-11-20 09:54:05 --> Model "Menu_model" initialized
INFO - 2020-11-20 09:54:05 --> Model "Alamat_model" initialized
INFO - 2020-11-20 09:54:05 --> File loaded: /home/u463870951/domains/freshcreativebook.com/public_html/application/views/welcome/career.php
INFO - 2020-11-20 09:54:05 --> Final output sent to browser
INFO - 2020-11-20 09:54:06 --> Config Class Initialized
INFO - 2020-11-20 09:54:06 --> Hooks Class Initialized
INFO - 2020-11-20 09:54:06 --> Utf8 Class Initialized
INFO - 2020-11-20 09:54:06 --> URI Class Initialized
INFO - 2020-11-20 09:54:06 --> Router Class Initialized
INFO - 2020-11-20 09:54:06 --> Output Class Initialized
INFO - 2020-11-20 09:54:06 --> Security Class Initialized
INFO - 2020-11-20 09:54:06 --> Input Class Initialized
INFO - 2020-11-20 09:54:06 --> Language Class Initialized
ERROR - 2020-11-20 09:54:06 --> 404 Page Not Found: Assets/free
INFO - 2020-11-20 09:54:08 --> Config Class Initialized
INFO - 2020-11-20 09:54:08 --> Hooks Class Initialized
INFO - 2020-11-20 09:54:08 --> Utf8 Class Initialized
INFO - 2020-11-20 09:54:08 --> URI Class Initialized
INFO - 2020-11-20 09:54:08 --> Router Class Initialized
INFO - 2020-11-20 09:54:08 --> Output Class Initialized
INFO - 2020-11-20 09:54:08 --> Security Class Initialized
INFO - 2020-11-20 09:54:08 --> Input Class Initialized
INFO - 2020-11-20 09:54:08 --> Language Class Initialized
ERROR - 2020-11-20 09:54:08 --> 404 Page Not Found: Assets/favicon
INFO - 2020-11-20 10:19:44 --> Config Class Initialized
INFO - 2020-11-20 10:19:44 --> Hooks Class Initialized
INFO - 2020-11-20 10:19:44 --> Utf8 Class Initialized
INFO - 2020-11-20 10:19:44 --> URI Class Initialized
INFO - 2020-11-20 10:19:44 --> Router Class Initialized
INFO - 2020-11-20 10:19:44 --> Output Class Initialized
INFO - 2020-11-20 10:19:44 --> Security Class Initialized
INFO - 2020-11-20 10:19:44 --> Input Class Initialized
INFO - 2020-11-20 10:19:44 --> Language Class Initialized
INFO - 2020-11-20 10:19:44 --> Loader Class Initialized
INFO - 2020-11-20 10:19:44 --> Helper loaded: url_helper
INFO - 2020-11-20 10:19:44 --> Helper loaded: file_helper
INFO - 2020-11-20 10:19:44 --> Helper loaded: security_helper
INFO - 2020-11-20 10:19:44 --> Helper loaded: login_helper
INFO - 2020-11-20 10:19:44 --> Database Driver Class Initialized
INFO - 2020-11-20 10:19:44 --> Email Class Initialized
INFO - 2020-11-20 10:19:44 --> Session: Class initialized using 'files' driver.
INFO - 2020-11-20 10:19:44 --> Helper loaded: form_helper
INFO - 2020-11-20 10:19:44 --> Form Validation Class Initialized
INFO - 2020-11-20 10:19:44 --> Controller Class Initialized
INFO - 2020-11-20 10:19:44 --> Model "Menu_model" initialized
INFO - 2020-11-20 10:19:44 --> Model "Alamat_model" initialized
INFO - 2020-11-20 10:19:44 --> File loaded: /home/u463870951/domains/freshcreativebook.com/public_html/application/views/welcome/index.php
INFO - 2020-11-20 10:19:44 --> Final output sent to browser
INFO - 2020-11-20 10:19:45 --> Config Class Initialized
INFO - 2020-11-20 10:19:45 --> Hooks Class Initialized
INFO - 2020-11-20 10:19:45 --> Utf8 Class Initialized
INFO - 2020-11-20 10:19:45 --> URI Class Initialized
INFO - 2020-11-20 10:19:45 --> Router Class Initialized
INFO - 2020-11-20 10:19:45 --> Output Class Initialized
INFO - 2020-11-20 10:19:45 --> Security Class Initialized
INFO - 2020-11-20 10:19:45 --> Input Class Initialized
INFO - 2020-11-20 10:19:45 --> Language Class Initialized
INFO - 2020-11-20 10:19:45 --> Loader Class Initialized
INFO - 2020-11-20 10:19:45 --> Helper loaded: url_helper
INFO - 2020-11-20 10:19:45 --> Helper loaded: file_helper
INFO - 2020-11-20 10:19:45 --> Helper loaded: security_helper
INFO - 2020-11-20 10:19:45 --> Helper loaded: login_helper
INFO - 2020-11-20 10:19:45 --> Database Driver Class Initialized
INFO - 2020-11-20 10:19:45 --> Email Class Initialized
INFO - 2020-11-20 10:19:45 --> Session: Class initialized using 'files' driver.
INFO - 2020-11-20 10:19:45 --> Helper loaded: form_helper
INFO - 2020-11-20 10:19:45 --> Form Validation Class Initialized
INFO - 2020-11-20 10:19:45 --> Controller Class Initialized
INFO - 2020-11-20 10:19:45 --> Model "Menu_model" initialized
INFO - 2020-11-20 10:19:45 --> Model "Alamat_model" initialized
INFO - 2020-11-20 10:19:45 --> File loaded: /home/u463870951/domains/freshcreativebook.com/public_html/application/views/welcome/index.php
INFO - 2020-11-20 10:19:45 --> Final output sent to browser
INFO - 2020-11-20 10:59:46 --> Config Class Initialized
INFO - 2020-11-20 10:59:46 --> Hooks Class Initialized
INFO - 2020-11-20 10:59:46 --> Utf8 Class Initialized
INFO - 2020-11-20 10:59:46 --> URI Class Initialized
INFO - 2020-11-20 10:59:46 --> Router Class Initialized
INFO - 2020-11-20 10:59:46 --> Output Class Initialized
INFO - 2020-11-20 10:59:46 --> Security Class Initialized
INFO - 2020-11-20 10:59:46 --> Input Class Initialized
INFO - 2020-11-20 10:59:46 --> Language Class Initialized
INFO - 2020-11-20 10:59:46 --> Loader Class Initialized
INFO - 2020-11-20 10:59:46 --> Helper loaded: url_helper
INFO - 2020-11-20 10:59:46 --> Helper loaded: file_helper
INFO - 2020-11-20 10:59:46 --> Helper loaded: security_helper
INFO - 2020-11-20 10:59:46 --> Helper loaded: login_helper
INFO - 2020-11-20 10:59:46 --> Database Driver Class Initialized
INFO - 2020-11-20 10:59:46 --> Email Class Initialized
INFO - 2020-11-20 10:59:46 --> Session: Class initialized using 'files' driver.
INFO - 2020-11-20 10:59:46 --> Helper loaded: form_helper
INFO - 2020-11-20 10:59:46 --> Form Validation Class Initialized
INFO - 2020-11-20 10:59:46 --> Controller Class Initialized
INFO - 2020-11-20 10:59:46 --> Model "Menu_model" initialized
INFO - 2020-11-20 10:59:46 --> Model "Alamat_model" initialized
INFO - 2020-11-20 10:59:46 --> File loaded: /home/u463870951/domains/freshcreativebook.com/public_html/application/views/welcome/index.php
INFO - 2020-11-20 10:59:46 --> Final output sent to browser
INFO - 2020-11-20 11:06:01 --> Config Class Initialized
INFO - 2020-11-20 11:06:01 --> Hooks Class Initialized
INFO - 2020-11-20 11:06:01 --> Utf8 Class Initialized
INFO - 2020-11-20 11:06:01 --> URI Class Initialized
INFO - 2020-11-20 11:06:01 --> Router Class Initialized
INFO - 2020-11-20 11:06:01 --> Output Class Initialized
INFO - 2020-11-20 11:06:01 --> Security Class Initialized
INFO - 2020-11-20 11:06:01 --> Input Class Initialized
INFO - 2020-11-20 11:06:01 --> Language Class Initialized
INFO - 2020-11-20 11:06:01 --> Loader Class Initialized
INFO - 2020-11-20 11:06:01 --> Helper loaded: url_helper
INFO - 2020-11-20 11:06:01 --> Helper loaded: file_helper
INFO - 2020-11-20 11:06:01 --> Helper loaded: security_helper
INFO - 2020-11-20 11:06:01 --> Helper loaded: login_helper
INFO - 2020-11-20 11:06:01 --> Database Driver Class Initialized
INFO - 2020-11-20 11:06:01 --> Email Class Initialized
INFO - 2020-11-20 11:06:01 --> Session: Class initialized using 'files' driver.
INFO - 2020-11-20 11:06:01 --> Helper loaded: form_helper
INFO - 2020-11-20 11:06:01 --> Form Validation Class Initialized
INFO - 2020-11-20 11:06:01 --> Controller Class Initialized
INFO - 2020-11-20 11:06:01 --> Model "Menu_model" initialized
INFO - 2020-11-20 11:06:01 --> Model "Alamat_model" initialized
INFO - 2020-11-20 11:06:01 --> File loaded: /home/u463870951/domains/freshcreativebook.com/public_html/application/views/welcome/index.php
INFO - 2020-11-20 11:06:01 --> Final output sent to browser
INFO - 2020-11-20 11:46:51 --> Config Class Initialized
INFO - 2020-11-20 11:46:51 --> Hooks Class Initialized
INFO - 2020-11-20 11:46:51 --> Utf8 Class Initialized
INFO - 2020-11-20 11:46:51 --> URI Class Initialized
INFO - 2020-11-20 11:46:51 --> Router Class Initialized
INFO - 2020-11-20 11:46:51 --> Output Class Initialized
INFO - 2020-11-20 11:46:51 --> Security Class Initialized
INFO - 2020-11-20 11:46:51 --> Input Class Initialized
INFO - 2020-11-20 11:46:51 --> Language Class Initialized
INFO - 2020-11-20 11:46:51 --> Loader Class Initialized
INFO - 2020-11-20 11:46:51 --> Helper loaded: url_helper
INFO - 2020-11-20 11:46:51 --> Helper loaded: file_helper
INFO - 2020-11-20 11:46:51 --> Helper loaded: security_helper
INFO - 2020-11-20 11:46:51 --> Helper loaded: login_helper
INFO - 2020-11-20 11:46:51 --> Database Driver Class Initialized
INFO - 2020-11-20 11:46:51 --> Email Class Initialized
INFO - 2020-11-20 11:46:51 --> Session: Class initialized using 'files' driver.
INFO - 2020-11-20 11:46:51 --> Helper loaded: form_helper
INFO - 2020-11-20 11:46:51 --> Form Validation Class Initialized
INFO - 2020-11-20 11:46:51 --> Controller Class Initialized
INFO - 2020-11-20 11:46:51 --> Model "Menu_model" initialized
INFO - 2020-11-20 11:46:51 --> Model "Alamat_model" initialized
INFO - 2020-11-20 11:46:51 --> File loaded: /home/u463870951/domains/freshcreativebook.com/public_html/application/views/welcome/index.php
INFO - 2020-11-20 11:46:51 --> Final output sent to browser
INFO - 2020-11-20 13:10:09 --> Config Class Initialized
INFO - 2020-11-20 13:10:09 --> Hooks Class Initialized
INFO - 2020-11-20 13:10:09 --> Utf8 Class Initialized
INFO - 2020-11-20 13:10:09 --> URI Class Initialized
INFO - 2020-11-20 13:10:09 --> Router Class Initialized
INFO - 2020-11-20 13:10:09 --> Output Class Initialized
INFO - 2020-11-20 13:10:09 --> Security Class Initialized
INFO - 2020-11-20 13:10:09 --> Input Class Initialized
INFO - 2020-11-20 13:10:09 --> Language Class Initialized
INFO - 2020-11-20 13:10:09 --> Loader Class Initialized
INFO - 2020-11-20 13:10:09 --> Helper loaded: url_helper
INFO - 2020-11-20 13:10:09 --> Helper loaded: file_helper
INFO - 2020-11-20 13:10:09 --> Helper loaded: security_helper
INFO - 2020-11-20 13:10:09 --> Helper loaded: login_helper
INFO - 2020-11-20 13:10:09 --> Database Driver Class Initialized
INFO - 2020-11-20 13:10:09 --> Email Class Initialized
INFO - 2020-11-20 13:10:09 --> Session: Class initialized using 'files' driver.
INFO - 2020-11-20 13:10:09 --> Helper loaded: form_helper
INFO - 2020-11-20 13:10:09 --> Form Validation Class Initialized
INFO - 2020-11-20 13:10:09 --> Controller Class Initialized
INFO - 2020-11-20 13:10:09 --> Model "Menu_model" initialized
INFO - 2020-11-20 13:10:09 --> Model "Alamat_model" initialized
INFO - 2020-11-20 13:10:09 --> File loaded: /home/u463870951/domains/freshcreativebook.com/public_html/application/views/welcome/index.php
INFO - 2020-11-20 13:10:09 --> Final output sent to browser
INFO - 2020-11-20 15:06:01 --> Config Class Initialized
INFO - 2020-11-20 15:06:01 --> Hooks Class Initialized
INFO - 2020-11-20 15:06:01 --> Utf8 Class Initialized
INFO - 2020-11-20 15:06:01 --> URI Class Initialized
INFO - 2020-11-20 15:06:01 --> Router Class Initialized
INFO - 2020-11-20 15:06:01 --> Output Class Initialized
INFO - 2020-11-20 15:06:01 --> Security Class Initialized
INFO - 2020-11-20 15:06:01 --> Input Class Initialized
INFO - 2020-11-20 15:06:01 --> Language Class Initialized
INFO - 2020-11-20 15:06:01 --> Loader Class Initialized
INFO - 2020-11-20 15:06:01 --> Helper loaded: url_helper
INFO - 2020-11-20 15:06:01 --> Helper loaded: file_helper
INFO - 2020-11-20 15:06:01 --> Helper loaded: security_helper
INFO - 2020-11-20 15:06:01 --> Helper loaded: login_helper
INFO - 2020-11-20 15:06:01 --> Database Driver Class Initialized
INFO - 2020-11-20 15:06:01 --> Email Class Initialized
INFO - 2020-11-20 15:06:01 --> Session: Class initialized using 'files' driver.
INFO - 2020-11-20 15:06:01 --> Helper loaded: form_helper
INFO - 2020-11-20 15:06:01 --> Form Validation Class Initialized
INFO - 2020-11-20 15:06:01 --> Controller Class Initialized
INFO - 2020-11-20 15:06:01 --> Model "Menu_model" initialized
INFO - 2020-11-20 15:06:01 --> Model "Alamat_model" initialized
INFO - 2020-11-20 15:06:01 --> File loaded: /home/u463870951/domains/freshcreativebook.com/public_html/application/views/welcome/index.php
INFO - 2020-11-20 15:06:01 --> Final output sent to browser
INFO - 2020-11-20 15:47:05 --> Config Class Initialized
INFO - 2020-11-20 15:47:05 --> Hooks Class Initialized
INFO - 2020-11-20 15:47:05 --> Utf8 Class Initialized
INFO - 2020-11-20 15:47:05 --> URI Class Initialized
INFO - 2020-11-20 15:47:05 --> Router Class Initialized
INFO - 2020-11-20 15:47:05 --> Output Class Initialized
INFO - 2020-11-20 15:47:05 --> Security Class Initialized
INFO - 2020-11-20 15:47:05 --> Input Class Initialized
INFO - 2020-11-20 15:47:05 --> Language Class Initialized
INFO - 2020-11-20 15:47:05 --> Loader Class Initialized
INFO - 2020-11-20 15:47:05 --> Helper loaded: url_helper
INFO - 2020-11-20 15:47:05 --> Helper loaded: file_helper
INFO - 2020-11-20 15:47:05 --> Helper loaded: security_helper
INFO - 2020-11-20 15:47:05 --> Helper loaded: login_helper
INFO - 2020-11-20 15:47:05 --> Database Driver Class Initialized
INFO - 2020-11-20 15:47:05 --> Email Class Initialized
INFO - 2020-11-20 15:47:05 --> Session: Class initialized using 'files' driver.
INFO - 2020-11-20 15:47:05 --> Helper loaded: form_helper
INFO - 2020-11-20 15:47:05 --> Form Validation Class Initialized
INFO - 2020-11-20 15:47:05 --> Controller Class Initialized
INFO - 2020-11-20 15:47:05 --> Model "Menu_model" initialized
INFO - 2020-11-20 15:47:05 --> Model "Alamat_model" initialized
INFO - 2020-11-20 15:47:05 --> File loaded: /home/u463870951/domains/freshcreativebook.com/public_html/application/views/welcome/index.php
INFO - 2020-11-20 15:47:05 --> Final output sent to browser
INFO - 2020-11-20 16:14:06 --> Config Class Initialized
INFO - 2020-11-20 16:14:06 --> Hooks Class Initialized
INFO - 2020-11-20 16:14:06 --> Utf8 Class Initialized
INFO - 2020-11-20 16:14:06 --> URI Class Initialized
INFO - 2020-11-20 16:14:06 --> Router Class Initialized
INFO - 2020-11-20 16:14:06 --> Output Class Initialized
INFO - 2020-11-20 16:14:06 --> Security Class Initialized
INFO - 2020-11-20 16:14:06 --> Input Class Initialized
INFO - 2020-11-20 16:14:06 --> Language Class Initialized
INFO - 2020-11-20 16:14:06 --> Loader Class Initialized
INFO - 2020-11-20 16:14:06 --> Helper loaded: url_helper
INFO - 2020-11-20 16:14:06 --> Helper loaded: file_helper
INFO - 2020-11-20 16:14:06 --> Helper loaded: security_helper
INFO - 2020-11-20 16:14:06 --> Helper loaded: login_helper
INFO - 2020-11-20 16:14:06 --> Database Driver Class Initialized
INFO - 2020-11-20 16:14:06 --> Email Class Initialized
INFO - 2020-11-20 16:14:06 --> Session: Class initialized using 'files' driver.
INFO - 2020-11-20 16:14:06 --> Helper loaded: form_helper
INFO - 2020-11-20 16:14:06 --> Form Validation Class Initialized
INFO - 2020-11-20 16:14:06 --> Controller Class Initialized
INFO - 2020-11-20 16:14:06 --> Model "Menu_model" initialized
INFO - 2020-11-20 16:14:06 --> Model "Alamat_model" initialized
INFO - 2020-11-20 16:14:06 --> File loaded: /home/u463870951/domains/freshcreativebook.com/public_html/application/views/welcome/index.php
INFO - 2020-11-20 16:14:06 --> Final output sent to browser
INFO - 2020-11-20 16:15:08 --> Config Class Initialized
INFO - 2020-11-20 16:15:08 --> Hooks Class Initialized
INFO - 2020-11-20 16:15:08 --> Utf8 Class Initialized
INFO - 2020-11-20 16:15:08 --> URI Class Initialized
INFO - 2020-11-20 16:15:08 --> Router Class Initialized
INFO - 2020-11-20 16:15:08 --> Output Class Initialized
INFO - 2020-11-20 16:15:08 --> Security Class Initialized
INFO - 2020-11-20 16:15:08 --> Input Class Initialized
INFO - 2020-11-20 16:15:08 --> Language Class Initialized
INFO - 2020-11-20 16:15:08 --> Loader Class Initialized
INFO - 2020-11-20 16:15:08 --> Helper loaded: url_helper
INFO - 2020-11-20 16:15:08 --> Helper loaded: file_helper
INFO - 2020-11-20 16:15:08 --> Helper loaded: security_helper
INFO - 2020-11-20 16:15:08 --> Helper loaded: login_helper
INFO - 2020-11-20 16:15:08 --> Database Driver Class Initialized
INFO - 2020-11-20 16:15:08 --> Email Class Initialized
INFO - 2020-11-20 16:15:08 --> Session: Class initialized using 'files' driver.
INFO - 2020-11-20 16:15:08 --> Helper loaded: form_helper
INFO - 2020-11-20 16:15:08 --> Form Validation Class Initialized
INFO - 2020-11-20 16:15:08 --> Controller Class Initialized
INFO - 2020-11-20 16:15:08 --> Model "Menu_model" initialized
INFO - 2020-11-20 16:15:08 --> Model "Alamat_model" initialized
INFO - 2020-11-20 16:15:08 --> File loaded: /home/u463870951/domains/freshcreativebook.com/public_html/application/views/welcome/index.php
INFO - 2020-11-20 16:15:08 --> Final output sent to browser
INFO - 2020-11-20 16:22:44 --> Config Class Initialized
INFO - 2020-11-20 16:22:44 --> Hooks Class Initialized
INFO - 2020-11-20 16:22:44 --> Utf8 Class Initialized
INFO - 2020-11-20 16:22:44 --> URI Class Initialized
INFO - 2020-11-20 16:22:44 --> Router Class Initialized
INFO - 2020-11-20 16:22:44 --> Output Class Initialized
INFO - 2020-11-20 16:22:44 --> Security Class Initialized
INFO - 2020-11-20 16:22:44 --> Input Class Initialized
INFO - 2020-11-20 16:22:44 --> Language Class Initialized
ERROR - 2020-11-20 16:22:44 --> 404 Page Not Found: _auth/index
INFO - 2020-11-20 16:22:52 --> Config Class Initialized
INFO - 2020-11-20 16:22:52 --> Hooks Class Initialized
INFO - 2020-11-20 16:22:52 --> Utf8 Class Initialized
INFO - 2020-11-20 16:22:52 --> URI Class Initialized
INFO - 2020-11-20 16:22:52 --> Router Class Initialized
INFO - 2020-11-20 16:22:52 --> Output Class Initialized
INFO - 2020-11-20 16:22:52 --> Security Class Initialized
INFO - 2020-11-20 16:22:52 --> Input Class Initialized
INFO - 2020-11-20 16:22:52 --> Language Class Initialized
INFO - 2020-11-20 16:22:52 --> Loader Class Initialized
INFO - 2020-11-20 16:22:52 --> Helper loaded: url_helper
INFO - 2020-11-20 16:22:52 --> Helper loaded: file_helper
INFO - 2020-11-20 16:22:52 --> Helper loaded: security_helper
INFO - 2020-11-20 16:22:52 --> Helper loaded: login_helper
INFO - 2020-11-20 16:22:52 --> Database Driver Class Initialized
INFO - 2020-11-20 16:22:52 --> Email Class Initialized
INFO - 2020-11-20 16:22:52 --> Session: Class initialized using 'files' driver.
INFO - 2020-11-20 16:22:52 --> Helper loaded: form_helper
INFO - 2020-11-20 16:22:52 --> Form Validation Class Initialized
INFO - 2020-11-20 16:22:52 --> Controller Class Initialized
INFO - 2020-11-20 16:22:52 --> Model "Menu_model" initialized
INFO - 2020-11-20 16:22:52 --> Model "Alamat_model" initialized
INFO - 2020-11-20 16:22:52 --> File loaded: /home/u463870951/domains/freshcreativebook.com/public_html/application/views/welcome/index.php
INFO - 2020-11-20 16:22:52 --> Final output sent to browser
INFO - 2020-11-20 16:22:56 --> Config Class Initialized
INFO - 2020-11-20 16:22:56 --> Hooks Class Initialized
INFO - 2020-11-20 16:22:56 --> Utf8 Class Initialized
INFO - 2020-11-20 16:22:56 --> URI Class Initialized
INFO - 2020-11-20 16:22:56 --> Router Class Initialized
INFO - 2020-11-20 16:22:56 --> Output Class Initialized
INFO - 2020-11-20 16:22:56 --> Security Class Initialized
INFO - 2020-11-20 16:22:56 --> Input Class Initialized
INFO - 2020-11-20 16:22:56 --> Language Class Initialized
INFO - 2020-11-20 16:22:56 --> Loader Class Initialized
INFO - 2020-11-20 16:22:56 --> Helper loaded: url_helper
INFO - 2020-11-20 16:22:56 --> Helper loaded: file_helper
INFO - 2020-11-20 16:22:56 --> Helper loaded: security_helper
INFO - 2020-11-20 16:22:56 --> Helper loaded: login_helper
INFO - 2020-11-20 16:22:56 --> Database Driver Class Initialized
INFO - 2020-11-20 16:22:56 --> Email Class Initialized
INFO - 2020-11-20 16:22:56 --> Session: Class initialized using 'files' driver.
INFO - 2020-11-20 16:22:56 --> Helper loaded: form_helper
INFO - 2020-11-20 16:22:56 --> Form Validation Class Initialized
INFO - 2020-11-20 16:22:56 --> Controller Class Initialized
INFO - 2020-11-20 16:22:56 --> Model "Menu_model" initialized
INFO - 2020-11-20 16:22:56 --> Model "Alamat_model" initialized
INFO - 2020-11-20 16:22:56 --> File loaded: /home/u463870951/domains/freshcreativebook.com/public_html/application/views/welcome/career.php
INFO - 2020-11-20 16:22:56 --> Final output sent to browser
INFO - 2020-11-20 16:22:57 --> Config Class Initialized
INFO - 2020-11-20 16:22:57 --> Hooks Class Initialized
INFO - 2020-11-20 16:22:57 --> Utf8 Class Initialized
INFO - 2020-11-20 16:22:57 --> URI Class Initialized
INFO - 2020-11-20 16:22:57 --> Router Class Initialized
INFO - 2020-11-20 16:22:57 --> Output Class Initialized
INFO - 2020-11-20 16:22:57 --> Security Class Initialized
INFO - 2020-11-20 16:22:57 --> Input Class Initialized
INFO - 2020-11-20 16:22:57 --> Language Class Initialized
ERROR - 2020-11-20 16:22:57 --> 404 Page Not Found: Assets/free
INFO - 2020-11-20 16:22:59 --> Config Class Initialized
INFO - 2020-11-20 16:22:59 --> Hooks Class Initialized
INFO - 2020-11-20 16:22:59 --> Utf8 Class Initialized
INFO - 2020-11-20 16:22:59 --> URI Class Initialized
INFO - 2020-11-20 16:22:59 --> Router Class Initialized
INFO - 2020-11-20 16:22:59 --> Output Class Initialized
INFO - 2020-11-20 16:22:59 --> Security Class Initialized
INFO - 2020-11-20 16:22:59 --> Input Class Initialized
INFO - 2020-11-20 16:22:59 --> Language Class Initialized
INFO - 2020-11-20 16:22:59 --> Loader Class Initialized
INFO - 2020-11-20 16:22:59 --> Helper loaded: url_helper
INFO - 2020-11-20 16:22:59 --> Helper loaded: file_helper
INFO - 2020-11-20 16:22:59 --> Helper loaded: security_helper
INFO - 2020-11-20 16:22:59 --> Helper loaded: login_helper
INFO - 2020-11-20 16:22:59 --> Database Driver Class Initialized
INFO - 2020-11-20 16:22:59 --> Email Class Initialized
INFO - 2020-11-20 16:22:59 --> Session: Class initialized using 'files' driver.
INFO - 2020-11-20 16:22:59 --> Helper loaded: form_helper
INFO - 2020-11-20 16:22:59 --> Form Validation Class Initialized
INFO - 2020-11-20 16:22:59 --> Controller Class Initialized
INFO - 2020-11-20 16:22:59 --> Model "Menu_model" initialized
INFO - 2020-11-20 16:22:59 --> File loaded: /home/u463870951/domains/freshcreativebook.com/public_html/application/views/templates/auth_header.php
INFO - 2020-11-20 16:22:59 --> File loaded: /home/u463870951/domains/freshcreativebook.com/public_html/application/views/auth/login.php
INFO - 2020-11-20 16:22:59 --> File loaded: /home/u463870951/domains/freshcreativebook.com/public_html/application/views/templates/auth_header.php
INFO - 2020-11-20 16:22:59 --> Final output sent to browser
INFO - 2020-11-20 16:23:11 --> Config Class Initialized
INFO - 2020-11-20 16:23:11 --> Hooks Class Initialized
INFO - 2020-11-20 16:23:11 --> Utf8 Class Initialized
INFO - 2020-11-20 16:23:11 --> URI Class Initialized
INFO - 2020-11-20 16:23:11 --> Router Class Initialized
INFO - 2020-11-20 16:23:11 --> Output Class Initialized
INFO - 2020-11-20 16:23:11 --> Security Class Initialized
INFO - 2020-11-20 16:23:11 --> Input Class Initialized
INFO - 2020-11-20 16:23:11 --> Language Class Initialized
INFO - 2020-11-20 16:23:11 --> Loader Class Initialized
INFO - 2020-11-20 16:23:11 --> Helper loaded: url_helper
INFO - 2020-11-20 16:23:11 --> Helper loaded: file_helper
INFO - 2020-11-20 16:23:11 --> Helper loaded: security_helper
INFO - 2020-11-20 16:23:11 --> Helper loaded: login_helper
INFO - 2020-11-20 16:23:11 --> Database Driver Class Initialized
INFO - 2020-11-20 16:23:11 --> Email Class Initialized
INFO - 2020-11-20 16:23:11 --> Session: Class initialized using 'files' driver.
INFO - 2020-11-20 16:23:11 --> Helper loaded: form_helper
INFO - 2020-11-20 16:23:11 --> Form Validation Class Initialized
INFO - 2020-11-20 16:23:11 --> Controller Class Initialized
INFO - 2020-11-20 16:23:11 --> Model "Menu_model" initialized
INFO - 2020-11-20 16:23:11 --> Language file loaded: language/english/form_validation_lang.php
INFO - 2020-11-20 16:23:11 --> Alhiqni Rusydaka login
INFO - 2020-11-20 16:23:12 --> Config Class Initialized
INFO - 2020-11-20 16:23:12 --> Hooks Class Initialized
INFO - 2020-11-20 16:23:12 --> Utf8 Class Initialized
INFO - 2020-11-20 16:23:12 --> URI Class Initialized
INFO - 2020-11-20 16:23:12 --> Router Class Initialized
INFO - 2020-11-20 16:23:12 --> Output Class Initialized
INFO - 2020-11-20 16:23:12 --> Security Class Initialized
INFO - 2020-11-20 16:23:12 --> Input Class Initialized
INFO - 2020-11-20 16:23:12 --> Language Class Initialized
INFO - 2020-11-20 16:23:12 --> Loader Class Initialized
INFO - 2020-11-20 16:23:12 --> Helper loaded: url_helper
INFO - 2020-11-20 16:23:12 --> Helper loaded: file_helper
INFO - 2020-11-20 16:23:12 --> Helper loaded: security_helper
INFO - 2020-11-20 16:23:12 --> Helper loaded: login_helper
INFO - 2020-11-20 16:23:12 --> Database Driver Class Initialized
INFO - 2020-11-20 16:23:12 --> Email Class Initialized
INFO - 2020-11-20 16:23:12 --> Session: Class initialized using 'files' driver.
INFO - 2020-11-20 16:23:12 --> Helper loaded: form_helper
INFO - 2020-11-20 16:23:12 --> Form Validation Class Initialized
INFO - 2020-11-20 16:23:12 --> Controller Class Initialized
INFO - 2020-11-20 16:23:12 --> Model "Alamat_model" initialized
INFO - 2020-11-20 16:23:12 --> File loaded: /home/u463870951/domains/freshcreativebook.com/public_html/application/views/templates/header.php
INFO - 2020-11-20 16:23:12 --> File loaded: /home/u463870951/domains/freshcreativebook.com/public_html/application/views/templates/topbar.php
INFO - 2020-11-20 16:23:12 --> File loaded: /home/u463870951/domains/freshcreativebook.com/public_html/application/views/admin/index.php
INFO - 2020-11-20 16:23:12 --> File loaded: /home/u463870951/domains/freshcreativebook.com/public_html/application/views/templates/footer.php
INFO - 2020-11-20 16:23:12 --> Final output sent to browser
INFO - 2020-11-20 16:23:15 --> Config Class Initialized
INFO - 2020-11-20 16:23:15 --> Hooks Class Initialized
INFO - 2020-11-20 16:23:15 --> Utf8 Class Initialized
INFO - 2020-11-20 16:23:15 --> URI Class Initialized
INFO - 2020-11-20 16:23:15 --> Router Class Initialized
INFO - 2020-11-20 16:23:15 --> Output Class Initialized
INFO - 2020-11-20 16:23:15 --> Security Class Initialized
INFO - 2020-11-20 16:23:15 --> Input Class Initialized
INFO - 2020-11-20 16:23:15 --> Language Class Initialized
INFO - 2020-11-20 16:23:15 --> Loader Class Initialized
INFO - 2020-11-20 16:23:15 --> Helper loaded: url_helper
INFO - 2020-11-20 16:23:15 --> Helper loaded: file_helper
INFO - 2020-11-20 16:23:15 --> Helper loaded: security_helper
INFO - 2020-11-20 16:23:15 --> Helper loaded: login_helper
INFO - 2020-11-20 16:23:15 --> Database Driver Class Initialized
INFO - 2020-11-20 16:23:15 --> Email Class Initialized
INFO - 2020-11-20 16:23:15 --> Session: Class initialized using 'files' driver.
INFO - 2020-11-20 16:23:15 --> Helper loaded: form_helper
INFO - 2020-11-20 16:23:15 --> Form Validation Class Initialized
INFO - 2020-11-20 16:23:15 --> Controller Class Initialized
INFO - 2020-11-20 16:23:15 --> Model "Alamat_model" initialized
INFO - 2020-11-20 16:23:15 --> File loaded: /home/u463870951/domains/freshcreativebook.com/public_html/application/views/templates/header.php
INFO - 2020-11-20 16:23:15 --> File loaded: /home/u463870951/domains/freshcreativebook.com/public_html/application/views/templates/topbar.php
INFO - 2020-11-20 16:23:15 --> File loaded: /home/u463870951/domains/freshcreativebook.com/public_html/application/views/admin/user.php
INFO - 2020-11-20 16:23:15 --> File loaded: /home/u463870951/domains/freshcreativebook.com/public_html/application/views/templates/footer.php
INFO - 2020-11-20 16:23:15 --> Final output sent to browser
INFO - 2020-11-20 16:23:29 --> Config Class Initialized
INFO - 2020-11-20 16:23:29 --> Hooks Class Initialized
INFO - 2020-11-20 16:23:29 --> Utf8 Class Initialized
INFO - 2020-11-20 16:23:29 --> URI Class Initialized
INFO - 2020-11-20 16:23:29 --> Router Class Initialized
INFO - 2020-11-20 16:23:29 --> Output Class Initialized
INFO - 2020-11-20 16:23:29 --> Security Class Initialized
INFO - 2020-11-20 16:23:29 --> Input Class Initialized
INFO - 2020-11-20 16:23:29 --> Language Class Initialized
INFO - 2020-11-20 16:23:29 --> Loader Class Initialized
INFO - 2020-11-20 16:23:29 --> Helper loaded: url_helper
INFO - 2020-11-20 16:23:29 --> Helper loaded: file_helper
INFO - 2020-11-20 16:23:29 --> Helper loaded: security_helper
INFO - 2020-11-20 16:23:29 --> Helper loaded: login_helper
INFO - 2020-11-20 16:23:29 --> Database Driver Class Initialized
INFO - 2020-11-20 16:23:29 --> Email Class Initialized
INFO - 2020-11-20 16:23:29 --> Session: Class initialized using 'files' driver.
INFO - 2020-11-20 16:23:29 --> Helper loaded: form_helper
INFO - 2020-11-20 16:23:29 --> Form Validation Class Initialized
INFO - 2020-11-20 16:23:29 --> Controller Class Initialized
INFO - 2020-11-20 16:23:29 --> Model "Alamat_model" initialized
INFO - 2020-11-20 16:23:29 --> File loaded: /home/u463870951/domains/freshcreativebook.com/public_html/application/views/templates/header.php
INFO - 2020-11-20 16:23:29 --> File loaded: /home/u463870951/domains/freshcreativebook.com/public_html/application/views/templates/topbar.php
INFO - 2020-11-20 16:23:29 --> File loaded: /home/u463870951/domains/freshcreativebook.com/public_html/application/views/admin/user.php
INFO - 2020-11-20 16:23:29 --> File loaded: /home/u463870951/domains/freshcreativebook.com/public_html/application/views/templates/footer.php
INFO - 2020-11-20 16:23:29 --> Final output sent to browser
INFO - 2020-11-20 16:24:18 --> Config Class Initialized
INFO - 2020-11-20 16:24:18 --> Hooks Class Initialized
INFO - 2020-11-20 16:24:18 --> Utf8 Class Initialized
INFO - 2020-11-20 16:24:18 --> URI Class Initialized
INFO - 2020-11-20 16:24:18 --> Router Class Initialized
INFO - 2020-11-20 16:24:18 --> Output Class Initialized
INFO - 2020-11-20 16:24:18 --> Security Class Initialized
INFO - 2020-11-20 16:24:18 --> Input Class Initialized
INFO - 2020-11-20 16:24:18 --> Language Class Initialized
INFO - 2020-11-20 16:24:18 --> Loader Class Initialized
INFO - 2020-11-20 16:24:18 --> Helper loaded: url_helper
INFO - 2020-11-20 16:24:18 --> Helper loaded: file_helper
INFO - 2020-11-20 16:24:18 --> Helper loaded: security_helper
INFO - 2020-11-20 16:24:18 --> Helper loaded: login_helper
INFO - 2020-11-20 16:24:18 --> Database Driver Class Initialized
INFO - 2020-11-20 16:24:18 --> Email Class Initialized
INFO - 2020-11-20 16:24:18 --> Session: Class initialized using 'files' driver.
INFO - 2020-11-20 16:24:18 --> Helper loaded: form_helper
INFO - 2020-11-20 16:24:18 --> Form Validation Class Initialized
INFO - 2020-11-20 16:24:18 --> Controller Class Initialized
INFO - 2020-11-20 16:24:18 --> Model "Alamat_model" initialized
INFO - 2020-11-20 16:24:18 --> File loaded: /home/u463870951/domains/freshcreativebook.com/public_html/application/views/templates/header.php
INFO - 2020-11-20 16:24:18 --> File loaded: /home/u463870951/domains/freshcreativebook.com/public_html/application/views/templates/topbar.php
INFO - 2020-11-20 16:24:18 --> File loaded: /home/u463870951/domains/freshcreativebook.com/public_html/application/views/admin/user.php
INFO - 2020-11-20 16:24:18 --> File loaded: /home/u463870951/domains/freshcreativebook.com/public_html/application/views/templates/footer.php
INFO - 2020-11-20 16:24:18 --> Final output sent to browser
INFO - 2020-11-20 16:24:58 --> Config Class Initialized
INFO - 2020-11-20 16:24:58 --> Hooks Class Initialized
INFO - 2020-11-20 16:24:58 --> Utf8 Class Initialized
INFO - 2020-11-20 16:24:58 --> URI Class Initialized
INFO - 2020-11-20 16:24:58 --> Router Class Initialized
INFO - 2020-11-20 16:24:58 --> Output Class Initialized
INFO - 2020-11-20 16:24:58 --> Security Class Initialized
INFO - 2020-11-20 16:24:58 --> Input Class Initialized
INFO - 2020-11-20 16:24:58 --> Language Class Initialized
ERROR - 2020-11-20 16:24:58 --> 404 Page Not Found: Assets/free
INFO - 2020-11-20 16:24:58 --> Config Class Initialized
INFO - 2020-11-20 16:24:58 --> Hooks Class Initialized
INFO - 2020-11-20 16:24:58 --> Utf8 Class Initialized
INFO - 2020-11-20 16:24:58 --> URI Class Initialized
INFO - 2020-11-20 16:24:58 --> Router Class Initialized
INFO - 2020-11-20 16:24:58 --> Output Class Initialized
INFO - 2020-11-20 16:24:58 --> Security Class Initialized
INFO - 2020-11-20 16:24:58 --> Input Class Initialized
INFO - 2020-11-20 16:24:58 --> Language Class Initialized
ERROR - 2020-11-20 16:24:58 --> 404 Page Not Found: Assets/free
INFO - 2020-11-20 16:24:58 --> Config Class Initialized
INFO - 2020-11-20 16:24:58 --> Hooks Class Initialized
INFO - 2020-11-20 16:24:58 --> Utf8 Class Initialized
INFO - 2020-11-20 16:24:58 --> URI Class Initialized
INFO - 2020-11-20 16:24:58 --> Router Class Initialized
INFO - 2020-11-20 16:24:58 --> Output Class Initialized
INFO - 2020-11-20 16:24:58 --> Security Class Initialized
INFO - 2020-11-20 16:24:58 --> Input Class Initialized
INFO - 2020-11-20 16:24:58 --> Language Class Initialized
ERROR - 2020-11-20 16:24:58 --> 404 Page Not Found: Assets/free
INFO - 2020-11-20 16:25:19 --> Config Class Initialized
INFO - 2020-11-20 16:25:19 --> Hooks Class Initialized
INFO - 2020-11-20 16:25:19 --> Utf8 Class Initialized
INFO - 2020-11-20 16:25:19 --> URI Class Initialized
INFO - 2020-11-20 16:25:19 --> Router Class Initialized
INFO - 2020-11-20 16:25:19 --> Output Class Initialized
INFO - 2020-11-20 16:25:19 --> Security Class Initialized
INFO - 2020-11-20 16:25:19 --> Input Class Initialized
INFO - 2020-11-20 16:25:19 --> Language Class Initialized
INFO - 2020-11-20 16:25:19 --> Loader Class Initialized
INFO - 2020-11-20 16:25:19 --> Helper loaded: url_helper
INFO - 2020-11-20 16:25:19 --> Helper loaded: file_helper
INFO - 2020-11-20 16:25:19 --> Helper loaded: security_helper
INFO - 2020-11-20 16:25:19 --> Helper loaded: login_helper
INFO - 2020-11-20 16:25:19 --> Database Driver Class Initialized
INFO - 2020-11-20 16:25:19 --> Email Class Initialized
INFO - 2020-11-20 16:25:19 --> Session: Class initialized using 'files' driver.
INFO - 2020-11-20 16:25:19 --> Helper loaded: form_helper
INFO - 2020-11-20 16:25:19 --> Form Validation Class Initialized
INFO - 2020-11-20 16:25:19 --> Controller Class Initialized
INFO - 2020-11-20 16:25:19 --> Model "Menu_model" initialized
INFO - 2020-11-20 16:25:19 --> Model "Alamat_model" initialized
INFO - 2020-11-20 16:25:19 --> File loaded: /home/u463870951/domains/freshcreativebook.com/public_html/application/views/welcome/index.php
INFO - 2020-11-20 16:25:19 --> Final output sent to browser
INFO - 2020-11-20 16:25:32 --> Config Class Initialized
INFO - 2020-11-20 16:25:32 --> Hooks Class Initialized
INFO - 2020-11-20 16:25:32 --> Utf8 Class Initialized
INFO - 2020-11-20 16:25:32 --> URI Class Initialized
INFO - 2020-11-20 16:25:32 --> Router Class Initialized
INFO - 2020-11-20 16:25:32 --> Output Class Initialized
INFO - 2020-11-20 16:25:32 --> Security Class Initialized
INFO - 2020-11-20 16:25:32 --> Input Class Initialized
INFO - 2020-11-20 16:25:32 --> Language Class Initialized
INFO - 2020-11-20 16:25:32 --> Loader Class Initialized
INFO - 2020-11-20 16:25:32 --> Helper loaded: url_helper
INFO - 2020-11-20 16:25:32 --> Helper loaded: file_helper
INFO - 2020-11-20 16:25:32 --> Helper loaded: security_helper
INFO - 2020-11-20 16:25:32 --> Helper loaded: login_helper
INFO - 2020-11-20 16:25:32 --> Database Driver Class Initialized
INFO - 2020-11-20 16:25:32 --> Email Class Initialized
INFO - 2020-11-20 16:25:32 --> Session: Class initialized using 'files' driver.
INFO - 2020-11-20 16:25:32 --> Helper loaded: form_helper
INFO - 2020-11-20 16:25:32 --> Form Validation Class Initialized
INFO - 2020-11-20 16:25:32 --> Controller Class Initialized
INFO - 2020-11-20 16:25:32 --> Model "Menu_model" initialized
INFO - 2020-11-20 16:25:32 --> Model "Alamat_model" initialized
INFO - 2020-11-20 16:25:32 --> File loaded: /home/u463870951/domains/freshcreativebook.com/public_html/application/views/welcome/career.php
INFO - 2020-11-20 16:25:32 --> Final output sent to browser
INFO - 2020-11-20 16:25:32 --> Config Class Initialized
INFO - 2020-11-20 16:25:32 --> Hooks Class Initialized
INFO - 2020-11-20 16:25:32 --> Utf8 Class Initialized
INFO - 2020-11-20 16:25:32 --> URI Class Initialized
INFO - 2020-11-20 16:25:32 --> Router Class Initialized
INFO - 2020-11-20 16:25:32 --> Output Class Initialized
INFO - 2020-11-20 16:25:32 --> Security Class Initialized
INFO - 2020-11-20 16:25:32 --> Input Class Initialized
INFO - 2020-11-20 16:25:32 --> Language Class Initialized
ERROR - 2020-11-20 16:25:32 --> 404 Page Not Found: Assets/free
INFO - 2020-11-20 16:25:33 --> Config Class Initialized
INFO - 2020-11-20 16:25:33 --> Hooks Class Initialized
INFO - 2020-11-20 16:25:33 --> Utf8 Class Initialized
INFO - 2020-11-20 16:25:33 --> URI Class Initialized
INFO - 2020-11-20 16:25:33 --> Router Class Initialized
INFO - 2020-11-20 16:25:33 --> Output Class Initialized
INFO - 2020-11-20 16:25:33 --> Security Class Initialized
INFO - 2020-11-20 16:25:33 --> Input Class Initialized
INFO - 2020-11-20 16:25:33 --> Language Class Initialized
ERROR - 2020-11-20 16:25:33 --> 404 Page Not Found: Assets/free
INFO - 2020-11-20 16:25:33 --> Config Class Initialized
INFO - 2020-11-20 16:25:33 --> Hooks Class Initialized
INFO - 2020-11-20 16:25:33 --> Utf8 Class Initialized
INFO - 2020-11-20 16:25:33 --> URI Class Initialized
INFO - 2020-11-20 16:25:33 --> Router Class Initialized
INFO - 2020-11-20 16:25:33 --> Output Class Initialized
INFO - 2020-11-20 16:25:33 --> Security Class Initialized
INFO - 2020-11-20 16:25:33 --> Input Class Initialized
INFO - 2020-11-20 16:25:33 --> Language Class Initialized
ERROR - 2020-11-20 16:25:33 --> 404 Page Not Found: Assets/free
INFO - 2020-11-20 16:25:33 --> Config Class Initialized
INFO - 2020-11-20 16:25:33 --> Hooks Class Initialized
INFO - 2020-11-20 16:25:33 --> Utf8 Class Initialized
INFO - 2020-11-20 16:25:33 --> URI Class Initialized
INFO - 2020-11-20 16:25:33 --> Router Class Initialized
INFO - 2020-11-20 16:25:33 --> Output Class Initialized
INFO - 2020-11-20 16:25:33 --> Security Class Initialized
INFO - 2020-11-20 16:25:33 --> Input Class Initialized
INFO - 2020-11-20 16:25:33 --> Language Class Initialized
ERROR - 2020-11-20 16:25:33 --> 404 Page Not Found: Assets/free
INFO - 2020-11-20 16:25:34 --> Config Class Initialized
INFO - 2020-11-20 16:25:34 --> Hooks Class Initialized
INFO - 2020-11-20 16:25:34 --> Utf8 Class Initialized
INFO - 2020-11-20 16:25:34 --> URI Class Initialized
INFO - 2020-11-20 16:25:34 --> Router Class Initialized
INFO - 2020-11-20 16:25:34 --> Output Class Initialized
INFO - 2020-11-20 16:25:34 --> Security Class Initialized
INFO - 2020-11-20 16:25:34 --> Input Class Initialized
INFO - 2020-11-20 16:25:34 --> Language Class Initialized
INFO - 2020-11-20 16:25:34 --> Loader Class Initialized
INFO - 2020-11-20 16:25:34 --> Helper loaded: url_helper
INFO - 2020-11-20 16:25:34 --> Helper loaded: file_helper
INFO - 2020-11-20 16:25:34 --> Helper loaded: security_helper
INFO - 2020-11-20 16:25:34 --> Helper loaded: login_helper
INFO - 2020-11-20 16:25:34 --> Database Driver Class Initialized
INFO - 2020-11-20 16:25:34 --> Email Class Initialized
INFO - 2020-11-20 16:25:34 --> Session: Class initialized using 'files' driver.
INFO - 2020-11-20 16:25:34 --> Helper loaded: form_helper
INFO - 2020-11-20 16:25:34 --> Form Validation Class Initialized
INFO - 2020-11-20 16:25:34 --> Controller Class Initialized
INFO - 2020-11-20 16:25:34 --> Model "Menu_model" initialized
INFO - 2020-11-20 16:25:34 --> Config Class Initialized
INFO - 2020-11-20 16:25:34 --> Hooks Class Initialized
INFO - 2020-11-20 16:25:34 --> Utf8 Class Initialized
INFO - 2020-11-20 16:25:34 --> URI Class Initialized
INFO - 2020-11-20 16:25:34 --> Router Class Initialized
INFO - 2020-11-20 16:25:34 --> Output Class Initialized
INFO - 2020-11-20 16:25:34 --> Security Class Initialized
INFO - 2020-11-20 16:25:34 --> Input Class Initialized
INFO - 2020-11-20 16:25:34 --> Language Class Initialized
INFO - 2020-11-20 16:25:34 --> Loader Class Initialized
INFO - 2020-11-20 16:25:34 --> Helper loaded: url_helper
INFO - 2020-11-20 16:25:34 --> Helper loaded: file_helper
INFO - 2020-11-20 16:25:34 --> Helper loaded: security_helper
INFO - 2020-11-20 16:25:34 --> Helper loaded: login_helper
INFO - 2020-11-20 16:25:34 --> Database Driver Class Initialized
INFO - 2020-11-20 16:25:34 --> Email Class Initialized
INFO - 2020-11-20 16:25:34 --> Session: Class initialized using 'files' driver.
INFO - 2020-11-20 16:25:34 --> Helper loaded: form_helper
INFO - 2020-11-20 16:25:34 --> Form Validation Class Initialized
INFO - 2020-11-20 16:25:34 --> Controller Class Initialized
INFO - 2020-11-20 16:25:34 --> Model "Alamat_model" initialized
INFO - 2020-11-20 16:25:34 --> Model "Menu_model" initialized
INFO - 2020-11-20 16:25:34 --> File loaded: /home/u463870951/domains/freshcreativebook.com/public_html/application/views/templates/header.php
INFO - 2020-11-20 16:25:34 --> File loaded: /home/u463870951/domains/freshcreativebook.com/public_html/application/views/templates/topbar.php
INFO - 2020-11-20 16:25:34 --> File loaded: /home/u463870951/domains/freshcreativebook.com/public_html/application/views/user/index.php
INFO - 2020-11-20 16:25:34 --> File loaded: /home/u463870951/domains/freshcreativebook.com/public_html/application/views/templates/footer.php
INFO - 2020-11-20 16:25:34 --> Final output sent to browser
INFO - 2020-11-20 16:25:35 --> Config Class Initialized
INFO - 2020-11-20 16:25:35 --> Hooks Class Initialized
INFO - 2020-11-20 16:25:35 --> Utf8 Class Initialized
INFO - 2020-11-20 16:25:35 --> URI Class Initialized
INFO - 2020-11-20 16:25:35 --> Router Class Initialized
INFO - 2020-11-20 16:25:35 --> Output Class Initialized
INFO - 2020-11-20 16:25:35 --> Security Class Initialized
INFO - 2020-11-20 16:25:35 --> Input Class Initialized
INFO - 2020-11-20 16:25:35 --> Language Class Initialized
ERROR - 2020-11-20 16:25:35 --> 404 Page Not Found: Assets/free
INFO - 2020-11-20 16:25:36 --> Config Class Initialized
INFO - 2020-11-20 16:25:36 --> Hooks Class Initialized
INFO - 2020-11-20 16:25:36 --> Utf8 Class Initialized
INFO - 2020-11-20 16:25:36 --> URI Class Initialized
INFO - 2020-11-20 16:25:36 --> Router Class Initialized
INFO - 2020-11-20 16:25:36 --> Output Class Initialized
INFO - 2020-11-20 16:25:36 --> Security Class Initialized
INFO - 2020-11-20 16:25:36 --> Input Class Initialized
INFO - 2020-11-20 16:25:36 --> Language Class Initialized
ERROR - 2020-11-20 16:25:36 --> 404 Page Not Found: Assets/free
INFO - 2020-11-20 16:25:36 --> Config Class Initialized
INFO - 2020-11-20 16:25:36 --> Hooks Class Initialized
INFO - 2020-11-20 16:25:36 --> Utf8 Class Initialized
INFO - 2020-11-20 16:25:36 --> URI Class Initialized
INFO - 2020-11-20 16:25:36 --> Router Class Initialized
INFO - 2020-11-20 16:25:36 --> Output Class Initialized
INFO - 2020-11-20 16:25:36 --> Security Class Initialized
INFO - 2020-11-20 16:25:36 --> Input Class Initialized
INFO - 2020-11-20 16:25:36 --> Language Class Initialized
ERROR - 2020-11-20 16:25:36 --> 404 Page Not Found: Assets/free
INFO - 2020-11-20 17:10:10 --> Config Class Initialized
INFO - 2020-11-20 17:10:10 --> Hooks Class Initialized
INFO - 2020-11-20 17:10:10 --> Utf8 Class Initialized
INFO - 2020-11-20 17:10:10 --> URI Class Initialized
INFO - 2020-11-20 17:10:10 --> Router Class Initialized
INFO - 2020-11-20 17:10:10 --> Output Class Initialized
INFO - 2020-11-20 17:10:10 --> Security Class Initialized
INFO - 2020-11-20 17:10:10 --> Input Class Initialized
INFO - 2020-11-20 17:10:10 --> Language Class Initialized
INFO - 2020-11-20 17:10:10 --> Loader Class Initialized
INFO - 2020-11-20 17:10:10 --> Helper loaded: url_helper
INFO - 2020-11-20 17:10:10 --> Helper loaded: file_helper
INFO - 2020-11-20 17:10:10 --> Helper loaded: security_helper
INFO - 2020-11-20 17:10:10 --> Helper loaded: login_helper
INFO - 2020-11-20 17:10:10 --> Database Driver Class Initialized
INFO - 2020-11-20 17:10:10 --> Email Class Initialized
INFO - 2020-11-20 17:10:10 --> Session: Class initialized using 'files' driver.
INFO - 2020-11-20 17:10:10 --> Helper loaded: form_helper
INFO - 2020-11-20 17:10:10 --> Form Validation Class Initialized
INFO - 2020-11-20 17:10:10 --> Controller Class Initialized
INFO - 2020-11-20 17:10:10 --> Model "Menu_model" initialized
INFO - 2020-11-20 17:10:10 --> Model "Alamat_model" initialized
INFO - 2020-11-20 17:10:10 --> File loaded: /home/u463870951/domains/freshcreativebook.com/public_html/application/views/welcome/index.php
INFO - 2020-11-20 17:10:10 --> Final output sent to browser
INFO - 2020-11-20 20:12:54 --> Config Class Initialized
INFO - 2020-11-20 20:12:54 --> Hooks Class Initialized
INFO - 2020-11-20 20:12:54 --> Utf8 Class Initialized
INFO - 2020-11-20 20:12:54 --> URI Class Initialized
INFO - 2020-11-20 20:12:54 --> Router Class Initialized
INFO - 2020-11-20 20:12:54 --> Output Class Initialized
INFO - 2020-11-20 20:12:54 --> Security Class Initialized
INFO - 2020-11-20 20:12:54 --> Input Class Initialized
INFO - 2020-11-20 20:12:54 --> Language Class Initialized
INFO - 2020-11-20 20:12:54 --> Loader Class Initialized
INFO - 2020-11-20 20:12:54 --> Helper loaded: url_helper
INFO - 2020-11-20 20:12:54 --> Helper loaded: file_helper
INFO - 2020-11-20 20:12:54 --> Helper loaded: security_helper
INFO - 2020-11-20 20:12:54 --> Helper loaded: login_helper
INFO - 2020-11-20 20:12:54 --> Database Driver Class Initialized
INFO - 2020-11-20 20:12:54 --> Email Class Initialized
INFO - 2020-11-20 20:12:54 --> Session: Class initialized using 'files' driver.
INFO - 2020-11-20 20:12:54 --> Helper loaded: form_helper
INFO - 2020-11-20 20:12:54 --> Form Validation Class Initialized
INFO - 2020-11-20 20:12:54 --> Controller Class Initialized
INFO - 2020-11-20 20:12:54 --> Model "Menu_model" initialized
INFO - 2020-11-20 20:12:54 --> Model "Alamat_model" initialized
INFO - 2020-11-20 20:12:54 --> File loaded: /home/u463870951/domains/freshcreativebook.com/public_html/application/views/welcome/index.php
INFO - 2020-11-20 20:12:54 --> Final output sent to browser
INFO - 2020-11-20 21:29:20 --> Config Class Initialized
INFO - 2020-11-20 21:29:20 --> Hooks Class Initialized
INFO - 2020-11-20 21:29:20 --> Utf8 Class Initialized
INFO - 2020-11-20 21:29:20 --> URI Class Initialized
INFO - 2020-11-20 21:29:20 --> Router Class Initialized
INFO - 2020-11-20 21:29:20 --> Output Class Initialized
INFO - 2020-11-20 21:29:20 --> Security Class Initialized
INFO - 2020-11-20 21:29:20 --> Input Class Initialized
INFO - 2020-11-20 21:29:20 --> Language Class Initialized
INFO - 2020-11-20 21:29:20 --> Loader Class Initialized
INFO - 2020-11-20 21:29:20 --> Helper loaded: url_helper
INFO - 2020-11-20 21:29:20 --> Helper loaded: file_helper
INFO - 2020-11-20 21:29:20 --> Helper loaded: security_helper
INFO - 2020-11-20 21:29:20 --> Helper loaded: login_helper
INFO - 2020-11-20 21:29:20 --> Database Driver Class Initialized
INFO - 2020-11-20 21:29:20 --> Email Class Initialized
INFO - 2020-11-20 21:29:20 --> Session: Class initialized using 'files' driver.
INFO - 2020-11-20 21:29:21 --> Helper loaded: form_helper
INFO - 2020-11-20 21:29:21 --> Form Validation Class Initialized
INFO - 2020-11-20 21:29:21 --> Controller Class Initialized
INFO - 2020-11-20 21:29:21 --> Model "Menu_model" initialized
INFO - 2020-11-20 21:29:21 --> Model "Alamat_model" initialized
INFO - 2020-11-20 21:29:21 --> File loaded: /home/u463870951/domains/freshcreativebook.com/public_html/application/views/welcome/index.php
INFO - 2020-11-20 21:29:21 --> Final output sent to browser
INFO - 2020-11-20 22:03:56 --> Config Class Initialized
INFO - 2020-11-20 22:03:56 --> Hooks Class Initialized
INFO - 2020-11-20 22:03:56 --> Utf8 Class Initialized
INFO - 2020-11-20 22:03:56 --> URI Class Initialized
INFO - 2020-11-20 22:03:56 --> Router Class Initialized
INFO - 2020-11-20 22:03:56 --> Output Class Initialized
INFO - 2020-11-20 22:03:56 --> Security Class Initialized
INFO - 2020-11-20 22:03:56 --> Input Class Initialized
INFO - 2020-11-20 22:03:56 --> Language Class Initialized
INFO - 2020-11-20 22:03:56 --> Loader Class Initialized
INFO - 2020-11-20 22:03:56 --> Helper loaded: url_helper
INFO - 2020-11-20 22:03:56 --> Helper loaded: file_helper
INFO - 2020-11-20 22:03:56 --> Helper loaded: security_helper
INFO - 2020-11-20 22:03:56 --> Helper loaded: login_helper
INFO - 2020-11-20 22:03:56 --> Database Driver Class Initialized
INFO - 2020-11-20 22:03:56 --> Email Class Initialized
INFO - 2020-11-20 22:03:56 --> Session: Class initialized using 'files' driver.
INFO - 2020-11-20 22:03:56 --> Helper loaded: form_helper
INFO - 2020-11-20 22:03:56 --> Form Validation Class Initialized
INFO - 2020-11-20 22:03:56 --> Controller Class Initialized
INFO - 2020-11-20 22:03:56 --> Model "Menu_model" initialized
INFO - 2020-11-20 22:03:56 --> Model "Alamat_model" initialized
INFO - 2020-11-20 22:03:56 --> File loaded: /home/u463870951/domains/freshcreativebook.com/public_html/application/views/welcome/index.php
INFO - 2020-11-20 22:03:56 --> Final output sent to browser
INFO - 2020-11-20 22:03:58 --> Config Class Initialized
INFO - 2020-11-20 22:03:58 --> Hooks Class Initialized
INFO - 2020-11-20 22:03:58 --> Utf8 Class Initialized
INFO - 2020-11-20 22:03:58 --> URI Class Initialized
INFO - 2020-11-20 22:03:58 --> Router Class Initialized
INFO - 2020-11-20 22:03:58 --> Output Class Initialized
INFO - 2020-11-20 22:03:58 --> Security Class Initialized
INFO - 2020-11-20 22:03:58 --> Input Class Initialized
INFO - 2020-11-20 22:03:58 --> Language Class Initialized
INFO - 2020-11-20 22:03:58 --> Loader Class Initialized
INFO - 2020-11-20 22:03:58 --> Helper loaded: url_helper
INFO - 2020-11-20 22:03:58 --> Helper loaded: file_helper
INFO - 2020-11-20 22:03:58 --> Helper loaded: security_helper
INFO - 2020-11-20 22:03:58 --> Helper loaded: login_helper
INFO - 2020-11-20 22:03:58 --> Database Driver Class Initialized
INFO - 2020-11-20 22:03:58 --> Email Class Initialized
INFO - 2020-11-20 22:03:58 --> Session: Class initialized using 'files' driver.
INFO - 2020-11-20 22:03:58 --> Helper loaded: form_helper
INFO - 2020-11-20 22:03:58 --> Form Validation Class Initialized
INFO - 2020-11-20 22:03:58 --> Controller Class Initialized
INFO - 2020-11-20 22:03:58 --> Model "Menu_model" initialized
INFO - 2020-11-20 22:03:58 --> Model "Alamat_model" initialized
INFO - 2020-11-20 22:03:58 --> File loaded: /home/u463870951/domains/freshcreativebook.com/public_html/application/views/welcome/index.php
INFO - 2020-11-20 22:03:58 --> Final output sent to browser
